#! /c/Source/iverilog-install/bin/vvp
:ivl_version "12.0 (devel)" "(s20150603-1539-g2693dd32b)";
:ivl_delay_selection "TYPICAL";
:vpi_time_precision - 12;
:vpi_module "C:\Users\iverilog\lib\ivl\system.vpi";
:vpi_module "C:\Users\iverilog\lib\ivl\vhdl_sys.vpi";
:vpi_module "C:\Users\iverilog\lib\ivl\vhdl_textio.vpi";
:vpi_module "C:\Users\iverilog\lib\ivl\v2005_math.vpi";
:vpi_module "C:\Users\iverilog\lib\ivl\va_math.vpi";
S_0000022033204670 .scope module, "cla_add1bit" "cla_add1bit" 2 107;
 .timescale 0 0;
    .port_info 0 /INPUT 1 "in0";
    .port_info 1 /INPUT 1 "in1";
    .port_info 2 /INPUT 1 "cin";
    .port_info 3 /OUTPUT 1 "sum";
    .port_info 4 /OUTPUT 1 "p";
    .port_info 5 /OUTPUT 1 "g";
    .port_info 6 /OUTPUT 1 "cout";
o00000220332c0148 .functor BUFZ 1, C4<z>; HiZ drive
o00000220332c0178 .functor BUFZ 1, C4<z>; HiZ drive
L_00000220332a7b90 .functor XOR 1, o00000220332c0148, o00000220332c0178, C4<0>, C4<0>;
L_00000220332a7ff0 .functor AND 1, o00000220332c0148, o00000220332c0178, C4<1>, C4<1>;
o00000220332c00b8 .functor BUFZ 1, C4<z>; HiZ drive
L_00000220332a7880 .functor XOR 1, L_00000220332a7b90, o00000220332c00b8, C4<0>, C4<0>;
L_00000220332a7500 .functor AND 1, L_00000220332a7b90, o00000220332c00b8, C4<1>, C4<1>;
L_00000220332a8290 .functor OR 1, L_00000220332a7ff0, L_00000220332a7500, C4<0>, C4<0>;
v00000220332a08b0_0 .net *"_ivl_6", 0 0, L_00000220332a7500;  1 drivers
v000002203329fcd0_0 .net "cin", 0 0, o00000220332c00b8;  0 drivers
v000002203329f9b0_0 .net "cout", 0 0, L_00000220332a8290;  1 drivers
v000002203329fff0_0 .net "g", 0 0, L_00000220332a7ff0;  1 drivers
v000002203329feb0_0 .net "in0", 0 0, o00000220332c0148;  0 drivers
v00000220332a10d0_0 .net "in1", 0 0, o00000220332c0178;  0 drivers
v00000220332a0950_0 .net "p", 0 0, L_00000220332a7b90;  1 drivers
v00000220332a1170_0 .net "sum", 0 0, L_00000220332a7880;  1 drivers
S_00000220332ac3f0 .scope module, "tb_cla_add" "tb_cla_add" 3 3;
 .timescale -9 -12;
v000002203331ae70_0 .var "cin", 0 0;
v000002203331b050_0 .net "cout", 0 0, L_0000022033319d90;  1 drivers
v000002203331a650_0 .var "in0", 15 0;
v0000022033318b70_0 .var "in1", 15 0;
v0000022033319570_0 .net "sum", 15 0, L_0000022033339f90;  1 drivers
S_000002203320df20 .scope module, "uut" "cla_add" 3 10, 2 1 0, S_00000220332ac3f0;
 .timescale 0 0;
    .port_info 0 /INPUT 16 "in0";
    .port_info 1 /INPUT 16 "in1";
    .port_info 2 /INPUT 1 "cin";
    .port_info 3 /OUTPUT 16 "sum";
    .port_info 4 /OUTPUT 1 "p_final";
    .port_info 5 /OUTPUT 1 "g_final";
    .port_info 6 /OUTPUT 1 "cout";
L_00000220332a7b20 .functor BUFZ 1, v000002203331ae70_0, C4<0>, C4<0>, C4<0>;
L_00000220332a77a0 .functor AND 1, L_000002203331a790, L_000002203331a290, C4<1>, C4<1>;
L_00000220332a7570 .functor OR 1, L_000002203331afb0, L_00000220332a77a0, C4<0>, C4<0>;
L_00000220332a8220 .functor AND 1, L_0000022033319110, L_0000022033318ad0, C4<1>, C4<1>;
L_00000220332a7490 .functor OR 1, L_000002203331a010, L_00000220332a8220, C4<0>, C4<0>;
L_00000220332a7c00 .functor AND 1, L_000002203331b0f0, L_00000220333191b0, C4<1>, C4<1>;
L_00000220332a7650 .functor AND 1, L_00000220332a7c00, L_000002203331a6f0, C4<1>, C4<1>;
L_00000220332a7d50 .functor OR 1, L_00000220332a7490, L_00000220332a7650, C4<0>, C4<0>;
L_00000220332a7960 .functor AND 1, L_0000022033319430, L_0000022033318df0, C4<1>, C4<1>;
L_00000220332a7dc0 .functor OR 1, L_0000022033318d50, L_00000220332a7960, C4<0>, C4<0>;
L_00000220332a78f0 .functor AND 1, L_000002203331a8d0, L_000002203331a3d0, C4<1>, C4<1>;
L_00000220332a7e30 .functor AND 1, L_00000220332a78f0, L_0000022033319e30, C4<1>, C4<1>;
L_00000220332a7ab0 .functor OR 1, L_00000220332a7dc0, L_00000220332a7e30, C4<0>, C4<0>;
L_0000022033320e00 .functor AND 1, L_0000022033319b10, L_000002203331a970, C4<1>, C4<1>;
L_0000022033320700 .functor AND 1, L_0000022033320e00, L_0000022033318fd0, C4<1>, C4<1>;
L_0000022033320850 .functor AND 1, L_0000022033320700, L_000002203331a150, C4<1>, C4<1>;
L_0000022033320fc0 .functor OR 1, L_00000220332a7ab0, L_0000022033320850, C4<0>, C4<0>;
L_0000022033320d90 .functor AND 1, L_0000022033338c20, L_0000022033319890, C4<1>, C4<1>;
L_0000022033320f50 .functor OR 1, L_0000022033338360, L_0000022033320d90, C4<0>, C4<0>;
L_0000022033338a60 .functor AND 1, L_000002203333ba70, L_000002203333af30, C4<1>, C4<1>;
L_0000022033338ad0 .functor AND 1, L_0000022033338a60, L_000002203333bbb0, C4<1>, C4<1>;
L_0000022033338c20 .functor AND 1, L_0000022033338ad0, L_000002203333a710, C4<1>, C4<1>;
L_0000022033339320 .functor AND 1, L_000002203333a530, L_000002203333b750, C4<1>, C4<1>;
L_0000022033339390 .functor OR 1, L_000002203333c010, L_0000022033339320, C4<0>, C4<0>;
L_0000022033338c90 .functor AND 1, L_000002203333bcf0, L_000002203333acb0, C4<1>, C4<1>;
L_0000022033338d00 .functor AND 1, L_0000022033338c90, L_000002203333be30, C4<1>, C4<1>;
L_0000022033337c60 .functor OR 1, L_0000022033339390, L_0000022033338d00, C4<0>, C4<0>;
L_0000022033338d70 .functor AND 1, L_000002203333a990, L_000002203333bed0, C4<1>, C4<1>;
L_0000022033337f70 .functor AND 1, L_0000022033338d70, L_000002203333bf70, C4<1>, C4<1>;
L_00000220333391d0 .functor AND 1, L_0000022033337f70, L_000002203333b2f0, C4<1>, C4<1>;
L_0000022033338360 .functor OR 1, L_0000022033337c60, L_00000220333391d0, C4<0>, C4<0>;
v000002203331df30_0 .net *"_ivl_11", 0 0, L_000002203331a290;  1 drivers
v000002203331dcb0_0 .net *"_ivl_12", 0 0, L_00000220332a77a0;  1 drivers
v00000220333164b0_0 .net *"_ivl_14", 0 0, L_00000220332a7570;  1 drivers
v0000022033317c70_0 .net *"_ivl_149", 0 0, L_000002203333ba70;  1 drivers
v0000022033318350_0 .net *"_ivl_151", 0 0, L_000002203333af30;  1 drivers
v0000022033316690_0 .net *"_ivl_152", 0 0, L_0000022033338a60;  1 drivers
v0000022033317d10_0 .net *"_ivl_155", 0 0, L_000002203333bbb0;  1 drivers
v0000022033317e50_0 .net *"_ivl_156", 0 0, L_0000022033338ad0;  1 drivers
v00000220333185d0_0 .net *"_ivl_159", 0 0, L_000002203333a710;  1 drivers
v0000022033318670_0 .net *"_ivl_163", 0 0, L_000002203333c010;  1 drivers
v0000022033318850_0 .net *"_ivl_165", 0 0, L_000002203333a530;  1 drivers
v0000022033317ef0_0 .net *"_ivl_167", 0 0, L_000002203333b750;  1 drivers
v0000022033318030_0 .net *"_ivl_168", 0 0, L_0000022033339320;  1 drivers
v0000022033318170_0 .net *"_ivl_170", 0 0, L_0000022033339390;  1 drivers
v00000220333180d0_0 .net *"_ivl_173", 0 0, L_000002203333bcf0;  1 drivers
v0000022033317f90_0 .net *"_ivl_175", 0 0, L_000002203333acb0;  1 drivers
v0000022033316910_0 .net *"_ivl_176", 0 0, L_0000022033338c90;  1 drivers
v0000022033316730_0 .net *"_ivl_179", 0 0, L_000002203333be30;  1 drivers
v0000022033316d70_0 .net *"_ivl_180", 0 0, L_0000022033338d00;  1 drivers
v0000022033317270_0 .net *"_ivl_182", 0 0, L_0000022033337c60;  1 drivers
v0000022033318210_0 .net *"_ivl_185", 0 0, L_000002203333a990;  1 drivers
v00000220333174f0_0 .net *"_ivl_187", 0 0, L_000002203333bed0;  1 drivers
v0000022033316550_0 .net *"_ivl_188", 0 0, L_0000022033338d70;  1 drivers
v0000022033317630_0 .net *"_ivl_19", 0 0, L_000002203331a010;  1 drivers
v0000022033318710_0 .net *"_ivl_191", 0 0, L_000002203333bf70;  1 drivers
v0000022033317db0_0 .net *"_ivl_192", 0 0, L_0000022033337f70;  1 drivers
v00000220333182b0_0 .net *"_ivl_195", 0 0, L_000002203333b2f0;  1 drivers
v00000220333183f0_0 .net *"_ivl_196", 0 0, L_00000220333391d0;  1 drivers
v0000022033317950_0 .net *"_ivl_21", 0 0, L_0000022033319110;  1 drivers
v00000220333187b0_0 .net *"_ivl_23", 0 0, L_0000022033318ad0;  1 drivers
v0000022033316f50_0 .net *"_ivl_24", 0 0, L_00000220332a8220;  1 drivers
v00000220333173b0_0 .net *"_ivl_26", 0 0, L_00000220332a7490;  1 drivers
v00000220333165f0_0 .net *"_ivl_29", 0 0, L_000002203331b0f0;  1 drivers
v0000022033318490_0 .net *"_ivl_3", 0 0, L_00000220332a7b20;  1 drivers
v0000022033318530_0 .net *"_ivl_31", 0 0, L_00000220333191b0;  1 drivers
v00000220333169b0_0 .net *"_ivl_32", 0 0, L_00000220332a7c00;  1 drivers
v00000220333188f0_0 .net *"_ivl_35", 0 0, L_000002203331a6f0;  1 drivers
v00000220333179f0_0 .net *"_ivl_36", 0 0, L_00000220332a7650;  1 drivers
v0000022033317310_0 .net *"_ivl_38", 0 0, L_00000220332a7d50;  1 drivers
v0000022033317bd0_0 .net *"_ivl_43", 0 0, L_0000022033318d50;  1 drivers
v0000022033316870_0 .net *"_ivl_45", 0 0, L_0000022033319430;  1 drivers
v00000220333167d0_0 .net *"_ivl_47", 0 0, L_0000022033318df0;  1 drivers
v0000022033316a50_0 .net *"_ivl_48", 0 0, L_00000220332a7960;  1 drivers
v00000220333176d0_0 .net *"_ivl_50", 0 0, L_00000220332a7dc0;  1 drivers
v0000022033317a90_0 .net *"_ivl_53", 0 0, L_000002203331a8d0;  1 drivers
v0000022033316190_0 .net *"_ivl_55", 0 0, L_000002203331a3d0;  1 drivers
v0000022033317090_0 .net *"_ivl_56", 0 0, L_00000220332a78f0;  1 drivers
v0000022033316230_0 .net *"_ivl_59", 0 0, L_0000022033319e30;  1 drivers
v00000220333162d0_0 .net *"_ivl_60", 0 0, L_00000220332a7e30;  1 drivers
v0000022033316af0_0 .net *"_ivl_62", 0 0, L_00000220332a7ab0;  1 drivers
v0000022033317b30_0 .net *"_ivl_65", 0 0, L_0000022033319b10;  1 drivers
v0000022033316b90_0 .net *"_ivl_67", 0 0, L_000002203331a970;  1 drivers
v0000022033317770_0 .net *"_ivl_68", 0 0, L_0000022033320e00;  1 drivers
v0000022033316e10_0 .net *"_ivl_7", 0 0, L_000002203331afb0;  1 drivers
v0000022033316370_0 .net *"_ivl_71", 0 0, L_0000022033318fd0;  1 drivers
v0000022033316410_0 .net *"_ivl_72", 0 0, L_0000022033320700;  1 drivers
v0000022033316eb0_0 .net *"_ivl_75", 0 0, L_000002203331a150;  1 drivers
v0000022033316c30_0 .net *"_ivl_76", 0 0, L_0000022033320850;  1 drivers
v0000022033316cd0_0 .net *"_ivl_78", 0 0, L_0000022033320fc0;  1 drivers
v0000022033316ff0_0 .net *"_ivl_84", 0 0, L_0000022033319890;  1 drivers
v0000022033317130_0 .net *"_ivl_85", 0 0, L_0000022033320d90;  1 drivers
v0000022033317810_0 .net *"_ivl_87", 0 0, L_0000022033320f50;  1 drivers
v00000220333171d0_0 .net *"_ivl_9", 0 0, L_000002203331a790;  1 drivers
RS_00000220332c64a8 .resolv tri, L_0000022033319c50, L_000002203332c9f0, L_0000022033326ff0, L_000002203332a510, L_000002203333a8f0;
v0000022033317450_0 .net8 "carryfinal", 4 0, RS_00000220332c64a8;  5 drivers
v0000022033317590_0 .net "cin", 0 0, v000002203331ae70_0;  1 drivers
v00000220333178b0_0 .net "cout", 0 0, L_0000022033319d90;  alias, 1 drivers
v000002203331aa10_0 .net "g", 3 0, L_000002203333b6b0;  1 drivers
v0000022033318cb0_0 .net "g_final", 0 0, L_0000022033338360;  1 drivers
v000002203331a330_0 .net "in0", 15 0, v000002203331a650_0;  1 drivers
v0000022033319cf0_0 .net "in1", 15 0, v0000022033318b70_0;  1 drivers
v000002203331ac90_0 .net "p", 3 0, L_000002203333a170;  1 drivers
v0000022033318e90_0 .net "p_final", 0 0, L_0000022033338c20;  1 drivers
v000002203331a830_0 .net "sum", 15 0, L_0000022033339f90;  alias, 1 drivers
L_000002203331afb0 .part L_000002203333b6b0, 0, 1;
L_000002203331a790 .part L_000002203333a170, 0, 1;
L_000002203331a290 .part RS_00000220332c64a8, 0, 1;
L_000002203331a010 .part L_000002203333b6b0, 1, 1;
L_0000022033319110 .part L_000002203333a170, 1, 1;
L_0000022033318ad0 .part L_000002203333b6b0, 0, 1;
L_000002203331b0f0 .part L_000002203333a170, 1, 1;
L_00000220333191b0 .part L_000002203333a170, 0, 1;
L_000002203331a6f0 .part RS_00000220332c64a8, 0, 1;
L_0000022033318d50 .part L_000002203333b6b0, 2, 1;
L_0000022033319430 .part L_000002203333a170, 2, 1;
L_0000022033318df0 .part L_000002203333b6b0, 1, 1;
L_000002203331a8d0 .part L_000002203333a170, 2, 1;
L_000002203331a3d0 .part L_000002203333a170, 1, 1;
L_0000022033319e30 .part L_000002203333b6b0, 0, 1;
L_0000022033319b10 .part L_000002203333a170, 2, 1;
L_000002203331a970 .part L_000002203333a170, 1, 1;
L_0000022033318fd0 .part L_000002203333a170, 0, 1;
L_000002203331a150 .part RS_00000220332c64a8, 0, 1;
LS_0000022033319c50_0_0 .concat8 [ 1 1 1 1], L_00000220332a7b20, L_00000220332a7570, L_00000220332a7d50, L_0000022033320fc0;
LS_0000022033319c50_0_4 .concat8 [ 1 0 0 0], L_0000022033320f50;
L_0000022033319c50 .concat8 [ 4 1 0 0], LS_0000022033319c50_0_0, LS_0000022033319c50_0_4;
L_0000022033319890 .part RS_00000220332c64a8, 0, 1;
L_0000022033319d90 .part RS_00000220332c64a8, 4, 1;
L_000002203332d2b0 .part v000002203331a650_0, 0, 4;
L_000002203332cb30 .part v0000022033318b70_0, 0, 4;
L_000002203332c9f0 .part/pv L_000002203332f3b0, 1, 1, 5;
L_0000022033327b30 .part v000002203331a650_0, 4, 4;
L_0000022033326f50 .part v0000022033318b70_0, 4, 4;
L_0000022033326730 .part RS_00000220332c64a8, 1, 1;
L_0000022033326ff0 .part/pv L_0000022033331620, 2, 1, 5;
L_000002203332a8d0 .part v000002203331a650_0, 8, 4;
L_0000022033328e90 .part v0000022033318b70_0, 8, 4;
L_000002203332b230 .part RS_00000220332c64a8, 2, 1;
L_000002203332a510 .part/pv L_0000022033331ee0, 3, 1, 5;
L_000002203333b4d0 .part v000002203331a650_0, 12, 4;
L_000002203333a490 .part v0000022033318b70_0, 12, 4;
L_0000022033339db0 .part RS_00000220332c64a8, 3, 1;
L_0000022033339f90 .concat8 [ 4 4 4 4], L_000002203332c8b0, L_0000022033326eb0, L_0000022033329570, L_000002203333bb10;
L_000002203333a170 .concat8 [ 1 1 1 1], L_000002203332f5e0, L_0000022033330580, L_0000022033330cf0, L_0000022033338590;
L_000002203333b6b0 .concat8 [ 1 1 1 1], L_000002203332ef50, L_0000022033331bd0, L_0000022033331e00, L_00000220333381a0;
L_000002203333a8f0 .part/pv L_0000022033339160, 4, 1, 5;
L_000002203333ba70 .part L_000002203333a170, 3, 1;
L_000002203333af30 .part L_000002203333a170, 2, 1;
L_000002203333bbb0 .part L_000002203333a170, 1, 1;
L_000002203333a710 .part L_000002203333a170, 0, 1;
L_000002203333c010 .part L_000002203333b6b0, 3, 1;
L_000002203333a530 .part L_000002203333a170, 3, 1;
L_000002203333b750 .part L_000002203333b6b0, 2, 1;
L_000002203333bcf0 .part L_000002203333a170, 3, 1;
L_000002203333acb0 .part L_000002203333a170, 2, 1;
L_000002203333be30 .part L_000002203333b6b0, 1, 1;
L_000002203333a990 .part L_000002203333a170, 3, 1;
L_000002203333bed0 .part L_000002203333a170, 2, 1;
L_000002203333bf70 .part L_000002203333a170, 1, 1;
L_000002203333b2f0 .part L_000002203333b6b0, 0, 1;
S_000002203320e0b0 .scope module, "block0" "cla_add4bit" 2 23, 2 68 0, S_000002203320df20;
 .timescale 0 0;
    .port_info 0 /INPUT 4 "in0";
    .port_info 1 /INPUT 4 "in1";
    .port_info 2 /INPUT 1 "cin";
    .port_info 3 /OUTPUT 4 "sum";
    .port_info 4 /OUTPUT 1 "p_grp";
    .port_info 5 /OUTPUT 1 "g_grp";
    .port_info 6 /OUTPUT 1 "cout";
L_0000022033321030 .functor XOR 1, L_000002203331ab50, L_000002203331a0b0, C4<0>, C4<0>;
L_00000220333205b0 .functor AND 1, L_00000220333194d0, L_0000022033319250, C4<1>, C4<1>;
L_00000220333208c0 .functor XOR 1, L_000002203331a470, L_0000022033319bb0, C4<0>, C4<0>;
L_00000220333210a0 .functor AND 1, L_000002203331abf0, L_0000022033318f30, C4<1>, C4<1>;
L_0000022033321110 .functor XOR 1, L_0000022033319ed0, L_0000022033319f70, C4<0>, C4<0>;
L_0000022033321180 .functor AND 1, L_000002203331a510, L_000002203331ad30, C4<1>, C4<1>;
L_0000022033320e70 .functor XOR 1, L_000002203331add0, L_00000220333192f0, C4<0>, C4<0>;
L_0000022033320930 .functor AND 1, L_000002203331af10, L_0000022033318990, C4<1>, C4<1>;
L_0000022033320bd0 .functor BUFZ 1, v000002203331ae70_0, C4<0>, C4<0>, C4<0>;
L_00000220333211f0 .functor AND 1, L_00000220333199d0, L_0000022033318a30, C4<1>, C4<1>;
L_00000220333213b0 .functor OR 1, L_0000022033318c10, L_00000220333211f0, C4<0>, C4<0>;
L_0000022033320620 .functor AND 1, L_000002203331a5b0, L_0000022033319610, C4<1>, C4<1>;
L_00000220333212d0 .functor OR 1, L_0000022033319390, L_0000022033320620, C4<0>, C4<0>;
L_0000022033321260 .functor AND 1, L_00000220333196b0, L_0000022033319750, C4<1>, C4<1>;
L_0000022033320a80 .functor AND 1, L_0000022033321260, L_00000220333197f0, C4<1>, C4<1>;
L_0000022033320690 .functor OR 1, L_00000220333212d0, L_0000022033320a80, C4<0>, C4<0>;
L_0000022033320ee0 .functor AND 1, L_000002203332baf0, L_000002203332cc70, C4<1>, C4<1>;
L_0000022033320af0 .functor OR 1, L_0000022033319a70, L_0000022033320ee0, C4<0>, C4<0>;
L_0000022033321340 .functor AND 1, L_000002203332b910, L_000002203332dcb0, C4<1>, C4<1>;
L_0000022033321420 .functor AND 1, L_0000022033321340, L_000002203332dd50, C4<1>, C4<1>;
L_0000022033321490 .functor OR 1, L_0000022033320af0, L_0000022033321420, C4<0>, C4<0>;
L_0000022033320b60 .functor AND 1, L_000002203332c3b0, L_000002203332bb90, C4<1>, C4<1>;
L_0000022033320770 .functor AND 1, L_0000022033320b60, L_000002203332d490, C4<1>, C4<1>;
L_00000220333207e0 .functor AND 1, L_0000022033320770, L_000002203332d210, C4<1>, C4<1>;
L_00000220333209a0 .functor OR 1, L_0000022033321490, L_00000220333207e0, C4<0>, C4<0>;
L_0000022033320c40 .functor XOR 1, L_000002203332c810, L_000002203332bf50, C4<0>, C4<0>;
L_0000022033320a10 .functor XOR 1, L_000002203332bd70, L_000002203332c090, C4<0>, C4<0>;
L_0000022033320cb0 .functor XOR 1, L_000002203332d350, L_000002203332b9b0, C4<0>, C4<0>;
L_0000022033320d20 .functor XOR 1, L_000002203332ba50, L_000002203332bc30, C4<0>, C4<0>;
L_00000220332a7a40 .functor AND 1, L_000002203332cf90, L_000002203332c1d0, C4<1>, C4<1>;
L_000002203332fc00 .functor AND 1, L_00000220332a7a40, L_000002203332cd10, C4<1>, C4<1>;
L_000002203332f5e0 .functor AND 1, L_000002203332fc00, L_000002203332d3f0, C4<1>, C4<1>;
L_000002203332ed90 .functor AND 1, L_000002203332beb0, L_000002203332b730, C4<1>, C4<1>;
L_000002203332fc70 .functor OR 1, L_000002203332ca90, L_000002203332ed90, C4<0>, C4<0>;
L_000002203332ee00 .functor AND 1, L_000002203332dad0, L_000002203332bcd0, C4<1>, C4<1>;
L_000002203332f0a0 .functor AND 1, L_000002203332ee00, L_000002203332c950, C4<1>, C4<1>;
L_000002203332f7a0 .functor OR 1, L_000002203332fc70, L_000002203332f0a0, C4<0>, C4<0>;
L_000002203332f650 .functor AND 1, L_000002203332be10, L_000002203332da30, C4<1>, C4<1>;
L_000002203332f9d0 .functor AND 1, L_000002203332f650, L_000002203332d530, C4<1>, C4<1>;
L_000002203332f110 .functor AND 1, L_000002203332f9d0, L_000002203332d850, C4<1>, C4<1>;
L_000002203332ef50 .functor OR 1, L_000002203332f7a0, L_000002203332f110, C4<0>, C4<0>;
L_000002203332f180 .functor AND 1, L_000002203332f5e0, v000002203331ae70_0, C4<1>, C4<1>;
L_000002203332f3b0 .functor OR 1, L_000002203332ef50, L_000002203332f180, C4<0>, C4<0>;
v00000220332a1ad0_0 .net *"_ivl_101", 0 0, L_00000220333197f0;  1 drivers
v00000220332a0d10_0 .net *"_ivl_102", 0 0, L_0000022033320a80;  1 drivers
v00000220332a1850_0 .net *"_ivl_104", 0 0, L_0000022033320690;  1 drivers
v00000220332a13f0_0 .net *"_ivl_11", 0 0, L_00000220333194d0;  1 drivers
v000002203329ff50_0 .net *"_ivl_110", 0 0, L_0000022033319a70;  1 drivers
v00000220332a0a90_0 .net *"_ivl_112", 0 0, L_000002203332baf0;  1 drivers
v00000220332a0b30_0 .net *"_ivl_114", 0 0, L_000002203332cc70;  1 drivers
v00000220332a1b70_0 .net *"_ivl_115", 0 0, L_0000022033320ee0;  1 drivers
v00000220332a0310_0 .net *"_ivl_117", 0 0, L_0000022033320af0;  1 drivers
v00000220332a0c70_0 .net *"_ivl_120", 0 0, L_000002203332b910;  1 drivers
v00000220332a04f0_0 .net *"_ivl_122", 0 0, L_000002203332dcb0;  1 drivers
v00000220332a0e50_0 .net *"_ivl_123", 0 0, L_0000022033321340;  1 drivers
v000002203329faf0_0 .net *"_ivl_126", 0 0, L_000002203332dd50;  1 drivers
v000002203329fa50_0 .net *"_ivl_127", 0 0, L_0000022033321420;  1 drivers
v000002203329fd70_0 .net *"_ivl_129", 0 0, L_0000022033321490;  1 drivers
v00000220332a0bd0_0 .net *"_ivl_13", 0 0, L_0000022033319250;  1 drivers
v00000220332a0db0_0 .net *"_ivl_132", 0 0, L_000002203332c3b0;  1 drivers
v00000220332a18f0_0 .net *"_ivl_134", 0 0, L_000002203332bb90;  1 drivers
v00000220332a03b0_0 .net *"_ivl_135", 0 0, L_0000022033320b60;  1 drivers
v00000220332a1490_0 .net *"_ivl_138", 0 0, L_000002203332d490;  1 drivers
v000002203329f4b0_0 .net *"_ivl_139", 0 0, L_0000022033320770;  1 drivers
v000002203329fe10_0 .net *"_ivl_14", 0 0, L_00000220333205b0;  1 drivers
v00000220332a0ef0_0 .net *"_ivl_142", 0 0, L_000002203332d210;  1 drivers
v000002203329f7d0_0 .net *"_ivl_143", 0 0, L_00000220333207e0;  1 drivers
v00000220332a0f90_0 .net *"_ivl_145", 0 0, L_00000220333209a0;  1 drivers
v00000220332a1670_0 .net *"_ivl_150", 0 0, L_000002203332c810;  1 drivers
v00000220332a1210_0 .net *"_ivl_152", 0 0, L_000002203332bf50;  1 drivers
v000002203329f5f0_0 .net *"_ivl_153", 0 0, L_0000022033320c40;  1 drivers
v00000220332a0770_0 .net *"_ivl_158", 0 0, L_000002203332bd70;  1 drivers
v00000220332a12b0_0 .net *"_ivl_160", 0 0, L_000002203332c090;  1 drivers
v00000220332a1350_0 .net *"_ivl_161", 0 0, L_0000022033320a10;  1 drivers
v00000220332a0090_0 .net *"_ivl_166", 0 0, L_000002203332d350;  1 drivers
v00000220332a1710_0 .net *"_ivl_168", 0 0, L_000002203332b9b0;  1 drivers
v000002203329f550_0 .net *"_ivl_169", 0 0, L_0000022033320cb0;  1 drivers
v00000220332a17b0_0 .net *"_ivl_175", 0 0, L_000002203332ba50;  1 drivers
v00000220332a0130_0 .net *"_ivl_177", 0 0, L_000002203332bc30;  1 drivers
v000002203329f690_0 .net *"_ivl_178", 0 0, L_0000022033320d20;  1 drivers
v000002203329f870_0 .net *"_ivl_181", 0 0, L_000002203332cf90;  1 drivers
v00000220332a1990_0 .net *"_ivl_183", 0 0, L_000002203332c1d0;  1 drivers
v00000220332a0590_0 .net *"_ivl_184", 0 0, L_00000220332a7a40;  1 drivers
v00000220332a0630_0 .net *"_ivl_187", 0 0, L_000002203332cd10;  1 drivers
v000002203329f910_0 .net *"_ivl_188", 0 0, L_000002203332fc00;  1 drivers
v0000022033247040_0 .net *"_ivl_19", 0 0, L_000002203331a470;  1 drivers
v0000022033247720_0 .net *"_ivl_191", 0 0, L_000002203332d3f0;  1 drivers
v0000022033247a40_0 .net *"_ivl_195", 0 0, L_000002203332ca90;  1 drivers
v0000022033263f40_0 .net *"_ivl_197", 0 0, L_000002203332beb0;  1 drivers
v0000022033262f00_0 .net *"_ivl_199", 0 0, L_000002203332b730;  1 drivers
v0000022033264580_0 .net *"_ivl_200", 0 0, L_000002203332ed90;  1 drivers
v000002203327d630_0 .net *"_ivl_202", 0 0, L_000002203332fc70;  1 drivers
v000002203327da90_0 .net *"_ivl_205", 0 0, L_000002203332dad0;  1 drivers
v000002203327de50_0 .net *"_ivl_207", 0 0, L_000002203332bcd0;  1 drivers
v0000022033309330_0 .net *"_ivl_208", 0 0, L_000002203332ee00;  1 drivers
v0000022033309790_0 .net *"_ivl_21", 0 0, L_0000022033319bb0;  1 drivers
v000002203330b270_0 .net *"_ivl_211", 0 0, L_000002203332c950;  1 drivers
v000002203330acd0_0 .net *"_ivl_212", 0 0, L_000002203332f0a0;  1 drivers
v000002203330b590_0 .net *"_ivl_214", 0 0, L_000002203332f7a0;  1 drivers
v000002203330a730_0 .net *"_ivl_217", 0 0, L_000002203332be10;  1 drivers
v000002203330b1d0_0 .net *"_ivl_219", 0 0, L_000002203332da30;  1 drivers
v0000022033309470_0 .net *"_ivl_22", 0 0, L_00000220333208c0;  1 drivers
v000002203330a690_0 .net *"_ivl_220", 0 0, L_000002203332f650;  1 drivers
v0000022033309970_0 .net *"_ivl_223", 0 0, L_000002203332d530;  1 drivers
v000002203330a050_0 .net *"_ivl_224", 0 0, L_000002203332f9d0;  1 drivers
v0000022033309d30_0 .net *"_ivl_227", 0 0, L_000002203332d850;  1 drivers
v000002203330a7d0_0 .net *"_ivl_228", 0 0, L_000002203332f110;  1 drivers
v000002203330a870_0 .net *"_ivl_232", 0 0, L_000002203332f180;  1 drivers
v000002203330a2d0_0 .net *"_ivl_27", 0 0, L_000002203331abf0;  1 drivers
v0000022033309ab0_0 .net *"_ivl_29", 0 0, L_0000022033318f30;  1 drivers
v0000022033309f10_0 .net *"_ivl_3", 0 0, L_000002203331ab50;  1 drivers
v000002203330ae10_0 .net *"_ivl_30", 0 0, L_00000220333210a0;  1 drivers
v000002203330aff0_0 .net *"_ivl_35", 0 0, L_0000022033319ed0;  1 drivers
v000002203330b130_0 .net *"_ivl_37", 0 0, L_0000022033319f70;  1 drivers
v0000022033309dd0_0 .net *"_ivl_38", 0 0, L_0000022033321110;  1 drivers
v000002203330af50_0 .net *"_ivl_43", 0 0, L_000002203331a510;  1 drivers
v000002203330aeb0_0 .net *"_ivl_45", 0 0, L_000002203331ad30;  1 drivers
v000002203330a190_0 .net *"_ivl_46", 0 0, L_0000022033321180;  1 drivers
v000002203330b770_0 .net *"_ivl_5", 0 0, L_000002203331a0b0;  1 drivers
v000002203330b090_0 .net *"_ivl_52", 0 0, L_000002203331add0;  1 drivers
v000002203330b8b0_0 .net *"_ivl_54", 0 0, L_00000220333192f0;  1 drivers
v0000022033309510_0 .net *"_ivl_55", 0 0, L_0000022033320e70;  1 drivers
v0000022033309a10_0 .net *"_ivl_6", 0 0, L_0000022033321030;  1 drivers
v000002203330b4f0_0 .net *"_ivl_61", 0 0, L_000002203331af10;  1 drivers
v000002203330ad70_0 .net *"_ivl_63", 0 0, L_0000022033318990;  1 drivers
v0000022033309c90_0 .net *"_ivl_64", 0 0, L_0000022033320930;  1 drivers
v0000022033309e70_0 .net *"_ivl_69", 0 0, L_0000022033320bd0;  1 drivers
v000002203330b310_0 .net *"_ivl_73", 0 0, L_0000022033318c10;  1 drivers
v000002203330b810_0 .net *"_ivl_75", 0 0, L_00000220333199d0;  1 drivers
v000002203330ab90_0 .net *"_ivl_77", 0 0, L_0000022033318a30;  1 drivers
v000002203330b3b0_0 .net *"_ivl_78", 0 0, L_00000220333211f0;  1 drivers
v000002203330b450_0 .net *"_ivl_80", 0 0, L_00000220333213b0;  1 drivers
v000002203330a910_0 .net *"_ivl_85", 0 0, L_0000022033319390;  1 drivers
v000002203330b630_0 .net *"_ivl_87", 0 0, L_000002203331a5b0;  1 drivers
v000002203330a5f0_0 .net *"_ivl_89", 0 0, L_0000022033319610;  1 drivers
v000002203330a230_0 .net *"_ivl_90", 0 0, L_0000022033320620;  1 drivers
v000002203330ac30_0 .net *"_ivl_92", 0 0, L_00000220333212d0;  1 drivers
v000002203330a550_0 .net *"_ivl_95", 0 0, L_00000220333196b0;  1 drivers
v000002203330b6d0_0 .net *"_ivl_97", 0 0, L_0000022033319750;  1 drivers
v0000022033309150_0 .net *"_ivl_98", 0 0, L_0000022033321260;  1 drivers
v00000220333091f0_0 .net "carry", 3 0, L_0000022033319930;  1 drivers
v0000022033309290_0 .net "cin", 0 0, v000002203331ae70_0;  alias, 1 drivers
v00000220333093d0_0 .net "cout", 0 0, L_000002203332f3b0;  1 drivers
v00000220333096f0_0 .net "g", 3 0, L_000002203331a1f0;  1 drivers
v0000022033309bf0_0 .net "g_grp", 0 0, L_000002203332ef50;  1 drivers
v000002203330a9b0_0 .net "in0", 3 0, L_000002203332d2b0;  1 drivers
v00000220333095b0_0 .net "in1", 3 0, L_000002203332cb30;  1 drivers
v0000022033309650_0 .net "p", 3 0, L_0000022033319070;  1 drivers
v0000022033309830_0 .net "p_grp", 0 0, L_000002203332f5e0;  1 drivers
v0000022033309b50_0 .net "sum", 3 0, L_000002203332c8b0;  1 drivers
L_000002203331ab50 .part L_000002203332d2b0, 0, 1;
L_000002203331a0b0 .part L_000002203332cb30, 0, 1;
L_00000220333194d0 .part L_000002203332d2b0, 0, 1;
L_0000022033319250 .part L_000002203332cb30, 0, 1;
L_000002203331a470 .part L_000002203332d2b0, 1, 1;
L_0000022033319bb0 .part L_000002203332cb30, 1, 1;
L_000002203331abf0 .part L_000002203332d2b0, 1, 1;
L_0000022033318f30 .part L_000002203332cb30, 1, 1;
L_0000022033319ed0 .part L_000002203332d2b0, 2, 1;
L_0000022033319f70 .part L_000002203332cb30, 2, 1;
L_000002203331a510 .part L_000002203332d2b0, 2, 1;
L_000002203331ad30 .part L_000002203332cb30, 2, 1;
L_0000022033319070 .concat8 [ 1 1 1 1], L_0000022033321030, L_00000220333208c0, L_0000022033321110, L_0000022033320e70;
L_000002203331add0 .part L_000002203332d2b0, 3, 1;
L_00000220333192f0 .part L_000002203332cb30, 3, 1;
L_000002203331a1f0 .concat8 [ 1 1 1 1], L_00000220333205b0, L_00000220333210a0, L_0000022033321180, L_0000022033320930;
L_000002203331af10 .part L_000002203332d2b0, 3, 1;
L_0000022033318990 .part L_000002203332cb30, 3, 1;
L_0000022033318c10 .part L_000002203331a1f0, 0, 1;
L_00000220333199d0 .part L_0000022033319070, 0, 1;
L_0000022033318a30 .part L_0000022033319930, 0, 1;
L_0000022033319390 .part L_000002203331a1f0, 1, 1;
L_000002203331a5b0 .part L_0000022033319070, 1, 1;
L_0000022033319610 .part L_000002203331a1f0, 0, 1;
L_00000220333196b0 .part L_0000022033319070, 1, 1;
L_0000022033319750 .part L_0000022033319070, 0, 1;
L_00000220333197f0 .part L_0000022033319930, 0, 1;
L_0000022033319930 .concat8 [ 1 1 1 1], L_0000022033320bd0, L_00000220333213b0, L_0000022033320690, L_00000220333209a0;
L_0000022033319a70 .part L_000002203331a1f0, 2, 1;
L_000002203332baf0 .part L_0000022033319070, 2, 1;
L_000002203332cc70 .part L_000002203331a1f0, 1, 1;
L_000002203332b910 .part L_0000022033319070, 2, 1;
L_000002203332dcb0 .part L_0000022033319070, 1, 1;
L_000002203332dd50 .part L_000002203331a1f0, 0, 1;
L_000002203332c3b0 .part L_0000022033319070, 2, 1;
L_000002203332bb90 .part L_0000022033319070, 1, 1;
L_000002203332d490 .part L_0000022033319070, 0, 1;
L_000002203332d210 .part L_0000022033319930, 0, 1;
L_000002203332c810 .part L_0000022033319070, 0, 1;
L_000002203332bf50 .part L_0000022033319930, 0, 1;
L_000002203332bd70 .part L_0000022033319070, 1, 1;
L_000002203332c090 .part L_0000022033319930, 1, 1;
L_000002203332d350 .part L_0000022033319070, 2, 1;
L_000002203332b9b0 .part L_0000022033319930, 2, 1;
L_000002203332c8b0 .concat8 [ 1 1 1 1], L_0000022033320c40, L_0000022033320a10, L_0000022033320cb0, L_0000022033320d20;
L_000002203332ba50 .part L_0000022033319070, 3, 1;
L_000002203332bc30 .part L_0000022033319930, 3, 1;
L_000002203332cf90 .part L_0000022033319070, 3, 1;
L_000002203332c1d0 .part L_0000022033319070, 2, 1;
L_000002203332cd10 .part L_0000022033319070, 1, 1;
L_000002203332d3f0 .part L_0000022033319070, 0, 1;
L_000002203332ca90 .part L_000002203331a1f0, 3, 1;
L_000002203332beb0 .part L_0000022033319070, 3, 1;
L_000002203332b730 .part L_000002203331a1f0, 2, 1;
L_000002203332dad0 .part L_0000022033319070, 3, 1;
L_000002203332bcd0 .part L_0000022033319070, 2, 1;
L_000002203332c950 .part L_000002203331a1f0, 1, 1;
L_000002203332be10 .part L_0000022033319070, 3, 1;
L_000002203332da30 .part L_0000022033319070, 2, 1;
L_000002203332d530 .part L_0000022033319070, 1, 1;
L_000002203332d850 .part L_000002203331a1f0, 0, 1;
S_0000022033219360 .scope module, "block1" "cla_add4bit" 2 33, 2 68 0, S_000002203320df20;
 .timescale 0 0;
    .port_info 0 /INPUT 4 "in0";
    .port_info 1 /INPUT 4 "in1";
    .port_info 2 /INPUT 1 "cin";
    .port_info 3 /OUTPUT 4 "sum";
    .port_info 4 /OUTPUT 1 "p_grp";
    .port_info 5 /OUTPUT 1 "g_grp";
    .port_info 6 /OUTPUT 1 "cout";
L_000002203332f6c0 .functor XOR 1, L_000002203332d7b0, L_000002203332bff0, C4<0>, C4<0>;
L_000002203332f420 .functor AND 1, L_000002203332c770, L_000002203332ce50, C4<1>, C4<1>;
L_000002203332f570 .functor XOR 1, L_000002203332cbd0, L_000002203332c630, C4<0>, C4<0>;
L_000002203332f730 .functor AND 1, L_000002203332d0d0, L_000002203332c270, C4<1>, C4<1>;
L_000002203332f810 .functor XOR 1, L_000002203332c130, L_000002203332c310, C4<0>, C4<0>;
L_000002203332eee0 .functor AND 1, L_000002203332cdb0, L_000002203332c450, C4<1>, C4<1>;
L_000002203332f1f0 .functor XOR 1, L_000002203332b5f0, L_000002203332c6d0, C4<0>, C4<0>;
L_000002203332f960 .functor AND 1, L_000002203332c4f0, L_000002203332c590, C4<1>, C4<1>;
L_000002203332efc0 .functor BUFZ 1, L_0000022033326730, C4<0>, C4<0>, C4<0>;
L_000002203332f490 .functor AND 1, L_000002203332d170, L_000002203332d670, C4<1>, C4<1>;
L_000002203332f880 .functor OR 1, L_000002203332d5d0, L_000002203332f490, C4<0>, C4<0>;
L_000002203332f8f0 .functor AND 1, L_000002203332dc10, L_000002203332d710, C4<1>, C4<1>;
L_000002203332fa40 .functor OR 1, L_000002203332d8f0, L_000002203332f8f0, C4<0>, C4<0>;
L_000002203332f500 .functor AND 1, L_000002203332b690, L_000002203332d990, C4<1>, C4<1>;
L_000002203332fab0 .functor AND 1, L_000002203332f500, L_000002203332db70, C4<1>, C4<1>;
L_000002203332fb20 .functor OR 1, L_000002203332fa40, L_000002203332fab0, C4<0>, C4<0>;
L_000002203332ee70 .functor AND 1, L_000002203332de90, L_000002203332ddf0, C4<1>, C4<1>;
L_000002203332f030 .functor OR 1, L_000002203332b870, L_000002203332ee70, C4<0>, C4<0>;
L_000002203332fb90 .functor AND 1, L_000002203332e110, L_000002203332dfd0, C4<1>, C4<1>;
L_000002203332f260 .functor AND 1, L_000002203332fb90, L_000002203332e250, C4<1>, C4<1>;
L_000002203332f2d0 .functor OR 1, L_000002203332f030, L_000002203332f260, C4<0>, C4<0>;
L_000002203332f340 .functor AND 1, L_000002203332df30, L_000002203332e070, C4<1>, C4<1>;
L_0000022033331a80 .functor AND 1, L_000002203332f340, L_000002203332e1b0, C4<1>, C4<1>;
L_0000022033331fc0 .functor AND 1, L_0000022033331a80, L_000002203332e430, C4<1>, C4<1>;
L_0000022033331310 .functor OR 1, L_000002203332f2d0, L_0000022033331fc0, C4<0>, C4<0>;
L_0000022033330eb0 .functor XOR 1, L_000002203332e4d0, L_000002203332e2f0, C4<0>, C4<0>;
L_0000022033330820 .functor XOR 1, L_000002203332e390, L_0000022033328850, C4<0>, C4<0>;
L_00000220333312a0 .functor XOR 1, L_0000022033328d50, L_00000220333274f0, C4<0>, C4<0>;
L_00000220333309e0 .functor XOR 1, L_00000220333278b0, L_0000022033327810, C4<0>, C4<0>;
L_0000022033331d90 .functor AND 1, L_0000022033328170, L_0000022033327c70, C4<1>, C4<1>;
L_0000022033331f50 .functor AND 1, L_0000022033331d90, L_0000022033327e50, C4<1>, C4<1>;
L_0000022033330580 .functor AND 1, L_0000022033331f50, L_0000022033327950, C4<1>, C4<1>;
L_0000022033330970 .functor AND 1, L_00000220333279f0, L_00000220333283f0, C4<1>, C4<1>;
L_0000022033331af0 .functor OR 1, L_0000022033328490, L_0000022033330970, C4<0>, C4<0>;
L_0000022033330510 .functor AND 1, L_0000022033327a90, L_00000220333282b0, C4<1>, C4<1>;
L_0000022033331380 .functor AND 1, L_0000022033330510, L_0000022033328ad0, C4<1>, C4<1>;
L_0000022033331b60 .functor OR 1, L_0000022033331af0, L_0000022033331380, C4<0>, C4<0>;
L_00000220333315b0 .functor AND 1, L_0000022033328c10, L_0000022033328530, C4<1>, C4<1>;
L_0000022033330dd0 .functor AND 1, L_00000220333315b0, L_0000022033328210, C4<1>, C4<1>;
L_00000220333305f0 .functor AND 1, L_0000022033330dd0, L_0000022033326870, C4<1>, C4<1>;
L_0000022033331bd0 .functor OR 1, L_0000022033331b60, L_00000220333305f0, C4<0>, C4<0>;
L_00000220333313f0 .functor AND 1, L_0000022033330580, L_0000022033326730, C4<1>, C4<1>;
L_0000022033331620 .functor OR 1, L_0000022033331bd0, L_00000220333313f0, C4<0>, C4<0>;
v00000220333098d0_0 .net *"_ivl_101", 0 0, L_000002203332db70;  1 drivers
v000002203330aa50_0 .net *"_ivl_102", 0 0, L_000002203332fab0;  1 drivers
v000002203330a0f0_0 .net *"_ivl_104", 0 0, L_000002203332fb20;  1 drivers
v0000022033309fb0_0 .net *"_ivl_11", 0 0, L_000002203332c770;  1 drivers
v000002203330a370_0 .net *"_ivl_110", 0 0, L_000002203332b870;  1 drivers
v000002203330aaf0_0 .net *"_ivl_112", 0 0, L_000002203332de90;  1 drivers
v000002203330a410_0 .net *"_ivl_114", 0 0, L_000002203332ddf0;  1 drivers
v000002203330a4b0_0 .net *"_ivl_115", 0 0, L_000002203332ee70;  1 drivers
v000002203330c990_0 .net *"_ivl_117", 0 0, L_000002203332f030;  1 drivers
v000002203330bf90_0 .net *"_ivl_120", 0 0, L_000002203332e110;  1 drivers
v000002203330ca30_0 .net *"_ivl_122", 0 0, L_000002203332dfd0;  1 drivers
v000002203330c350_0 .net *"_ivl_123", 0 0, L_000002203332fb90;  1 drivers
v000002203330be50_0 .net *"_ivl_126", 0 0, L_000002203332e250;  1 drivers
v000002203330cf30_0 .net *"_ivl_127", 0 0, L_000002203332f260;  1 drivers
v000002203330ccb0_0 .net *"_ivl_129", 0 0, L_000002203332f2d0;  1 drivers
v000002203330cc10_0 .net *"_ivl_13", 0 0, L_000002203332ce50;  1 drivers
v000002203330cfd0_0 .net *"_ivl_132", 0 0, L_000002203332df30;  1 drivers
v000002203330bd10_0 .net *"_ivl_134", 0 0, L_000002203332e070;  1 drivers
v000002203330c7b0_0 .net *"_ivl_135", 0 0, L_000002203332f340;  1 drivers
v000002203330c3f0_0 .net *"_ivl_138", 0 0, L_000002203332e1b0;  1 drivers
v000002203330bdb0_0 .net *"_ivl_139", 0 0, L_0000022033331a80;  1 drivers
v000002203330bc70_0 .net *"_ivl_14", 0 0, L_000002203332f420;  1 drivers
v000002203330ba90_0 .net *"_ivl_142", 0 0, L_000002203332e430;  1 drivers
v000002203330c490_0 .net *"_ivl_143", 0 0, L_0000022033331fc0;  1 drivers
v000002203330c5d0_0 .net *"_ivl_145", 0 0, L_0000022033331310;  1 drivers
v000002203330b950_0 .net *"_ivl_150", 0 0, L_000002203332e4d0;  1 drivers
v000002203330c2b0_0 .net *"_ivl_152", 0 0, L_000002203332e2f0;  1 drivers
v000002203330c530_0 .net *"_ivl_153", 0 0, L_0000022033330eb0;  1 drivers
v000002203330c670_0 .net *"_ivl_158", 0 0, L_000002203332e390;  1 drivers
v000002203330c850_0 .net *"_ivl_160", 0 0, L_0000022033328850;  1 drivers
v000002203330c8f0_0 .net *"_ivl_161", 0 0, L_0000022033330820;  1 drivers
v000002203330bbd0_0 .net *"_ivl_166", 0 0, L_0000022033328d50;  1 drivers
v000002203330ce90_0 .net *"_ivl_168", 0 0, L_00000220333274f0;  1 drivers
v000002203330bef0_0 .net *"_ivl_169", 0 0, L_00000220333312a0;  1 drivers
v000002203330c710_0 .net *"_ivl_175", 0 0, L_00000220333278b0;  1 drivers
v000002203330c030_0 .net *"_ivl_177", 0 0, L_0000022033327810;  1 drivers
v000002203330cad0_0 .net *"_ivl_178", 0 0, L_00000220333309e0;  1 drivers
v000002203330cb70_0 .net *"_ivl_181", 0 0, L_0000022033328170;  1 drivers
v000002203330c0d0_0 .net *"_ivl_183", 0 0, L_0000022033327c70;  1 drivers
v000002203330cd50_0 .net *"_ivl_184", 0 0, L_0000022033331d90;  1 drivers
v000002203330bb30_0 .net *"_ivl_187", 0 0, L_0000022033327e50;  1 drivers
v000002203330b9f0_0 .net *"_ivl_188", 0 0, L_0000022033331f50;  1 drivers
v000002203330cdf0_0 .net *"_ivl_19", 0 0, L_000002203332cbd0;  1 drivers
v000002203330c170_0 .net *"_ivl_191", 0 0, L_0000022033327950;  1 drivers
v000002203330c210_0 .net *"_ivl_195", 0 0, L_0000022033328490;  1 drivers
v000002203330f1b0_0 .net *"_ivl_197", 0 0, L_00000220333279f0;  1 drivers
v000002203330e490_0 .net *"_ivl_199", 0 0, L_00000220333283f0;  1 drivers
v000002203330f610_0 .net *"_ivl_200", 0 0, L_0000022033330970;  1 drivers
v00000220333106f0_0 .net *"_ivl_202", 0 0, L_0000022033331af0;  1 drivers
v000002203330fcf0_0 .net *"_ivl_205", 0 0, L_0000022033327a90;  1 drivers
v000002203330fd90_0 .net *"_ivl_207", 0 0, L_00000220333282b0;  1 drivers
v000002203330ff70_0 .net *"_ivl_208", 0 0, L_0000022033330510;  1 drivers
v000002203330f930_0 .net *"_ivl_21", 0 0, L_000002203332c630;  1 drivers
v00000220333105b0_0 .net *"_ivl_211", 0 0, L_0000022033328ad0;  1 drivers
v000002203330ef30_0 .net *"_ivl_212", 0 0, L_0000022033331380;  1 drivers
v000002203330f390_0 .net *"_ivl_214", 0 0, L_0000022033331b60;  1 drivers
v000002203330e530_0 .net *"_ivl_217", 0 0, L_0000022033328c10;  1 drivers
v0000022033310010_0 .net *"_ivl_219", 0 0, L_0000022033328530;  1 drivers
v00000220333101f0_0 .net *"_ivl_22", 0 0, L_000002203332f570;  1 drivers
v000002203330e8f0_0 .net *"_ivl_220", 0 0, L_00000220333315b0;  1 drivers
v000002203330fc50_0 .net *"_ivl_223", 0 0, L_0000022033328210;  1 drivers
v000002203330f9d0_0 .net *"_ivl_224", 0 0, L_0000022033330dd0;  1 drivers
v000002203330f250_0 .net *"_ivl_227", 0 0, L_0000022033326870;  1 drivers
v000002203330fbb0_0 .net *"_ivl_228", 0 0, L_00000220333305f0;  1 drivers
v000002203330e850_0 .net *"_ivl_232", 0 0, L_00000220333313f0;  1 drivers
v000002203330e710_0 .net *"_ivl_27", 0 0, L_000002203332d0d0;  1 drivers
v000002203330e990_0 .net *"_ivl_29", 0 0, L_000002203332c270;  1 drivers
v000002203330f6b0_0 .net *"_ivl_3", 0 0, L_000002203332d7b0;  1 drivers
v000002203330fa70_0 .net *"_ivl_30", 0 0, L_000002203332f730;  1 drivers
v0000022033310650_0 .net *"_ivl_35", 0 0, L_000002203332c130;  1 drivers
v000002203330f070_0 .net *"_ivl_37", 0 0, L_000002203332c310;  1 drivers
v0000022033310290_0 .net *"_ivl_38", 0 0, L_000002203332f810;  1 drivers
v0000022033310830_0 .net *"_ivl_43", 0 0, L_000002203332cdb0;  1 drivers
v000002203330e7b0_0 .net *"_ivl_45", 0 0, L_000002203332c450;  1 drivers
v000002203330fb10_0 .net *"_ivl_46", 0 0, L_000002203332eee0;  1 drivers
v000002203330e5d0_0 .net *"_ivl_5", 0 0, L_000002203332bff0;  1 drivers
v000002203330f750_0 .net *"_ivl_52", 0 0, L_000002203332b5f0;  1 drivers
v00000220333103d0_0 .net *"_ivl_54", 0 0, L_000002203332c6d0;  1 drivers
v000002203330fe30_0 .net *"_ivl_55", 0 0, L_000002203332f1f0;  1 drivers
v000002203330e350_0 .net *"_ivl_6", 0 0, L_000002203332f6c0;  1 drivers
v000002203330f430_0 .net *"_ivl_61", 0 0, L_000002203332c4f0;  1 drivers
v000002203330f7f0_0 .net *"_ivl_63", 0 0, L_000002203332c590;  1 drivers
v000002203330f890_0 .net *"_ivl_64", 0 0, L_000002203332f960;  1 drivers
v000002203330eb70_0 .net *"_ivl_69", 0 0, L_000002203332efc0;  1 drivers
v000002203330f4d0_0 .net *"_ivl_73", 0 0, L_000002203332d5d0;  1 drivers
v000002203330e210_0 .net *"_ivl_75", 0 0, L_000002203332d170;  1 drivers
v000002203330fed0_0 .net *"_ivl_77", 0 0, L_000002203332d670;  1 drivers
v000002203330ea30_0 .net *"_ivl_78", 0 0, L_000002203332f490;  1 drivers
v000002203330e2b0_0 .net *"_ivl_80", 0 0, L_000002203332f880;  1 drivers
v000002203330e3f0_0 .net *"_ivl_85", 0 0, L_000002203332d8f0;  1 drivers
v00000220333100b0_0 .net *"_ivl_87", 0 0, L_000002203332dc10;  1 drivers
v000002203330f2f0_0 .net *"_ivl_89", 0 0, L_000002203332d710;  1 drivers
v000002203330ead0_0 .net *"_ivl_90", 0 0, L_000002203332f8f0;  1 drivers
v0000022033310150_0 .net *"_ivl_92", 0 0, L_000002203332fa40;  1 drivers
v00000220333108d0_0 .net *"_ivl_95", 0 0, L_000002203332b690;  1 drivers
v0000022033310330_0 .net *"_ivl_97", 0 0, L_000002203332d990;  1 drivers
v0000022033310790_0 .net *"_ivl_98", 0 0, L_000002203332f500;  1 drivers
v000002203330ed50_0 .net "carry", 3 0, L_000002203332b7d0;  1 drivers
v0000022033310470_0 .net "cin", 0 0, L_0000022033326730;  1 drivers
v0000022033310510_0 .net "cout", 0 0, L_0000022033331620;  1 drivers
v000002203330e170_0 .net "g", 3 0, L_000002203332d030;  1 drivers
v000002203330ec10_0 .net "g_grp", 0 0, L_0000022033331bd0;  1 drivers
v000002203330e670_0 .net "in0", 3 0, L_0000022033327b30;  1 drivers
v000002203330ecb0_0 .net "in1", 3 0, L_0000022033326f50;  1 drivers
v000002203330edf0_0 .net "p", 3 0, L_000002203332cef0;  1 drivers
v000002203330ee90_0 .net "p_grp", 0 0, L_0000022033330580;  1 drivers
v000002203330efd0_0 .net "sum", 3 0, L_0000022033326eb0;  1 drivers
L_000002203332d7b0 .part L_0000022033327b30, 0, 1;
L_000002203332bff0 .part L_0000022033326f50, 0, 1;
L_000002203332c770 .part L_0000022033327b30, 0, 1;
L_000002203332ce50 .part L_0000022033326f50, 0, 1;
L_000002203332cbd0 .part L_0000022033327b30, 1, 1;
L_000002203332c630 .part L_0000022033326f50, 1, 1;
L_000002203332d0d0 .part L_0000022033327b30, 1, 1;
L_000002203332c270 .part L_0000022033326f50, 1, 1;
L_000002203332c130 .part L_0000022033327b30, 2, 1;
L_000002203332c310 .part L_0000022033326f50, 2, 1;
L_000002203332cdb0 .part L_0000022033327b30, 2, 1;
L_000002203332c450 .part L_0000022033326f50, 2, 1;
L_000002203332cef0 .concat8 [ 1 1 1 1], L_000002203332f6c0, L_000002203332f570, L_000002203332f810, L_000002203332f1f0;
L_000002203332b5f0 .part L_0000022033327b30, 3, 1;
L_000002203332c6d0 .part L_0000022033326f50, 3, 1;
L_000002203332d030 .concat8 [ 1 1 1 1], L_000002203332f420, L_000002203332f730, L_000002203332eee0, L_000002203332f960;
L_000002203332c4f0 .part L_0000022033327b30, 3, 1;
L_000002203332c590 .part L_0000022033326f50, 3, 1;
L_000002203332d5d0 .part L_000002203332d030, 0, 1;
L_000002203332d170 .part L_000002203332cef0, 0, 1;
L_000002203332d670 .part L_000002203332b7d0, 0, 1;
L_000002203332d8f0 .part L_000002203332d030, 1, 1;
L_000002203332dc10 .part L_000002203332cef0, 1, 1;
L_000002203332d710 .part L_000002203332d030, 0, 1;
L_000002203332b690 .part L_000002203332cef0, 1, 1;
L_000002203332d990 .part L_000002203332cef0, 0, 1;
L_000002203332db70 .part L_000002203332b7d0, 0, 1;
L_000002203332b7d0 .concat8 [ 1 1 1 1], L_000002203332efc0, L_000002203332f880, L_000002203332fb20, L_0000022033331310;
L_000002203332b870 .part L_000002203332d030, 2, 1;
L_000002203332de90 .part L_000002203332cef0, 2, 1;
L_000002203332ddf0 .part L_000002203332d030, 1, 1;
L_000002203332e110 .part L_000002203332cef0, 2, 1;
L_000002203332dfd0 .part L_000002203332cef0, 1, 1;
L_000002203332e250 .part L_000002203332d030, 0, 1;
L_000002203332df30 .part L_000002203332cef0, 2, 1;
L_000002203332e070 .part L_000002203332cef0, 1, 1;
L_000002203332e1b0 .part L_000002203332cef0, 0, 1;
L_000002203332e430 .part L_000002203332b7d0, 0, 1;
L_000002203332e4d0 .part L_000002203332cef0, 0, 1;
L_000002203332e2f0 .part L_000002203332b7d0, 0, 1;
L_000002203332e390 .part L_000002203332cef0, 1, 1;
L_0000022033328850 .part L_000002203332b7d0, 1, 1;
L_0000022033328d50 .part L_000002203332cef0, 2, 1;
L_00000220333274f0 .part L_000002203332b7d0, 2, 1;
L_0000022033326eb0 .concat8 [ 1 1 1 1], L_0000022033330eb0, L_0000022033330820, L_00000220333312a0, L_00000220333309e0;
L_00000220333278b0 .part L_000002203332cef0, 3, 1;
L_0000022033327810 .part L_000002203332b7d0, 3, 1;
L_0000022033328170 .part L_000002203332cef0, 3, 1;
L_0000022033327c70 .part L_000002203332cef0, 2, 1;
L_0000022033327e50 .part L_000002203332cef0, 1, 1;
L_0000022033327950 .part L_000002203332cef0, 0, 1;
L_0000022033328490 .part L_000002203332d030, 3, 1;
L_00000220333279f0 .part L_000002203332cef0, 3, 1;
L_00000220333283f0 .part L_000002203332d030, 2, 1;
L_0000022033327a90 .part L_000002203332cef0, 3, 1;
L_00000220333282b0 .part L_000002203332cef0, 2, 1;
L_0000022033328ad0 .part L_000002203332d030, 1, 1;
L_0000022033328c10 .part L_000002203332cef0, 3, 1;
L_0000022033328530 .part L_000002203332cef0, 2, 1;
L_0000022033328210 .part L_000002203332cef0, 1, 1;
L_0000022033326870 .part L_000002203332d030, 0, 1;
S_00000220332ac7d0 .scope module, "block2" "cla_add4bit" 2 43, 2 68 0, S_000002203320df20;
 .timescale 0 0;
    .port_info 0 /INPUT 4 "in0";
    .port_info 1 /INPUT 4 "in1";
    .port_info 2 /INPUT 1 "cin";
    .port_info 3 /OUTPUT 4 "sum";
    .port_info 4 /OUTPUT 1 "p_grp";
    .port_info 5 /OUTPUT 1 "g_grp";
    .port_info 6 /OUTPUT 1 "cout";
L_0000022033330ba0 .functor XOR 1, L_00000220333269b0, L_0000022033326e10, C4<0>, C4<0>;
L_0000022033330430 .functor AND 1, L_00000220333273b0, L_00000220333280d0, C4<1>, C4<1>;
L_0000022033331460 .functor XOR 1, L_0000022033327ef0, L_0000022033326910, C4<0>, C4<0>;
L_00000220333310e0 .functor AND 1, L_0000022033327f90, L_0000022033328350, C4<1>, C4<1>;
L_00000220333304a0 .functor XOR 1, L_00000220333285d0, L_0000022033328670, C4<0>, C4<0>;
L_0000022033330660 .functor AND 1, L_0000022033327090, L_0000022033328990, C4<1>, C4<1>;
L_0000022033330740 .functor XOR 1, L_0000022033327130, L_0000022033327bd0, C4<0>, C4<0>;
L_00000220333319a0 .functor AND 1, L_0000022033327270, L_0000022033326b90, C4<1>, C4<1>;
L_0000022033331700 .functor BUFZ 1, L_000002203332b230, C4<0>, C4<0>, C4<0>;
L_00000220333306d0 .functor AND 1, L_0000022033326c30, L_0000022033327d10, C4<1>, C4<1>;
L_0000022033331770 .functor OR 1, L_0000022033328710, L_00000220333306d0, C4<0>, C4<0>;
L_00000220333317e0 .functor AND 1, L_0000022033328030, L_00000220333288f0, C4<1>, C4<1>;
L_00000220333307b0 .functor OR 1, L_0000022033328cb0, L_00000220333317e0, C4<0>, C4<0>;
L_0000022033330900 .functor AND 1, L_00000220333271d0, L_0000022033327450, C4<1>, C4<1>;
L_0000022033331c40 .functor AND 1, L_0000022033330900, L_00000220333287b0, C4<1>, C4<1>;
L_0000022033331a10 .functor OR 1, L_00000220333307b0, L_0000022033331c40, C4<0>, C4<0>;
L_0000022033331150 .functor AND 1, L_0000022033327310, L_00000220333265f0, C4<1>, C4<1>;
L_0000022033330f90 .functor OR 1, L_0000022033328b70, L_0000022033331150, C4<0>, C4<0>;
L_0000022033330890 .functor AND 1, L_00000220333267d0, L_0000022033326af0, C4<1>, C4<1>;
L_0000022033331230 .functor AND 1, L_0000022033330890, L_00000220333276d0, C4<1>, C4<1>;
L_0000022033330ac0 .functor OR 1, L_0000022033330f90, L_0000022033331230, C4<0>, C4<0>;
L_0000022033331850 .functor AND 1, L_0000022033326690, L_0000022033327770, C4<1>, C4<1>;
L_0000022033331cb0 .functor AND 1, L_0000022033331850, L_0000022033326d70, C4<1>, C4<1>;
L_0000022033330e40 .functor AND 1, L_0000022033331cb0, L_0000022033326cd0, C4<1>, C4<1>;
L_0000022033330a50 .functor OR 1, L_0000022033330ac0, L_0000022033330e40, C4<0>, C4<0>;
L_0000022033330b30 .functor XOR 1, L_0000022033327590, L_0000022033327630, C4<0>, C4<0>;
L_0000022033331540 .functor XOR 1, L_000002203332ac90, L_0000022033328fd0, C4<0>, C4<0>;
L_0000022033330c10 .functor XOR 1, L_00000220333296b0, L_00000220333297f0, C4<0>, C4<0>;
L_0000022033330f20 .functor XOR 1, L_00000220333294d0, L_0000022033329bb0, C4<0>, C4<0>;
L_0000022033330c80 .functor AND 1, L_0000022033329930, L_000002203332b050, C4<1>, C4<1>;
L_0000022033331000 .functor AND 1, L_0000022033330c80, L_000002203332b550, C4<1>, C4<1>;
L_0000022033330cf0 .functor AND 1, L_0000022033331000, L_000002203332b0f0, C4<1>, C4<1>;
L_0000022033330d60 .functor AND 1, L_000002203332a0b0, L_000002203332a010, C4<1>, C4<1>;
L_0000022033331070 .functor OR 1, L_000002203332aa10, L_0000022033330d60, C4<0>, C4<0>;
L_00000220333314d0 .functor AND 1, L_0000022033328df0, L_0000022033329890, C4<1>, C4<1>;
L_00000220333311c0 .functor AND 1, L_00000220333314d0, L_000002203332b190, C4<1>, C4<1>;
L_0000022033331690 .functor OR 1, L_0000022033331070, L_00000220333311c0, C4<0>, C4<0>;
L_00000220333318c0 .functor AND 1, L_000002203332ab50, L_000002203332a470, C4<1>, C4<1>;
L_0000022033331930 .functor AND 1, L_00000220333318c0, L_0000022033329430, C4<1>, C4<1>;
L_0000022033331d20 .functor AND 1, L_0000022033331930, L_00000220333299d0, C4<1>, C4<1>;
L_0000022033331e00 .functor OR 1, L_0000022033331690, L_0000022033331d20, C4<0>, C4<0>;
L_0000022033331e70 .functor AND 1, L_0000022033330cf0, L_000002203332b230, C4<1>, C4<1>;
L_0000022033331ee0 .functor OR 1, L_0000022033331e00, L_0000022033331e70, C4<0>, C4<0>;
v000002203330f110_0 .net *"_ivl_101", 0 0, L_00000220333287b0;  1 drivers
v000002203330f570_0 .net *"_ivl_102", 0 0, L_0000022033331c40;  1 drivers
v00000220333114b0_0 .net *"_ivl_104", 0 0, L_0000022033331a10;  1 drivers
v0000022033311190_0 .net *"_ivl_11", 0 0, L_00000220333273b0;  1 drivers
v0000022033311050_0 .net *"_ivl_110", 0 0, L_0000022033328b70;  1 drivers
v0000022033311910_0 .net *"_ivl_112", 0 0, L_0000022033327310;  1 drivers
v0000022033311550_0 .net *"_ivl_114", 0 0, L_00000220333265f0;  1 drivers
v0000022033311af0_0 .net *"_ivl_115", 0 0, L_0000022033331150;  1 drivers
v0000022033311730_0 .net *"_ivl_117", 0 0, L_0000022033330f90;  1 drivers
v0000022033311230_0 .net *"_ivl_120", 0 0, L_00000220333267d0;  1 drivers
v0000022033311370_0 .net *"_ivl_122", 0 0, L_0000022033326af0;  1 drivers
v00000220333115f0_0 .net *"_ivl_123", 0 0, L_0000022033330890;  1 drivers
v00000220333112d0_0 .net *"_ivl_126", 0 0, L_00000220333276d0;  1 drivers
v0000022033311410_0 .net *"_ivl_127", 0 0, L_0000022033331230;  1 drivers
v0000022033311e10_0 .net *"_ivl_129", 0 0, L_0000022033330ac0;  1 drivers
v0000022033311870_0 .net *"_ivl_13", 0 0, L_00000220333280d0;  1 drivers
v0000022033311c30_0 .net *"_ivl_132", 0 0, L_0000022033326690;  1 drivers
v0000022033310fb0_0 .net *"_ivl_134", 0 0, L_0000022033327770;  1 drivers
v0000022033311eb0_0 .net *"_ivl_135", 0 0, L_0000022033331850;  1 drivers
v0000022033311690_0 .net *"_ivl_138", 0 0, L_0000022033326d70;  1 drivers
v00000220333117d0_0 .net *"_ivl_139", 0 0, L_0000022033331cb0;  1 drivers
v00000220333119b0_0 .net *"_ivl_14", 0 0, L_0000022033330430;  1 drivers
v0000022033311a50_0 .net *"_ivl_142", 0 0, L_0000022033326cd0;  1 drivers
v0000022033310ab0_0 .net *"_ivl_143", 0 0, L_0000022033330e40;  1 drivers
v00000220333110f0_0 .net *"_ivl_145", 0 0, L_0000022033330a50;  1 drivers
v0000022033311b90_0 .net *"_ivl_150", 0 0, L_0000022033327590;  1 drivers
v0000022033311cd0_0 .net *"_ivl_152", 0 0, L_0000022033327630;  1 drivers
v0000022033311f50_0 .net *"_ivl_153", 0 0, L_0000022033330b30;  1 drivers
v0000022033310c90_0 .net *"_ivl_158", 0 0, L_000002203332ac90;  1 drivers
v0000022033311d70_0 .net *"_ivl_160", 0 0, L_0000022033328fd0;  1 drivers
v0000022033311ff0_0 .net *"_ivl_161", 0 0, L_0000022033331540;  1 drivers
v0000022033310970_0 .net *"_ivl_166", 0 0, L_00000220333296b0;  1 drivers
v0000022033310a10_0 .net *"_ivl_168", 0 0, L_00000220333297f0;  1 drivers
v0000022033310b50_0 .net *"_ivl_169", 0 0, L_0000022033330c10;  1 drivers
v0000022033310bf0_0 .net *"_ivl_175", 0 0, L_00000220333294d0;  1 drivers
v0000022033310d30_0 .net *"_ivl_177", 0 0, L_0000022033329bb0;  1 drivers
v0000022033310dd0_0 .net *"_ivl_178", 0 0, L_0000022033330f20;  1 drivers
v0000022033310e70_0 .net *"_ivl_181", 0 0, L_0000022033329930;  1 drivers
v0000022033310f10_0 .net *"_ivl_183", 0 0, L_000002203332b050;  1 drivers
v0000022033313e40_0 .net *"_ivl_184", 0 0, L_0000022033330c80;  1 drivers
v00000220333134e0_0 .net *"_ivl_187", 0 0, L_000002203332b550;  1 drivers
v00000220333124a0_0 .net *"_ivl_188", 0 0, L_0000022033331000;  1 drivers
v0000022033313620_0 .net *"_ivl_19", 0 0, L_0000022033327ef0;  1 drivers
v0000022033314700_0 .net *"_ivl_191", 0 0, L_000002203332b0f0;  1 drivers
v0000022033313d00_0 .net *"_ivl_195", 0 0, L_000002203332aa10;  1 drivers
v0000022033313da0_0 .net *"_ivl_197", 0 0, L_000002203332a0b0;  1 drivers
v0000022033313f80_0 .net *"_ivl_199", 0 0, L_000002203332a010;  1 drivers
v0000022033313940_0 .net *"_ivl_200", 0 0, L_0000022033330d60;  1 drivers
v00000220333145c0_0 .net *"_ivl_202", 0 0, L_0000022033331070;  1 drivers
v0000022033312f40_0 .net *"_ivl_205", 0 0, L_0000022033328df0;  1 drivers
v00000220333133a0_0 .net *"_ivl_207", 0 0, L_0000022033329890;  1 drivers
v0000022033312540_0 .net *"_ivl_208", 0 0, L_00000220333314d0;  1 drivers
v0000022033314020_0 .net *"_ivl_21", 0 0, L_0000022033326910;  1 drivers
v0000022033314200_0 .net *"_ivl_211", 0 0, L_000002203332b190;  1 drivers
v0000022033312900_0 .net *"_ivl_212", 0 0, L_00000220333311c0;  1 drivers
v0000022033313c60_0 .net *"_ivl_214", 0 0, L_0000022033331690;  1 drivers
v00000220333139e0_0 .net *"_ivl_217", 0 0, L_000002203332ab50;  1 drivers
v0000022033313260_0 .net *"_ivl_219", 0 0, L_000002203332a470;  1 drivers
v0000022033313bc0_0 .net *"_ivl_22", 0 0, L_0000022033331460;  1 drivers
v0000022033312860_0 .net *"_ivl_220", 0 0, L_00000220333318c0;  1 drivers
v0000022033312720_0 .net *"_ivl_223", 0 0, L_0000022033329430;  1 drivers
v00000220333129a0_0 .net *"_ivl_224", 0 0, L_0000022033331930;  1 drivers
v00000220333136c0_0 .net *"_ivl_227", 0 0, L_00000220333299d0;  1 drivers
v0000022033313a80_0 .net *"_ivl_228", 0 0, L_0000022033331d20;  1 drivers
v0000022033314660_0 .net *"_ivl_232", 0 0, L_0000022033331e70;  1 drivers
v0000022033313080_0 .net *"_ivl_27", 0 0, L_0000022033327f90;  1 drivers
v00000220333142a0_0 .net *"_ivl_29", 0 0, L_0000022033328350;  1 drivers
v0000022033314840_0 .net *"_ivl_3", 0 0, L_00000220333269b0;  1 drivers
v00000220333127c0_0 .net *"_ivl_30", 0 0, L_00000220333310e0;  1 drivers
v0000022033313b20_0 .net *"_ivl_35", 0 0, L_00000220333285d0;  1 drivers
v00000220333125e0_0 .net *"_ivl_37", 0 0, L_0000022033328670;  1 drivers
v0000022033313760_0 .net *"_ivl_38", 0 0, L_00000220333304a0;  1 drivers
v00000220333143e0_0 .net *"_ivl_43", 0 0, L_0000022033327090;  1 drivers
v0000022033313ee0_0 .net *"_ivl_45", 0 0, L_0000022033328990;  1 drivers
v0000022033312360_0 .net *"_ivl_46", 0 0, L_0000022033330660;  1 drivers
v0000022033313440_0 .net *"_ivl_5", 0 0, L_0000022033326e10;  1 drivers
v0000022033313800_0 .net *"_ivl_52", 0 0, L_0000022033327130;  1 drivers
v00000220333138a0_0 .net *"_ivl_54", 0 0, L_0000022033327bd0;  1 drivers
v0000022033312b80_0 .net *"_ivl_55", 0 0, L_0000022033330740;  1 drivers
v0000022033313580_0 .net *"_ivl_6", 0 0, L_0000022033330ba0;  1 drivers
v0000022033312220_0 .net *"_ivl_61", 0 0, L_0000022033327270;  1 drivers
v00000220333140c0_0 .net *"_ivl_63", 0 0, L_0000022033326b90;  1 drivers
v0000022033312a40_0 .net *"_ivl_64", 0 0, L_00000220333319a0;  1 drivers
v00000220333122c0_0 .net *"_ivl_69", 0 0, L_0000022033331700;  1 drivers
v0000022033312400_0 .net *"_ivl_73", 0 0, L_0000022033328710;  1 drivers
v0000022033314160_0 .net *"_ivl_75", 0 0, L_0000022033326c30;  1 drivers
v0000022033313300_0 .net *"_ivl_77", 0 0, L_0000022033327d10;  1 drivers
v0000022033312ae0_0 .net *"_ivl_78", 0 0, L_00000220333306d0;  1 drivers
v0000022033314340_0 .net *"_ivl_80", 0 0, L_0000022033331770;  1 drivers
v00000220333148e0_0 .net *"_ivl_85", 0 0, L_0000022033328cb0;  1 drivers
v0000022033314480_0 .net *"_ivl_87", 0 0, L_0000022033328030;  1 drivers
v00000220333147a0_0 .net *"_ivl_89", 0 0, L_00000220333288f0;  1 drivers
v0000022033312d60_0 .net *"_ivl_90", 0 0, L_00000220333317e0;  1 drivers
v0000022033314520_0 .net *"_ivl_92", 0 0, L_00000220333307b0;  1 drivers
v0000022033312180_0 .net *"_ivl_95", 0 0, L_00000220333271d0;  1 drivers
v0000022033312680_0 .net *"_ivl_97", 0 0, L_0000022033327450;  1 drivers
v0000022033312c20_0 .net *"_ivl_98", 0 0, L_0000022033330900;  1 drivers
v0000022033312cc0_0 .net "carry", 3 0, L_0000022033327db0;  1 drivers
v0000022033312e00_0 .net "cin", 0 0, L_000002203332b230;  1 drivers
v0000022033312ea0_0 .net "cout", 0 0, L_0000022033331ee0;  1 drivers
v0000022033312fe0_0 .net "g", 3 0, L_0000022033326a50;  1 drivers
v0000022033313120_0 .net "g_grp", 0 0, L_0000022033331e00;  1 drivers
v00000220333131c0_0 .net "in0", 3 0, L_000002203332a8d0;  1 drivers
v0000022033314ca0_0 .net "in1", 3 0, L_0000022033328e90;  1 drivers
v0000022033314f20_0 .net "p", 3 0, L_0000022033328a30;  1 drivers
v0000022033315740_0 .net "p_grp", 0 0, L_0000022033330cf0;  1 drivers
v0000022033315560_0 .net "sum", 3 0, L_0000022033329570;  1 drivers
L_00000220333269b0 .part L_000002203332a8d0, 0, 1;
L_0000022033326e10 .part L_0000022033328e90, 0, 1;
L_00000220333273b0 .part L_000002203332a8d0, 0, 1;
L_00000220333280d0 .part L_0000022033328e90, 0, 1;
L_0000022033327ef0 .part L_000002203332a8d0, 1, 1;
L_0000022033326910 .part L_0000022033328e90, 1, 1;
L_0000022033327f90 .part L_000002203332a8d0, 1, 1;
L_0000022033328350 .part L_0000022033328e90, 1, 1;
L_00000220333285d0 .part L_000002203332a8d0, 2, 1;
L_0000022033328670 .part L_0000022033328e90, 2, 1;
L_0000022033327090 .part L_000002203332a8d0, 2, 1;
L_0000022033328990 .part L_0000022033328e90, 2, 1;
L_0000022033328a30 .concat8 [ 1 1 1 1], L_0000022033330ba0, L_0000022033331460, L_00000220333304a0, L_0000022033330740;
L_0000022033327130 .part L_000002203332a8d0, 3, 1;
L_0000022033327bd0 .part L_0000022033328e90, 3, 1;
L_0000022033326a50 .concat8 [ 1 1 1 1], L_0000022033330430, L_00000220333310e0, L_0000022033330660, L_00000220333319a0;
L_0000022033327270 .part L_000002203332a8d0, 3, 1;
L_0000022033326b90 .part L_0000022033328e90, 3, 1;
L_0000022033328710 .part L_0000022033326a50, 0, 1;
L_0000022033326c30 .part L_0000022033328a30, 0, 1;
L_0000022033327d10 .part L_0000022033327db0, 0, 1;
L_0000022033328cb0 .part L_0000022033326a50, 1, 1;
L_0000022033328030 .part L_0000022033328a30, 1, 1;
L_00000220333288f0 .part L_0000022033326a50, 0, 1;
L_00000220333271d0 .part L_0000022033328a30, 1, 1;
L_0000022033327450 .part L_0000022033328a30, 0, 1;
L_00000220333287b0 .part L_0000022033327db0, 0, 1;
L_0000022033327db0 .concat8 [ 1 1 1 1], L_0000022033331700, L_0000022033331770, L_0000022033331a10, L_0000022033330a50;
L_0000022033328b70 .part L_0000022033326a50, 2, 1;
L_0000022033327310 .part L_0000022033328a30, 2, 1;
L_00000220333265f0 .part L_0000022033326a50, 1, 1;
L_00000220333267d0 .part L_0000022033328a30, 2, 1;
L_0000022033326af0 .part L_0000022033328a30, 1, 1;
L_00000220333276d0 .part L_0000022033326a50, 0, 1;
L_0000022033326690 .part L_0000022033328a30, 2, 1;
L_0000022033327770 .part L_0000022033328a30, 1, 1;
L_0000022033326d70 .part L_0000022033328a30, 0, 1;
L_0000022033326cd0 .part L_0000022033327db0, 0, 1;
L_0000022033327590 .part L_0000022033328a30, 0, 1;
L_0000022033327630 .part L_0000022033327db0, 0, 1;
L_000002203332ac90 .part L_0000022033328a30, 1, 1;
L_0000022033328fd0 .part L_0000022033327db0, 1, 1;
L_00000220333296b0 .part L_0000022033328a30, 2, 1;
L_00000220333297f0 .part L_0000022033327db0, 2, 1;
L_0000022033329570 .concat8 [ 1 1 1 1], L_0000022033330b30, L_0000022033331540, L_0000022033330c10, L_0000022033330f20;
L_00000220333294d0 .part L_0000022033328a30, 3, 1;
L_0000022033329bb0 .part L_0000022033327db0, 3, 1;
L_0000022033329930 .part L_0000022033328a30, 3, 1;
L_000002203332b050 .part L_0000022033328a30, 2, 1;
L_000002203332b550 .part L_0000022033328a30, 1, 1;
L_000002203332b0f0 .part L_0000022033328a30, 0, 1;
L_000002203332aa10 .part L_0000022033326a50, 3, 1;
L_000002203332a0b0 .part L_0000022033328a30, 3, 1;
L_000002203332a010 .part L_0000022033326a50, 2, 1;
L_0000022033328df0 .part L_0000022033328a30, 3, 1;
L_0000022033329890 .part L_0000022033328a30, 2, 1;
L_000002203332b190 .part L_0000022033326a50, 1, 1;
L_000002203332ab50 .part L_0000022033328a30, 3, 1;
L_000002203332a470 .part L_0000022033328a30, 2, 1;
L_0000022033329430 .part L_0000022033328a30, 1, 1;
L_00000220333299d0 .part L_0000022033326a50, 0, 1;
S_00000220332be000 .scope module, "block3" "cla_add4bit" 2 53, 2 68 0, S_000002203320df20;
 .timescale 0 0;
    .port_info 0 /INPUT 4 "in0";
    .port_info 1 /INPUT 4 "in1";
    .port_info 2 /INPUT 1 "cin";
    .port_info 3 /OUTPUT 4 "sum";
    .port_info 4 /OUTPUT 1 "p_grp";
    .port_info 5 /OUTPUT 1 "g_grp";
    .port_info 6 /OUTPUT 1 "cout";
L_00000220333321f0 .functor XOR 1, L_00000220333292f0, L_000002203332a330, C4<0>, C4<0>;
L_00000220333322d0 .functor AND 1, L_000002203332b370, L_0000022033329c50, C4<1>, C4<1>;
L_00000220333320a0 .functor XOR 1, L_000002203332ad30, L_000002203332abf0, C4<0>, C4<0>;
L_0000022033332030 .functor AND 1, L_0000022033329a70, L_000002203332a1f0, C4<1>, C4<1>;
L_0000022033332110 .functor XOR 1, L_000002203332b4b0, L_000002203332b2d0, C4<0>, C4<0>;
L_0000022033332260 .functor AND 1, L_0000022033329610, L_000002203332a6f0, C4<1>, C4<1>;
L_0000022033332180 .functor XOR 1, L_0000022033328f30, L_0000022033329cf0, C4<0>, C4<0>;
L_0000022033332340 .functor AND 1, L_0000022033329b10, L_0000022033329750, C4<1>, C4<1>;
L_0000022033339080 .functor BUFZ 1, L_0000022033339db0, C4<0>, C4<0>, C4<0>;
L_00000220333389f0 .functor AND 1, L_0000022033329e30, L_000002203332a150, C4<1>, C4<1>;
L_0000022033338750 .functor OR 1, L_0000022033329d90, L_00000220333389f0, C4<0>, C4<0>;
L_0000022033337f00 .functor AND 1, L_0000022033329ed0, L_000002203332aab0, C4<1>, C4<1>;
L_0000022033338600 .functor OR 1, L_000002203332a830, L_0000022033337f00, C4<0>, C4<0>;
L_00000220333387c0 .functor AND 1, L_000002203332a5b0, L_0000022033329f70, C4<1>, C4<1>;
L_0000022033338b40 .functor AND 1, L_00000220333387c0, L_0000022033329070, C4<1>, C4<1>;
L_0000022033338520 .functor OR 1, L_0000022033338600, L_0000022033338b40, C4<0>, C4<0>;
L_0000022033338130 .functor AND 1, L_0000022033329110, L_000002203332a3d0, C4<1>, C4<1>;
L_0000022033339240 .functor OR 1, L_000002203332a290, L_0000022033338130, C4<0>, C4<0>;
L_0000022033339400 .functor AND 1, L_000002203332a650, L_000002203332ae70, C4<1>, C4<1>;
L_0000022033338830 .functor AND 1, L_0000022033339400, L_000002203332add0, C4<1>, C4<1>;
L_0000022033337cd0 .functor OR 1, L_0000022033339240, L_0000022033338830, C4<0>, C4<0>;
L_00000220333390f0 .functor AND 1, L_000002203332af10, L_00000220333291b0, C4<1>, C4<1>;
L_0000022033337b10 .functor AND 1, L_00000220333390f0, L_000002203332afb0, C4<1>, C4<1>;
L_00000220333388a0 .functor AND 1, L_0000022033337b10, L_000002203332b410, C4<1>, C4<1>;
L_0000022033337b80 .functor OR 1, L_0000022033337cd0, L_00000220333388a0, C4<0>, C4<0>;
L_0000022033337fe0 .functor XOR 1, L_0000022033329250, L_000002203333a0d0, C4<0>, C4<0>;
L_00000220333386e0 .functor XOR 1, L_000002203333b1b0, L_000002203333b930, C4<0>, C4<0>;
L_0000022033337e90 .functor XOR 1, L_000002203333c3d0, L_000002203333bd90, C4<0>, C4<0>;
L_00000220333392b0 .functor XOR 1, L_000002203333b390, L_000002203333b9d0, C4<0>, C4<0>;
L_0000022033338050 .functor AND 1, L_000002203333b890, L_000002203333a850, C4<1>, C4<1>;
L_0000022033338670 .functor AND 1, L_0000022033338050, L_000002203333a030, C4<1>, C4<1>;
L_0000022033338590 .functor AND 1, L_0000022033338670, L_000002203333c330, C4<1>, C4<1>;
L_0000022033338de0 .functor AND 1, L_000002203333c290, L_0000022033339c70, C4<1>, C4<1>;
L_0000022033338910 .functor OR 1, L_000002203333b7f0, L_0000022033338de0, C4<0>, C4<0>;
L_0000022033337aa0 .functor AND 1, L_000002203333bc50, L_000002203333ae90, C4<1>, C4<1>;
L_0000022033338fa0 .functor AND 1, L_0000022033337aa0, L_0000022033339d10, C4<1>, C4<1>;
L_0000022033338980 .functor OR 1, L_0000022033338910, L_0000022033338fa0, C4<0>, C4<0>;
L_0000022033338f30 .functor AND 1, L_000002203333b610, L_000002203333c1f0, C4<1>, C4<1>;
L_0000022033337d40 .functor AND 1, L_0000022033338f30, L_000002203333a5d0, C4<1>, C4<1>;
L_0000022033337bf0 .functor AND 1, L_0000022033337d40, L_000002203333a3f0, C4<1>, C4<1>;
L_00000220333381a0 .functor OR 1, L_0000022033338980, L_0000022033337bf0, C4<0>, C4<0>;
L_0000022033338bb0 .functor AND 1, L_0000022033338590, L_0000022033339db0, C4<1>, C4<1>;
L_0000022033339160 .functor OR 1, L_00000220333381a0, L_0000022033338bb0, C4<0>, C4<0>;
v0000022033314de0_0 .net *"_ivl_101", 0 0, L_0000022033329070;  1 drivers
v0000022033314fc0_0 .net *"_ivl_102", 0 0, L_0000022033338b40;  1 drivers
v0000022033314d40_0 .net *"_ivl_104", 0 0, L_0000022033338520;  1 drivers
v0000022033315240_0 .net *"_ivl_11", 0 0, L_000002203332b370;  1 drivers
v0000022033315c40_0 .net *"_ivl_110", 0 0, L_000002203332a290;  1 drivers
v0000022033315d80_0 .net *"_ivl_112", 0 0, L_0000022033329110;  1 drivers
v0000022033315b00_0 .net *"_ivl_114", 0 0, L_000002203332a3d0;  1 drivers
v0000022033314e80_0 .net *"_ivl_115", 0 0, L_0000022033338130;  1 drivers
v00000220333152e0_0 .net *"_ivl_117", 0 0, L_0000022033339240;  1 drivers
v0000022033315ba0_0 .net *"_ivl_120", 0 0, L_000002203332a650;  1 drivers
v0000022033315060_0 .net *"_ivl_122", 0 0, L_000002203332ae70;  1 drivers
v0000022033315100_0 .net *"_ivl_123", 0 0, L_0000022033339400;  1 drivers
v0000022033315a60_0 .net *"_ivl_126", 0 0, L_000002203332add0;  1 drivers
v0000022033315ce0_0 .net *"_ivl_127", 0 0, L_0000022033338830;  1 drivers
v0000022033315380_0 .net *"_ivl_129", 0 0, L_0000022033337cd0;  1 drivers
v0000022033315f60_0 .net *"_ivl_13", 0 0, L_0000022033329c50;  1 drivers
v0000022033315e20_0 .net *"_ivl_132", 0 0, L_000002203332af10;  1 drivers
v0000022033316000_0 .net *"_ivl_134", 0 0, L_00000220333291b0;  1 drivers
v0000022033314b60_0 .net *"_ivl_135", 0 0, L_00000220333390f0;  1 drivers
v00000220333151a0_0 .net *"_ivl_138", 0 0, L_000002203332afb0;  1 drivers
v0000022033315ec0_0 .net *"_ivl_139", 0 0, L_0000022033337b10;  1 drivers
v00000220333159c0_0 .net *"_ivl_14", 0 0, L_00000220333322d0;  1 drivers
v0000022033315420_0 .net *"_ivl_142", 0 0, L_000002203332b410;  1 drivers
v00000220333154c0_0 .net *"_ivl_143", 0 0, L_00000220333388a0;  1 drivers
v0000022033314980_0 .net *"_ivl_145", 0 0, L_0000022033337b80;  1 drivers
v0000022033314a20_0 .net *"_ivl_150", 0 0, L_0000022033329250;  1 drivers
v0000022033314ac0_0 .net *"_ivl_152", 0 0, L_000002203333a0d0;  1 drivers
v0000022033314c00_0 .net *"_ivl_153", 0 0, L_0000022033337fe0;  1 drivers
v0000022033315600_0 .net *"_ivl_158", 0 0, L_000002203333b1b0;  1 drivers
v00000220333156a0_0 .net *"_ivl_160", 0 0, L_000002203333b930;  1 drivers
v00000220333157e0_0 .net *"_ivl_161", 0 0, L_00000220333386e0;  1 drivers
v0000022033315880_0 .net *"_ivl_166", 0 0, L_000002203333c3d0;  1 drivers
v0000022033315920_0 .net *"_ivl_168", 0 0, L_000002203333bd90;  1 drivers
v000002203331b730_0 .net *"_ivl_169", 0 0, L_0000022033337e90;  1 drivers
v000002203331d030_0 .net *"_ivl_175", 0 0, L_000002203333b390;  1 drivers
v000002203331d490_0 .net *"_ivl_177", 0 0, L_000002203333b9d0;  1 drivers
v000002203331cc70_0 .net *"_ivl_178", 0 0, L_00000220333392b0;  1 drivers
v000002203331c630_0 .net *"_ivl_181", 0 0, L_000002203333b890;  1 drivers
v000002203331b4b0_0 .net *"_ivl_183", 0 0, L_000002203333a850;  1 drivers
v000002203331b7d0_0 .net *"_ivl_184", 0 0, L_0000022033338050;  1 drivers
v000002203331bc30_0 .net *"_ivl_187", 0 0, L_000002203333a030;  1 drivers
v000002203331bf50_0 .net *"_ivl_188", 0 0, L_0000022033338670;  1 drivers
v000002203331c9f0_0 .net *"_ivl_19", 0 0, L_000002203332ad30;  1 drivers
v000002203331cb30_0 .net *"_ivl_191", 0 0, L_000002203333c330;  1 drivers
v000002203331c4f0_0 .net *"_ivl_195", 0 0, L_000002203333b7f0;  1 drivers
v000002203331c810_0 .net *"_ivl_197", 0 0, L_000002203333c290;  1 drivers
v000002203331ca90_0 .net *"_ivl_199", 0 0, L_0000022033339c70;  1 drivers
v000002203331c6d0_0 .net *"_ivl_200", 0 0, L_0000022033338de0;  1 drivers
v000002203331c8b0_0 .net *"_ivl_202", 0 0, L_0000022033338910;  1 drivers
v000002203331c310_0 .net *"_ivl_205", 0 0, L_000002203333bc50;  1 drivers
v000002203331d670_0 .net *"_ivl_207", 0 0, L_000002203333ae90;  1 drivers
v000002203331d850_0 .net *"_ivl_208", 0 0, L_0000022033337aa0;  1 drivers
v000002203331ce50_0 .net *"_ivl_21", 0 0, L_000002203332abf0;  1 drivers
v000002203331d0d0_0 .net *"_ivl_211", 0 0, L_0000022033339d10;  1 drivers
v000002203331d170_0 .net *"_ivl_212", 0 0, L_0000022033338fa0;  1 drivers
v000002203331d210_0 .net *"_ivl_214", 0 0, L_0000022033338980;  1 drivers
v000002203331cef0_0 .net *"_ivl_217", 0 0, L_000002203333b610;  1 drivers
v000002203331b910_0 .net *"_ivl_219", 0 0, L_000002203333c1f0;  1 drivers
v000002203331b870_0 .net *"_ivl_22", 0 0, L_00000220333320a0;  1 drivers
v000002203331bd70_0 .net *"_ivl_220", 0 0, L_0000022033338f30;  1 drivers
v000002203331c270_0 .net *"_ivl_223", 0 0, L_000002203333a5d0;  1 drivers
v000002203331cf90_0 .net *"_ivl_224", 0 0, L_0000022033337d40;  1 drivers
v000002203331c590_0 .net *"_ivl_227", 0 0, L_000002203333a3f0;  1 drivers
v000002203331b550_0 .net *"_ivl_228", 0 0, L_0000022033337bf0;  1 drivers
v000002203331c770_0 .net *"_ivl_232", 0 0, L_0000022033338bb0;  1 drivers
v000002203331d710_0 .net *"_ivl_27", 0 0, L_0000022033329a70;  1 drivers
v000002203331cd10_0 .net *"_ivl_29", 0 0, L_000002203332a1f0;  1 drivers
v000002203331cdb0_0 .net *"_ivl_3", 0 0, L_00000220333292f0;  1 drivers
v000002203331d2b0_0 .net *"_ivl_30", 0 0, L_0000022033332030;  1 drivers
v000002203331c950_0 .net *"_ivl_35", 0 0, L_000002203332b4b0;  1 drivers
v000002203331d5d0_0 .net *"_ivl_37", 0 0, L_000002203332b2d0;  1 drivers
v000002203331bff0_0 .net *"_ivl_38", 0 0, L_0000022033332110;  1 drivers
v000002203331c3b0_0 .net *"_ivl_43", 0 0, L_0000022033329610;  1 drivers
v000002203331b5f0_0 .net *"_ivl_45", 0 0, L_000002203332a6f0;  1 drivers
v000002203331d350_0 .net *"_ivl_46", 0 0, L_0000022033332260;  1 drivers
v000002203331d3f0_0 .net *"_ivl_5", 0 0, L_000002203332a330;  1 drivers
v000002203331b9b0_0 .net *"_ivl_52", 0 0, L_0000022033328f30;  1 drivers
v000002203331d530_0 .net *"_ivl_54", 0 0, L_0000022033329cf0;  1 drivers
v000002203331b690_0 .net *"_ivl_55", 0 0, L_0000022033332180;  1 drivers
v000002203331d7b0_0 .net *"_ivl_6", 0 0, L_00000220333321f0;  1 drivers
v000002203331d8f0_0 .net *"_ivl_61", 0 0, L_0000022033329b10;  1 drivers
v000002203331ba50_0 .net *"_ivl_63", 0 0, L_0000022033329750;  1 drivers
v000002203331b190_0 .net *"_ivl_64", 0 0, L_0000022033332340;  1 drivers
v000002203331b230_0 .net *"_ivl_69", 0 0, L_0000022033339080;  1 drivers
v000002203331cbd0_0 .net *"_ivl_73", 0 0, L_0000022033329d90;  1 drivers
v000002203331b2d0_0 .net *"_ivl_75", 0 0, L_0000022033329e30;  1 drivers
v000002203331bcd0_0 .net *"_ivl_77", 0 0, L_000002203332a150;  1 drivers
v000002203331b370_0 .net *"_ivl_78", 0 0, L_00000220333389f0;  1 drivers
v000002203331b410_0 .net *"_ivl_80", 0 0, L_0000022033338750;  1 drivers
v000002203331baf0_0 .net *"_ivl_85", 0 0, L_000002203332a830;  1 drivers
v000002203331bb90_0 .net *"_ivl_87", 0 0, L_0000022033329ed0;  1 drivers
v000002203331be10_0 .net *"_ivl_89", 0 0, L_000002203332aab0;  1 drivers
v000002203331beb0_0 .net *"_ivl_90", 0 0, L_0000022033337f00;  1 drivers
v000002203331c090_0 .net *"_ivl_92", 0 0, L_0000022033338600;  1 drivers
v000002203331c130_0 .net *"_ivl_95", 0 0, L_000002203332a5b0;  1 drivers
v000002203331c1d0_0 .net *"_ivl_97", 0 0, L_0000022033329f70;  1 drivers
v000002203331c450_0 .net *"_ivl_98", 0 0, L_00000220333387c0;  1 drivers
v000002203331da30_0 .net "carry", 3 0, L_000002203332a970;  1 drivers
v000002203331dad0_0 .net "cin", 0 0, L_0000022033339db0;  1 drivers
v000002203331dfd0_0 .net "cout", 0 0, L_0000022033339160;  1 drivers
v000002203331dd50_0 .net "g", 3 0, L_000002203332a790;  1 drivers
v000002203331ddf0_0 .net "g_grp", 0 0, L_00000220333381a0;  1 drivers
v000002203331db70_0 .net "in0", 3 0, L_000002203333b4d0;  1 drivers
v000002203331de90_0 .net "in1", 3 0, L_000002203333a490;  1 drivers
v000002203331e070_0 .net "p", 3 0, L_0000022033329390;  1 drivers
v000002203331d990_0 .net "p_grp", 0 0, L_0000022033338590;  1 drivers
v000002203331dc10_0 .net "sum", 3 0, L_000002203333bb10;  1 drivers
L_00000220333292f0 .part L_000002203333b4d0, 0, 1;
L_000002203332a330 .part L_000002203333a490, 0, 1;
L_000002203332b370 .part L_000002203333b4d0, 0, 1;
L_0000022033329c50 .part L_000002203333a490, 0, 1;
L_000002203332ad30 .part L_000002203333b4d0, 1, 1;
L_000002203332abf0 .part L_000002203333a490, 1, 1;
L_0000022033329a70 .part L_000002203333b4d0, 1, 1;
L_000002203332a1f0 .part L_000002203333a490, 1, 1;
L_000002203332b4b0 .part L_000002203333b4d0, 2, 1;
L_000002203332b2d0 .part L_000002203333a490, 2, 1;
L_0000022033329610 .part L_000002203333b4d0, 2, 1;
L_000002203332a6f0 .part L_000002203333a490, 2, 1;
L_0000022033329390 .concat8 [ 1 1 1 1], L_00000220333321f0, L_00000220333320a0, L_0000022033332110, L_0000022033332180;
L_0000022033328f30 .part L_000002203333b4d0, 3, 1;
L_0000022033329cf0 .part L_000002203333a490, 3, 1;
L_000002203332a790 .concat8 [ 1 1 1 1], L_00000220333322d0, L_0000022033332030, L_0000022033332260, L_0000022033332340;
L_0000022033329b10 .part L_000002203333b4d0, 3, 1;
L_0000022033329750 .part L_000002203333a490, 3, 1;
L_0000022033329d90 .part L_000002203332a790, 0, 1;
L_0000022033329e30 .part L_0000022033329390, 0, 1;
L_000002203332a150 .part L_000002203332a970, 0, 1;
L_000002203332a830 .part L_000002203332a790, 1, 1;
L_0000022033329ed0 .part L_0000022033329390, 1, 1;
L_000002203332aab0 .part L_000002203332a790, 0, 1;
L_000002203332a5b0 .part L_0000022033329390, 1, 1;
L_0000022033329f70 .part L_0000022033329390, 0, 1;
L_0000022033329070 .part L_000002203332a970, 0, 1;
L_000002203332a970 .concat8 [ 1 1 1 1], L_0000022033339080, L_0000022033338750, L_0000022033338520, L_0000022033337b80;
L_000002203332a290 .part L_000002203332a790, 2, 1;
L_0000022033329110 .part L_0000022033329390, 2, 1;
L_000002203332a3d0 .part L_000002203332a790, 1, 1;
L_000002203332a650 .part L_0000022033329390, 2, 1;
L_000002203332ae70 .part L_0000022033329390, 1, 1;
L_000002203332add0 .part L_000002203332a790, 0, 1;
L_000002203332af10 .part L_0000022033329390, 2, 1;
L_00000220333291b0 .part L_0000022033329390, 1, 1;
L_000002203332afb0 .part L_0000022033329390, 0, 1;
L_000002203332b410 .part L_000002203332a970, 0, 1;
L_0000022033329250 .part L_0000022033329390, 0, 1;
L_000002203333a0d0 .part L_000002203332a970, 0, 1;
L_000002203333b1b0 .part L_0000022033329390, 1, 1;
L_000002203333b930 .part L_000002203332a970, 1, 1;
L_000002203333c3d0 .part L_0000022033329390, 2, 1;
L_000002203333bd90 .part L_000002203332a970, 2, 1;
L_000002203333bb10 .concat8 [ 1 1 1 1], L_0000022033337fe0, L_00000220333386e0, L_0000022033337e90, L_00000220333392b0;
L_000002203333b390 .part L_0000022033329390, 3, 1;
L_000002203333b9d0 .part L_000002203332a970, 3, 1;
L_000002203333b890 .part L_0000022033329390, 3, 1;
L_000002203333a850 .part L_0000022033329390, 2, 1;
L_000002203333a030 .part L_0000022033329390, 1, 1;
L_000002203333c330 .part L_0000022033329390, 0, 1;
L_000002203333b7f0 .part L_000002203332a790, 3, 1;
L_000002203333c290 .part L_0000022033329390, 3, 1;
L_0000022033339c70 .part L_000002203332a790, 2, 1;
L_000002203333bc50 .part L_0000022033329390, 3, 1;
L_000002203333ae90 .part L_0000022033329390, 2, 1;
L_0000022033339d10 .part L_000002203332a790, 1, 1;
L_000002203333b610 .part L_0000022033329390, 3, 1;
L_000002203333c1f0 .part L_0000022033329390, 2, 1;
L_000002203333a5d0 .part L_0000022033329390, 1, 1;
L_000002203333a3f0 .part L_000002203332a790, 0, 1;
    .scope S_00000220332ac3f0;
T_0 ;
    %vpi_call 3 19 "$dumpfile", "clawaveform.vcd" {0 0 0};
    %vpi_call 3 20 "$dumpvars", 32'sb00000000000000000000000000000000, S_00000220332ac3f0 {0 0 0};
    %pushi/vec4 0, 0, 16;
    %store/vec4 v000002203331a650_0, 0, 16;
    %pushi/vec4 0, 0, 16;
    %store/vec4 v0000022033318b70_0, 0, 16;
    %pushi/vec4 0, 0, 1;
    %store/vec4 v000002203331ae70_0, 0, 1;
    %delay 10000, 0;
    %vpi_call 3 26 "$display", "in0 = %b in1 = %b cin = %b || sum = %b || cout = %b", v000002203331a650_0, v0000022033318b70_0, v000002203331ae70_0, v0000022033319570_0, v000002203331b050_0 {0 0 0};
    %pushi/vec4 65535, 0, 16;
    %store/vec4 v000002203331a650_0, 0, 16;
    %pushi/vec4 65535, 0, 16;
    %store/vec4 v0000022033318b70_0, 0, 16;
    %pushi/vec4 1, 0, 1;
    %store/vec4 v000002203331ae70_0, 0, 1;
    %delay 10000, 0;
    %vpi_call 3 32 "$display", "in0 = %b in1 = %b cin = %b || sum = %b || cout = %b", v000002203331a650_0, v0000022033318b70_0, v000002203331ae70_0, v0000022033319570_0, v000002203331b050_0 {0 0 0};
    %pushi/vec4 21845, 0, 16;
    %store/vec4 v000002203331a650_0, 0, 16;
    %pushi/vec4 43690, 0, 16;
    %store/vec4 v0000022033318b70_0, 0, 16;
    %pushi/vec4 0, 0, 1;
    %store/vec4 v000002203331ae70_0, 0, 1;
    %delay 10000, 0;
    %vpi_call 3 38 "$display", "in0 = %b in1 = %b cin = %b || sum = %b || cout = %b", v000002203331a650_0, v0000022033318b70_0, v000002203331ae70_0, v0000022033319570_0, v000002203331b050_0 {0 0 0};
    %pushi/vec4 4095, 0, 16;
    %store/vec4 v000002203331a650_0, 0, 16;
    %pushi/vec4 1, 0, 16;
    %store/vec4 v0000022033318b70_0, 0, 16;
    %pushi/vec4 0, 0, 1;
    %store/vec4 v000002203331ae70_0, 0, 1;
    %delay 10000, 0;
    %vpi_call 3 44 "$display", "in0 = %b in1 = %b cin = %b || sum = %b || cout = %b", v000002203331a650_0, v0000022033318b70_0, v000002203331ae70_0, v0000022033319570_0, v000002203331b050_0 {0 0 0};
    %pushi/vec4 0, 0, 16;
    %store/vec4 v000002203331a650_0, 0, 16;
    %pushi/vec4 0, 0, 16;
    %store/vec4 v0000022033318b70_0, 0, 16;
    %pushi/vec4 1, 0, 1;
    %store/vec4 v000002203331ae70_0, 0, 1;
    %delay 10000, 0;
    %vpi_call 3 50 "$display", "in0 = %b in1 = %b cin = %b || sum = %b || cout = %b", v000002203331a650_0, v0000022033318b70_0, v000002203331ae70_0, v0000022033319570_0, v000002203331b050_0 {0 0 0};
    %vpi_call 3 51 "$finish" {0 0 0};
    %end;
    .thread T_0;
# The file index is used to find the file name in the following table.
:file_names 4;
    "N/A";
    "<interactive>";
    "ArithmeticUnit/cla_add.v";
    "ArithmeticUnit/tb_cla_add.v";
