#! /c/Source/iverilog-install/bin/vvp
:ivl_version "12.0 (devel)" "(s20150603-1539-g2693dd32b)";
:ivl_delay_selection "TYPICAL";
:vpi_time_precision - 12;
:vpi_module "C:\Users\iverilog\lib\ivl\system.vpi";
:vpi_module "C:\Users\iverilog\lib\ivl\vhdl_sys.vpi";
:vpi_module "C:\Users\iverilog\lib\ivl\vhdl_textio.vpi";
:vpi_module "C:\Users\iverilog\lib\ivl\v2005_math.vpi";
:vpi_module "C:\Users\iverilog\lib\ivl\va_math.vpi";
S_0000022eff93a840 .scope module, "tb_shifting_top" "tb_shifting_top" 2 3;
 .timescale -9 -12;
v0000022eff975420_0 .var "in0", 15 0;
v0000022eff93be80_0 .var "in1", 3 0;
v0000022eff98e520_0 .net "shift_result", 15 0, v0000022eff97b110_0;  1 drivers
v0000022eff994980_0 .var "shift_type", 2 0;
S_0000022eff93e4e0 .scope module, "uut" "shifting_top" 2 9, 3 1 0, S_0000022eff93a840;
 .timescale 0 0;
    .port_info 0 /INPUT 16 "in0";
    .port_info 1 /INPUT 4 "in1";
    .port_info 2 /INPUT 3 "shift_type";
    .port_info 3 /OUTPUT 16 "shift_result";
v0000022eff953000_0 .net "in0", 15 0, v0000022eff975420_0;  1 drivers
v0000022eff952c30_0 .net "in1", 3 0, v0000022eff93be80_0;  1 drivers
v0000022eff97b110_0 .var "shift_result", 15 0;
v0000022eff953390_0 .net "shift_type", 2 0, v0000022eff994980_0;  1 drivers
E_0000022eff97d800 .event anyedge, v0000022eff953390_0, v0000022eff953000_0, v0000022eff952c30_0;
    .scope S_0000022eff93e4e0;
T_0 ;
    %wait E_0000022eff97d800;
    %load/vec4 v0000022eff953390_0;
    %dup/vec4;
    %pushi/vec4 0, 0, 3;
    %cmp/u;
    %jmp/1 T_0.0, 6;
    %dup/vec4;
    %pushi/vec4 1, 0, 3;
    %cmp/u;
    %jmp/1 T_0.1, 6;
    %dup/vec4;
    %pushi/vec4 2, 0, 3;
    %cmp/u;
    %jmp/1 T_0.2, 6;
    %dup/vec4;
    %pushi/vec4 3, 0, 3;
    %cmp/u;
    %jmp/1 T_0.3, 6;
    %dup/vec4;
    %pushi/vec4 4, 0, 3;
    %cmp/u;
    %jmp/1 T_0.4, 6;
    %dup/vec4;
    %pushi/vec4 5, 0, 3;
    %cmp/u;
    %jmp/1 T_0.5, 6;
    %dup/vec4;
    %pushi/vec4 6, 0, 3;
    %cmp/u;
    %jmp/1 T_0.6, 6;
    %dup/vec4;
    %pushi/vec4 7, 0, 3;
    %cmp/u;
    %jmp/1 T_0.7, 6;
    %jmp T_0.8;
T_0.0 ;
    %load/vec4 v0000022eff953000_0;
    %ix/getv 4, v0000022eff952c30_0;
    %shiftl 4;
    %store/vec4 v0000022eff97b110_0, 0, 16;
    %jmp T_0.8;
T_0.1 ;
    %load/vec4 v0000022eff953000_0;
    %ix/getv 4, v0000022eff952c30_0;
    %shiftr 4;
    %store/vec4 v0000022eff97b110_0, 0, 16;
    %jmp T_0.8;
T_0.2 ;
    %load/vec4 v0000022eff953000_0;
    %ix/getv 4, v0000022eff952c30_0;
    %shiftl 4;
    %store/vec4 v0000022eff97b110_0, 0, 16;
    %jmp T_0.8;
T_0.3 ;
    %load/vec4 v0000022eff953000_0;
    %parti/s 1, 15, 5;
    %inv;
    %flag_set/vec4 8;
    %jmp/0xz  T_0.9, 8;
    %load/vec4 v0000022eff953000_0;
    %ix/getv 4, v0000022eff952c30_0;
    %shiftr 4;
    %store/vec4 v0000022eff97b110_0, 0, 16;
    %jmp T_0.10;
T_0.9 ;
    %load/vec4 v0000022eff953000_0;
    %ix/getv 4, v0000022eff952c30_0;
    %shiftr 4;
    %store/vec4 v0000022eff97b110_0, 0, 16;
    %load/vec4 v0000022eff953000_0;
    %ix/getv 4, v0000022eff952c30_0;
    %shiftr 4;
    %pushi/vec4 4095, 0, 16;
    %pushi/vec4 16, 0, 32;
    %load/vec4 v0000022eff952c30_0;
    %pad/u 32;
    %sub;
    %ix/vec4 4;
    %shiftl 4;
    %or;
    %store/vec4 v0000022eff97b110_0, 0, 16;
T_0.10 ;
    %jmp T_0.8;
T_0.4 ;
    %load/vec4 v0000022eff953000_0;
    %ix/getv 4, v0000022eff952c30_0;
    %shiftl 4;
    %load/vec4 v0000022eff953000_0;
    %pushi/vec4 16, 0, 32;
    %load/vec4 v0000022eff952c30_0;
    %pad/u 32;
    %sub;
    %ix/vec4 4;
    %shiftr 4;
    %or;
    %store/vec4 v0000022eff97b110_0, 0, 16;
    %jmp T_0.8;
T_0.5 ;
    %load/vec4 v0000022eff953000_0;
    %ix/getv 4, v0000022eff952c30_0;
    %shiftr 4;
    %load/vec4 v0000022eff953000_0;
    %pushi/vec4 16, 0, 32;
    %load/vec4 v0000022eff952c30_0;
    %pad/u 32;
    %sub;
    %ix/vec4 4;
    %shiftl 4;
    %or;
    %store/vec4 v0000022eff97b110_0, 0, 16;
    %jmp T_0.8;
T_0.6 ;
    %pushi/vec4 0, 0, 16;
    %store/vec4 v0000022eff97b110_0, 0, 16;
    %jmp T_0.8;
T_0.7 ;
    %pushi/vec4 0, 0, 16;
    %store/vec4 v0000022eff97b110_0, 0, 16;
    %jmp T_0.8;
T_0.8 ;
    %pop/vec4 1;
    %jmp T_0;
    .thread T_0, $push;
    .scope S_0000022eff93a840;
T_1 ;
    %vpi_call 2 17 "$dumpfile", "shiftingwaveform.vcd" {0 0 0};
    %vpi_call 2 18 "$dumpvars", 32'sb00000000000000000000000000000000, S_0000022eff93a840 {0 0 0};
    %pushi/vec4 0, 0, 16;
    %store/vec4 v0000022eff975420_0, 0, 16;
    %pushi/vec4 0, 0, 4;
    %store/vec4 v0000022eff93be80_0, 0, 4;
    %pushi/vec4 0, 0, 3;
    %store/vec4 v0000022eff994980_0, 0, 3;
    %delay 10000, 0;
    %vpi_call 2 21 "$display", "Input number: %b || Shifted by: %b || Shift type: %b || Output: %b ||", v0000022eff975420_0, v0000022eff93be80_0, v0000022eff994980_0, v0000022eff98e520_0 {0 0 0};
    %pushi/vec4 1, 0, 16;
    %store/vec4 v0000022eff975420_0, 0, 16;
    %pushi/vec4 1, 0, 4;
    %store/vec4 v0000022eff93be80_0, 0, 4;
    %pushi/vec4 0, 0, 3;
    %store/vec4 v0000022eff994980_0, 0, 3;
    %delay 10000, 0;
    %vpi_call 2 23 "$display", "Input number: %b || Shifted by: %b || Shift type: %b || Output: %b ||", v0000022eff975420_0, v0000022eff93be80_0, v0000022eff994980_0, v0000022eff98e520_0 {0 0 0};
    %pushi/vec4 32768, 0, 16;
    %store/vec4 v0000022eff975420_0, 0, 16;
    %pushi/vec4 15, 0, 4;
    %store/vec4 v0000022eff93be80_0, 0, 4;
    %pushi/vec4 0, 0, 3;
    %store/vec4 v0000022eff994980_0, 0, 3;
    %delay 10000, 0;
    %vpi_call 2 25 "$display", "Input number: %b || Shifted by: %b || Shift type: %b || Output: %b ||", v0000022eff975420_0, v0000022eff93be80_0, v0000022eff994980_0, v0000022eff98e520_0 {0 0 0};
    %pushi/vec4 1, 0, 16;
    %store/vec4 v0000022eff975420_0, 0, 16;
    %pushi/vec4 15, 0, 4;
    %store/vec4 v0000022eff93be80_0, 0, 4;
    %pushi/vec4 1, 0, 3;
    %store/vec4 v0000022eff994980_0, 0, 3;
    %delay 10000, 0;
    %vpi_call 2 27 "$display", "Input number: %b || Shifted by: %b || Shift type: %b || Output: %b ||", v0000022eff975420_0, v0000022eff93be80_0, v0000022eff994980_0, v0000022eff98e520_0 {0 0 0};
    %pushi/vec4 61440, 0, 16;
    %store/vec4 v0000022eff975420_0, 0, 16;
    %pushi/vec4 4, 0, 4;
    %store/vec4 v0000022eff93be80_0, 0, 4;
    %pushi/vec4 1, 0, 3;
    %store/vec4 v0000022eff994980_0, 0, 3;
    %delay 10000, 0;
    %vpi_call 2 29 "$display", "Input number: %b || Shifted by: %b || Shift type: %b || Output: %b ||", v0000022eff975420_0, v0000022eff93be80_0, v0000022eff994980_0, v0000022eff98e520_0 {0 0 0};
    %pushi/vec4 61440, 0, 16;
    %store/vec4 v0000022eff975420_0, 0, 16;
    %pushi/vec4 1, 0, 4;
    %store/vec4 v0000022eff93be80_0, 0, 4;
    %pushi/vec4 2, 0, 3;
    %store/vec4 v0000022eff994980_0, 0, 3;
    %delay 10000, 0;
    %vpi_call 2 31 "$display", "Input number: %b || Shifted by: %b || Shift type: %b || Output: %b ||", v0000022eff975420_0, v0000022eff93be80_0, v0000022eff994980_0, v0000022eff98e520_0 {0 0 0};
    %pushi/vec4 32768, 0, 16;
    %store/vec4 v0000022eff975420_0, 0, 16;
    %pushi/vec4 1, 0, 4;
    %store/vec4 v0000022eff93be80_0, 0, 4;
    %pushi/vec4 3, 0, 3;
    %store/vec4 v0000022eff994980_0, 0, 3;
    %delay 10000, 0;
    %vpi_call 2 33 "$display", "Input number: %b || Shifted by: %b || Shift type: %b || Output: %b ||", v0000022eff975420_0, v0000022eff93be80_0, v0000022eff994980_0, v0000022eff98e520_0 {0 0 0};
    %pushi/vec4 28672, 0, 16;
    %store/vec4 v0000022eff975420_0, 0, 16;
    %pushi/vec4 1, 0, 4;
    %store/vec4 v0000022eff93be80_0, 0, 4;
    %pushi/vec4 3, 0, 3;
    %store/vec4 v0000022eff994980_0, 0, 3;
    %delay 10000, 0;
    %vpi_call 2 35 "$display", "Input number: %b || Shifted by: %b || Shift type: %b || Output: %b ||", v0000022eff975420_0, v0000022eff93be80_0, v0000022eff994980_0, v0000022eff98e520_0 {0 0 0};
    %pushi/vec4 4096, 0, 16;
    %store/vec4 v0000022eff975420_0, 0, 16;
    %pushi/vec4 1, 0, 4;
    %store/vec4 v0000022eff93be80_0, 0, 4;
    %pushi/vec4 4, 0, 3;
    %store/vec4 v0000022eff994980_0, 0, 3;
    %delay 10000, 0;
    %vpi_call 2 37 "$display", "Input number: %b || Shifted by: %b || Shift type: %b || Output: %b ||", v0000022eff975420_0, v0000022eff93be80_0, v0000022eff994980_0, v0000022eff98e520_0 {0 0 0};
    %pushi/vec4 32769, 0, 16;
    %store/vec4 v0000022eff975420_0, 0, 16;
    %pushi/vec4 1, 0, 4;
    %store/vec4 v0000022eff93be80_0, 0, 4;
    %pushi/vec4 4, 0, 3;
    %store/vec4 v0000022eff994980_0, 0, 3;
    %delay 10000, 0;
    %vpi_call 2 39 "$display", "Input number: %b || Shifted by: %b || Shift type: %b || Output: %b ||", v0000022eff975420_0, v0000022eff93be80_0, v0000022eff994980_0, v0000022eff98e520_0 {0 0 0};
    %pushi/vec4 2, 0, 16;
    %store/vec4 v0000022eff975420_0, 0, 16;
    %pushi/vec4 1, 0, 4;
    %store/vec4 v0000022eff93be80_0, 0, 4;
    %pushi/vec4 5, 0, 3;
    %store/vec4 v0000022eff994980_0, 0, 3;
    %delay 10000, 0;
    %vpi_call 2 41 "$display", "Input number: %b || Shifted by: %b || Shift type: %b || Output: %b ||", v0000022eff975420_0, v0000022eff93be80_0, v0000022eff994980_0, v0000022eff98e520_0 {0 0 0};
    %pushi/vec4 3, 0, 16;
    %store/vec4 v0000022eff975420_0, 0, 16;
    %pushi/vec4 1, 0, 4;
    %store/vec4 v0000022eff93be80_0, 0, 4;
    %pushi/vec4 5, 0, 3;
    %store/vec4 v0000022eff994980_0, 0, 3;
    %delay 10000, 0;
    %vpi_call 2 43 "$display", "Input number: %b || Shifted by: %b || Shift type: %b || Output: %b ||", v0000022eff975420_0, v0000022eff93be80_0, v0000022eff994980_0, v0000022eff98e520_0 {0 0 0};
    %pushi/vec4 61440, 0, 16;
    %store/vec4 v0000022eff975420_0, 0, 16;
    %pushi/vec4 1, 0, 4;
    %store/vec4 v0000022eff93be80_0, 0, 4;
    %pushi/vec4 6, 0, 3;
    %store/vec4 v0000022eff994980_0, 0, 3;
    %delay 10000, 0;
    %vpi_call 2 45 "$display", "Input number: %b || Shifted by: %b || Shift type: %b || Output: %b ||", v0000022eff975420_0, v0000022eff93be80_0, v0000022eff994980_0, v0000022eff98e520_0 {0 0 0};
    %pushi/vec4 1, 0, 16;
    %store/vec4 v0000022eff975420_0, 0, 16;
    %pushi/vec4 1, 0, 4;
    %store/vec4 v0000022eff93be80_0, 0, 4;
    %pushi/vec4 7, 0, 3;
    %store/vec4 v0000022eff994980_0, 0, 3;
    %delay 10000, 0;
    %vpi_call 2 47 "$display", "Input number: %b || Shifted by: %b || Shift type: %b || Output: %b ||", v0000022eff975420_0, v0000022eff93be80_0, v0000022eff994980_0, v0000022eff98e520_0 {0 0 0};
    %pushi/vec4 32768, 0, 16;
    %store/vec4 v0000022eff975420_0, 0, 16;
    %pushi/vec4 1, 0, 4;
    %store/vec4 v0000022eff93be80_0, 0, 4;
    %pushi/vec4 3, 0, 3;
    %store/vec4 v0000022eff994980_0, 0, 3;
    %delay 10000, 0;
    %vpi_call 2 49 "$display", "Input number: %b || Shifted by: %b || Shift type: %b || Output: %b ||", v0000022eff975420_0, v0000022eff93be80_0, v0000022eff994980_0, v0000022eff98e520_0 {0 0 0};
    %pushi/vec4 28672, 0, 16;
    %store/vec4 v0000022eff975420_0, 0, 16;
    %pushi/vec4 1, 0, 4;
    %store/vec4 v0000022eff93be80_0, 0, 4;
    %pushi/vec4 3, 0, 3;
    %store/vec4 v0000022eff994980_0, 0, 3;
    %delay 10000, 0;
    %vpi_call 2 51 "$display", "Input number: %b || Shifted by: %b || Shift type: %b || Output: %b ||", v0000022eff975420_0, v0000022eff93be80_0, v0000022eff994980_0, v0000022eff98e520_0 {0 0 0};
    %vpi_call 2 52 "$finish" {0 0 0};
    %end;
    .thread T_1;
# The file index is used to find the file name in the following table.
:file_names 4;
    "N/A";
    "<interactive>";
    "ShiftingUnit/tb_shifting_top.v";
    "ShiftingUnit/shifting_top.v";
