#! /c/Source/iverilog-install/bin/vvp
:ivl_version "12.0 (devel)" "(s20150603-1539-g2693dd32b)";
:ivl_delay_selection "TYPICAL";
:vpi_time_precision - 12;
:vpi_module "C:\Users\iverilog\lib\ivl\system.vpi";
:vpi_module "C:\Users\iverilog\lib\ivl\vhdl_sys.vpi";
:vpi_module "C:\Users\iverilog\lib\ivl\vhdl_textio.vpi";
:vpi_module "C:\Users\iverilog\lib\ivl\v2005_math.vpi";
:vpi_module "C:\Users\iverilog\lib\ivl\va_math.vpi";
S_000001363c5c81a0 .scope module, "tb_signed_div" "tb_signed_div" 2 3;
 .timescale -9 -12;
v000001363c642640_0 .var "dividend", 15 0;
v000001363c6426e0_0 .var "divisor", 15 0;
v000001363c6425a0_0 .net "final_quotient", 15 0, v000001363c641ce0_0;  1 drivers
v000001363c642000_0 .net "final_remainder", 15 0, v000001363c6421e0_0;  1 drivers
S_000001363c5c95a0 .scope module, "uut" "signed_div" 2 9, 3 1 0, S_000001363c5c81a0;
 .timescale 0 0;
    .port_info 0 /INPUT 16 "divisor";
    .port_info 1 /INPUT 16 "dividend";
    .port_info 2 /OUTPUT 16 "final_quotient";
    .port_info 3 /OUTPUT 16 "final_remainder";
L_000001363c5e6160 .functor XOR 1, L_000001363c641880, L_000001363c641e20, C4<0>, C4<0>;
v000001363c5a2830_0 .net *"_ivl_1", 0 0, L_000001363c641880;  1 drivers
v000001363c6420a0_0 .net *"_ivl_3", 0 0, L_000001363c641e20;  1 drivers
v000001363c642460_0 .net "dividend", 15 0, v000001363c642640_0;  1 drivers
v000001363c641b00_0 .net "divisor", 15 0, v000001363c6426e0_0;  1 drivers
v000001363c641ce0_0 .var "final_quotient", 15 0;
v000001363c6421e0_0 .var "final_remainder", 15 0;
v000001363c6423c0_0 .net "quotient_sign", 0 0, L_000001363c5e6160;  1 drivers
v000001363c6417e0_0 .net "remainder_sign", 0 0, L_000001363c641920;  1 drivers
v000001363c642500_0 .var "temp_dividend", 15 0;
v000001363c642320_0 .var "temp_divisor", 15 0;
v000001363c642280_0 .net "temp_quotient", 15 0, v000001363c5e2150_0;  1 drivers
v000001363c641a60_0 .net "temp_remainder", 15 0, v000001363c5e2290_0;  1 drivers
E_000001363c5cd3e0 .event anyedge, v000001363c6423c0_0, v000001363c5e2150_0, v000001363c6417e0_0, v000001363c5e2290_0;
E_000001363c5ccaa0 .event anyedge, v000001363c641b00_0, v000001363c642460_0;
L_000001363c641880 .part v000001363c6426e0_0, 15, 1;
L_000001363c641e20 .part v000001363c642640_0, 15, 1;
L_000001363c641920 .part v000001363c642640_0, 15, 1;
S_000001363c5d4460 .scope module, "unsigneddivisionlogic" "unsigned_div" 3 31, 4 1 0, S_000001363c5c95a0;
 .timescale 0 0;
    .port_info 0 /INPUT 16 "dividend";
    .port_info 1 /INPUT 16 "divisor";
    .port_info 2 /OUTPUT 16 "quotient";
    .port_info 3 /OUTPUT 16 "remainder";
v000001363c5a3000_0 .net "dividend", 15 0, v000001363c642500_0;  1 drivers
v000001363c5c9730_0 .net "divisor", 15 0, v000001363c642320_0;  1 drivers
v000001363c5e20b0_0 .var/i "i", 31 0;
v000001363c5e2150_0 .var "quotient", 15 0;
v000001363c5e21f0 .array "quotient_stages", 16 0, 15 0;
v000001363c5e2290_0 .var "remainder", 15 0;
v000001363c5e2330 .array "remainder_stages", 16 0, 16 0;
v000001363c5e23d0 .array "temp_remainder", 15 0, 16 0;
v000001363c5e2470 .array "temp_sub", 15 0, 16 0;
v000001363c5e2330_0 .array/port v000001363c5e2330, 0;
v000001363c5e2330_1 .array/port v000001363c5e2330, 1;
v000001363c5e2330_2 .array/port v000001363c5e2330, 2;
E_000001363c5cc5e0/0 .event anyedge, v000001363c5a3000_0, v000001363c5e2330_0, v000001363c5e2330_1, v000001363c5e2330_2;
v000001363c5e2330_3 .array/port v000001363c5e2330, 3;
v000001363c5e2330_4 .array/port v000001363c5e2330, 4;
v000001363c5e2330_5 .array/port v000001363c5e2330, 5;
v000001363c5e2330_6 .array/port v000001363c5e2330, 6;
E_000001363c5cc5e0/1 .event anyedge, v000001363c5e2330_3, v000001363c5e2330_4, v000001363c5e2330_5, v000001363c5e2330_6;
v000001363c5e2330_7 .array/port v000001363c5e2330, 7;
v000001363c5e2330_8 .array/port v000001363c5e2330, 8;
v000001363c5e2330_9 .array/port v000001363c5e2330, 9;
v000001363c5e2330_10 .array/port v000001363c5e2330, 10;
E_000001363c5cc5e0/2 .event anyedge, v000001363c5e2330_7, v000001363c5e2330_8, v000001363c5e2330_9, v000001363c5e2330_10;
v000001363c5e2330_11 .array/port v000001363c5e2330, 11;
v000001363c5e2330_12 .array/port v000001363c5e2330, 12;
v000001363c5e2330_13 .array/port v000001363c5e2330, 13;
v000001363c5e2330_14 .array/port v000001363c5e2330, 14;
E_000001363c5cc5e0/3 .event anyedge, v000001363c5e2330_11, v000001363c5e2330_12, v000001363c5e2330_13, v000001363c5e2330_14;
v000001363c5e2330_15 .array/port v000001363c5e2330, 15;
v000001363c5e2330_16 .array/port v000001363c5e2330, 16;
v000001363c5e21f0_0 .array/port v000001363c5e21f0, 0;
v000001363c5e21f0_1 .array/port v000001363c5e21f0, 1;
E_000001363c5cc5e0/4 .event anyedge, v000001363c5e2330_15, v000001363c5e2330_16, v000001363c5e21f0_0, v000001363c5e21f0_1;
v000001363c5e21f0_2 .array/port v000001363c5e21f0, 2;
v000001363c5e21f0_3 .array/port v000001363c5e21f0, 3;
v000001363c5e21f0_4 .array/port v000001363c5e21f0, 4;
v000001363c5e21f0_5 .array/port v000001363c5e21f0, 5;
E_000001363c5cc5e0/5 .event anyedge, v000001363c5e21f0_2, v000001363c5e21f0_3, v000001363c5e21f0_4, v000001363c5e21f0_5;
v000001363c5e21f0_6 .array/port v000001363c5e21f0, 6;
v000001363c5e21f0_7 .array/port v000001363c5e21f0, 7;
v000001363c5e21f0_8 .array/port v000001363c5e21f0, 8;
v000001363c5e21f0_9 .array/port v000001363c5e21f0, 9;
E_000001363c5cc5e0/6 .event anyedge, v000001363c5e21f0_6, v000001363c5e21f0_7, v000001363c5e21f0_8, v000001363c5e21f0_9;
v000001363c5e21f0_10 .array/port v000001363c5e21f0, 10;
v000001363c5e21f0_11 .array/port v000001363c5e21f0, 11;
v000001363c5e21f0_12 .array/port v000001363c5e21f0, 12;
v000001363c5e21f0_13 .array/port v000001363c5e21f0, 13;
E_000001363c5cc5e0/7 .event anyedge, v000001363c5e21f0_10, v000001363c5e21f0_11, v000001363c5e21f0_12, v000001363c5e21f0_13;
v000001363c5e21f0_14 .array/port v000001363c5e21f0, 14;
v000001363c5e21f0_15 .array/port v000001363c5e21f0, 15;
v000001363c5e21f0_16 .array/port v000001363c5e21f0, 16;
v000001363c5e23d0_0 .array/port v000001363c5e23d0, 0;
E_000001363c5cc5e0/8 .event anyedge, v000001363c5e21f0_14, v000001363c5e21f0_15, v000001363c5e21f0_16, v000001363c5e23d0_0;
v000001363c5e23d0_1 .array/port v000001363c5e23d0, 1;
v000001363c5e23d0_2 .array/port v000001363c5e23d0, 2;
v000001363c5e23d0_3 .array/port v000001363c5e23d0, 3;
v000001363c5e23d0_4 .array/port v000001363c5e23d0, 4;
E_000001363c5cc5e0/9 .event anyedge, v000001363c5e23d0_1, v000001363c5e23d0_2, v000001363c5e23d0_3, v000001363c5e23d0_4;
v000001363c5e23d0_5 .array/port v000001363c5e23d0, 5;
v000001363c5e23d0_6 .array/port v000001363c5e23d0, 6;
v000001363c5e23d0_7 .array/port v000001363c5e23d0, 7;
v000001363c5e23d0_8 .array/port v000001363c5e23d0, 8;
E_000001363c5cc5e0/10 .event anyedge, v000001363c5e23d0_5, v000001363c5e23d0_6, v000001363c5e23d0_7, v000001363c5e23d0_8;
v000001363c5e23d0_9 .array/port v000001363c5e23d0, 9;
v000001363c5e23d0_10 .array/port v000001363c5e23d0, 10;
v000001363c5e23d0_11 .array/port v000001363c5e23d0, 11;
v000001363c5e23d0_12 .array/port v000001363c5e23d0, 12;
E_000001363c5cc5e0/11 .event anyedge, v000001363c5e23d0_9, v000001363c5e23d0_10, v000001363c5e23d0_11, v000001363c5e23d0_12;
v000001363c5e23d0_13 .array/port v000001363c5e23d0, 13;
v000001363c5e23d0_14 .array/port v000001363c5e23d0, 14;
v000001363c5e23d0_15 .array/port v000001363c5e23d0, 15;
E_000001363c5cc5e0/12 .event anyedge, v000001363c5e23d0_13, v000001363c5e23d0_14, v000001363c5e23d0_15, v000001363c5c9730_0;
v000001363c5e2470_0 .array/port v000001363c5e2470, 0;
v000001363c5e2470_1 .array/port v000001363c5e2470, 1;
v000001363c5e2470_2 .array/port v000001363c5e2470, 2;
v000001363c5e2470_3 .array/port v000001363c5e2470, 3;
E_000001363c5cc5e0/13 .event anyedge, v000001363c5e2470_0, v000001363c5e2470_1, v000001363c5e2470_2, v000001363c5e2470_3;
v000001363c5e2470_4 .array/port v000001363c5e2470, 4;
v000001363c5e2470_5 .array/port v000001363c5e2470, 5;
v000001363c5e2470_6 .array/port v000001363c5e2470, 6;
v000001363c5e2470_7 .array/port v000001363c5e2470, 7;
E_000001363c5cc5e0/14 .event anyedge, v000001363c5e2470_4, v000001363c5e2470_5, v000001363c5e2470_6, v000001363c5e2470_7;
v000001363c5e2470_8 .array/port v000001363c5e2470, 8;
v000001363c5e2470_9 .array/port v000001363c5e2470, 9;
v000001363c5e2470_10 .array/port v000001363c5e2470, 10;
v000001363c5e2470_11 .array/port v000001363c5e2470, 11;
E_000001363c5cc5e0/15 .event anyedge, v000001363c5e2470_8, v000001363c5e2470_9, v000001363c5e2470_10, v000001363c5e2470_11;
v000001363c5e2470_12 .array/port v000001363c5e2470, 12;
v000001363c5e2470_13 .array/port v000001363c5e2470, 13;
v000001363c5e2470_14 .array/port v000001363c5e2470, 14;
v000001363c5e2470_15 .array/port v000001363c5e2470, 15;
E_000001363c5cc5e0/16 .event anyedge, v000001363c5e2470_12, v000001363c5e2470_13, v000001363c5e2470_14, v000001363c5e2470_15;
E_000001363c5cc5e0 .event/or E_000001363c5cc5e0/0, E_000001363c5cc5e0/1, E_000001363c5cc5e0/2, E_000001363c5cc5e0/3, E_000001363c5cc5e0/4, E_000001363c5cc5e0/5, E_000001363c5cc5e0/6, E_000001363c5cc5e0/7, E_000001363c5cc5e0/8, E_000001363c5cc5e0/9, E_000001363c5cc5e0/10, E_000001363c5cc5e0/11, E_000001363c5cc5e0/12, E_000001363c5cc5e0/13, E_000001363c5cc5e0/14, E_000001363c5cc5e0/15, E_000001363c5cc5e0/16;
    .scope S_000001363c5d4460;
T_0 ;
    %wait E_000001363c5cc5e0;
    %pushi/vec4 0, 0, 17;
    %ix/load 4, 0, 0;
    %flag_set/imm 4, 0;
    %store/vec4a v000001363c5e2330, 4, 0;
    %load/vec4 v000001363c5a3000_0;
    %ix/load 4, 0, 0;
    %flag_set/imm 4, 0;
    %store/vec4a v000001363c5e21f0, 4, 0;
    %pushi/vec4 0, 0, 32;
    %store/vec4 v000001363c5e20b0_0, 0, 32;
T_0.0 ;
    %load/vec4 v000001363c5e20b0_0;
    %cmpi/s 16, 0, 32;
    %jmp/0xz T_0.1, 5;
    %ix/getv/s 4, v000001363c5e20b0_0;
    %load/vec4a v000001363c5e2330, 4;
    %parti/s 16, 0, 2;
    %ix/getv/s 4, v000001363c5e20b0_0;
    %load/vec4a v000001363c5e21f0, 4;
    %parti/s 1, 15, 5;
    %concat/vec4; draw_concat_vec4
    %ix/getv/s 4, v000001363c5e20b0_0;
    %store/vec4a v000001363c5e23d0, 4, 0;
    %ix/getv/s 4, v000001363c5e20b0_0;
    %load/vec4a v000001363c5e23d0, 4;
    %pushi/vec4 0, 0, 1;
    %load/vec4 v000001363c5c9730_0;
    %concat/vec4; draw_concat_vec4
    %sub;
    %ix/getv/s 4, v000001363c5e20b0_0;
    %store/vec4a v000001363c5e2470, 4, 0;
    %ix/getv/s 4, v000001363c5e20b0_0;
    %load/vec4a v000001363c5e2470, 4;
    %parti/s 1, 16, 6;
    %cmpi/e 0, 0, 1;
    %jmp/0xz  T_0.2, 4;
    %ix/getv/s 4, v000001363c5e20b0_0;
    %load/vec4a v000001363c5e2470, 4;
    %load/vec4 v000001363c5e20b0_0;
    %addi 1, 0, 32;
    %ix/vec4/s 4;
    %store/vec4a v000001363c5e2330, 4, 0;
    %ix/getv/s 4, v000001363c5e20b0_0;
    %load/vec4a v000001363c5e21f0, 4;
    %parti/s 15, 0, 2;
    %concati/vec4 1, 0, 1;
    %load/vec4 v000001363c5e20b0_0;
    %addi 1, 0, 32;
    %ix/vec4/s 4;
    %store/vec4a v000001363c5e21f0, 4, 0;
    %jmp T_0.3;
T_0.2 ;
    %ix/getv/s 4, v000001363c5e20b0_0;
    %load/vec4a v000001363c5e23d0, 4;
    %load/vec4 v000001363c5e20b0_0;
    %addi 1, 0, 32;
    %ix/vec4/s 4;
    %store/vec4a v000001363c5e2330, 4, 0;
    %ix/getv/s 4, v000001363c5e20b0_0;
    %load/vec4a v000001363c5e21f0, 4;
    %ix/load 4, 1, 0;
    %flag_set/imm 4, 0;
    %shiftl 4;
    %load/vec4 v000001363c5e20b0_0;
    %addi 1, 0, 32;
    %ix/vec4/s 4;
    %store/vec4a v000001363c5e21f0, 4, 0;
T_0.3 ;
    %load/vec4 v000001363c5e20b0_0;
    %addi 1, 0, 32;
    %store/vec4 v000001363c5e20b0_0, 0, 32;
    %jmp T_0.0;
T_0.1 ;
    %ix/load 4, 16, 0;
    %flag_set/imm 4, 0;
    %load/vec4a v000001363c5e21f0, 4;
    %store/vec4 v000001363c5e2150_0, 0, 16;
    %ix/load 4, 16, 0;
    %flag_set/imm 4, 0;
    %load/vec4a v000001363c5e2330, 4;
    %parti/s 16, 0, 2;
    %store/vec4 v000001363c5e2290_0, 0, 16;
    %jmp T_0;
    .thread T_0, $push;
    .scope S_000001363c5c95a0;
T_1 ;
    %wait E_000001363c5ccaa0;
    %load/vec4 v000001363c641b00_0;
    %parti/s 1, 15, 5;
    %inv;
    %flag_set/vec4 8;
    %jmp/0xz  T_1.0, 8;
    %load/vec4 v000001363c641b00_0;
    %store/vec4 v000001363c642320_0, 0, 16;
    %jmp T_1.1;
T_1.0 ;
    %load/vec4 v000001363c641b00_0;
    %inv;
    %addi 1, 0, 16;
    %store/vec4 v000001363c642320_0, 0, 16;
T_1.1 ;
    %load/vec4 v000001363c642460_0;
    %parti/s 1, 15, 5;
    %inv;
    %flag_set/vec4 8;
    %jmp/0xz  T_1.2, 8;
    %load/vec4 v000001363c642460_0;
    %store/vec4 v000001363c642500_0, 0, 16;
    %jmp T_1.3;
T_1.2 ;
    %load/vec4 v000001363c642460_0;
    %inv;
    %addi 1, 0, 16;
    %store/vec4 v000001363c642500_0, 0, 16;
T_1.3 ;
    %jmp T_1;
    .thread T_1, $push;
    .scope S_000001363c5c95a0;
T_2 ;
    %wait E_000001363c5cd3e0;
    %load/vec4 v000001363c6423c0_0;
    %inv;
    %flag_set/vec4 8;
    %jmp/0xz  T_2.0, 8;
    %load/vec4 v000001363c642280_0;
    %store/vec4 v000001363c641ce0_0, 0, 16;
    %jmp T_2.1;
T_2.0 ;
    %load/vec4 v000001363c642280_0;
    %inv;
    %addi 1, 0, 16;
    %store/vec4 v000001363c641ce0_0, 0, 16;
T_2.1 ;
    %load/vec4 v000001363c6417e0_0;
    %inv;
    %flag_set/vec4 8;
    %jmp/0xz  T_2.2, 8;
    %load/vec4 v000001363c641a60_0;
    %store/vec4 v000001363c6421e0_0, 0, 16;
    %jmp T_2.3;
T_2.2 ;
    %load/vec4 v000001363c641a60_0;
    %inv;
    %addi 1, 0, 16;
    %store/vec4 v000001363c6421e0_0, 0, 16;
T_2.3 ;
    %jmp T_2;
    .thread T_2, $push;
    .scope S_000001363c5c81a0;
T_3 ;
    %vpi_call 2 17 "$dumpfile", "signedwaveform.vcd" {0 0 0};
    %vpi_call 2 18 "$dumpvars", 32'sb00000000000000000000000000000000, S_000001363c5c81a0 {0 0 0};
    %pushi/vec4 100, 0, 16;
    %store/vec4 v000001363c642640_0, 0, 16;
    %pushi/vec4 10, 0, 16;
    %store/vec4 v000001363c6426e0_0, 0, 16;
    %delay 10000, 0;
    %vpi_call 2 23 "$display", "input 1 = %d input 2 = %d || quotient = %d || remainder = %d", v000001363c642640_0, v000001363c6426e0_0, v000001363c6425a0_0, v000001363c642000_0 {0 0 0};
    %pushi/vec4 64536, 0, 16;
    %store/vec4 v000001363c642640_0, 0, 16;
    %pushi/vec4 10, 0, 16;
    %store/vec4 v000001363c6426e0_0, 0, 16;
    %delay 10000, 0;
    %vpi_call 2 28 "$display", "input 1 = %d input 2 = %d || quotient = %d || remainder = %d", v000001363c642640_0, v000001363c6426e0_0, v000001363c6425a0_0, v000001363c642000_0 {0 0 0};
    %pushi/vec4 1000, 0, 16;
    %store/vec4 v000001363c642640_0, 0, 16;
    %pushi/vec4 65526, 0, 16;
    %store/vec4 v000001363c6426e0_0, 0, 16;
    %delay 10000, 0;
    %vpi_call 2 33 "$display", "input 1 = %d input 2 = %d || quotient = %d || remainder = %d", v000001363c642640_0, v000001363c6426e0_0, v000001363c6425a0_0, v000001363c642000_0 {0 0 0};
    %pushi/vec4 64536, 0, 16;
    %store/vec4 v000001363c642640_0, 0, 16;
    %pushi/vec4 65526, 0, 16;
    %store/vec4 v000001363c6426e0_0, 0, 16;
    %delay 10000, 0;
    %vpi_call 2 38 "$display", "input 1 = %d input 2 = %d || quotient = %d || remainder = %d", v000001363c642640_0, v000001363c6426e0_0, v000001363c6425a0_0, v000001363c642000_0 {0 0 0};
    %pushi/vec4 123, 0, 16;
    %store/vec4 v000001363c642640_0, 0, 16;
    %pushi/vec4 1, 0, 16;
    %store/vec4 v000001363c6426e0_0, 0, 16;
    %delay 10000, 0;
    %vpi_call 2 43 "$display", "input 1 = %d input 2 = %d || quotient = %d || remainder = %d", v000001363c642640_0, v000001363c6426e0_0, v000001363c6425a0_0, v000001363c642000_0 {0 0 0};
    %pushi/vec4 123, 0, 16;
    %store/vec4 v000001363c642640_0, 0, 16;
    %pushi/vec4 65535, 0, 16;
    %store/vec4 v000001363c6426e0_0, 0, 16;
    %delay 10000, 0;
    %vpi_call 2 48 "$display", "input 1 = %d input 2 = %d || quotient = %d || remainder = %d", v000001363c642640_0, v000001363c6426e0_0, v000001363c6425a0_0, v000001363c642000_0 {0 0 0};
    %pushi/vec4 32767, 0, 16;
    %store/vec4 v000001363c642640_0, 0, 16;
    %pushi/vec4 2, 0, 16;
    %store/vec4 v000001363c6426e0_0, 0, 16;
    %delay 10000, 0;
    %vpi_call 2 53 "$display", "input 1 = %d input 2 = %d || quotient = %d || remainder = %d", v000001363c642640_0, v000001363c6426e0_0, v000001363c6425a0_0, v000001363c642000_0 {0 0 0};
    %pushi/vec4 32768, 0, 16;
    %store/vec4 v000001363c642640_0, 0, 16;
    %pushi/vec4 65534, 0, 16;
    %store/vec4 v000001363c6426e0_0, 0, 16;
    %delay 10000, 0;
    %vpi_call 2 58 "$display", "input 1 = %d input 2 = %d || quotient = %d || remainder = %d", v000001363c642640_0, v000001363c6426e0_0, v000001363c6425a0_0, v000001363c642000_0 {0 0 0};
    %pushi/vec4 32767, 0, 16;
    %store/vec4 v000001363c642640_0, 0, 16;
    %pushi/vec4 32768, 0, 16;
    %store/vec4 v000001363c6426e0_0, 0, 16;
    %delay 10000, 0;
    %vpi_call 2 63 "$display", "input 1 = %d input 2 = %d || quotient = %d || remainder = %d", v000001363c642640_0, v000001363c6426e0_0, v000001363c6425a0_0, v000001363c642000_0 {0 0 0};
    %pushi/vec4 1234, 0, 16;
    %store/vec4 v000001363c642640_0, 0, 16;
    %pushi/vec4 1234, 0, 16;
    %store/vec4 v000001363c6426e0_0, 0, 16;
    %delay 10000, 0;
    %vpi_call 2 68 "$display", "input 1 = %d input 2 = %d || quotient = %d || remainder = %d", v000001363c642640_0, v000001363c6426e0_0, v000001363c6425a0_0, v000001363c642000_0 {0 0 0};
    %pushi/vec4 1234, 0, 16;
    %store/vec4 v000001363c642640_0, 0, 16;
    %pushi/vec4 0, 0, 16;
    %store/vec4 v000001363c6426e0_0, 0, 16;
    %delay 10000, 0;
    %vpi_call 2 73 "$display", "input 1 = %d input 2 = %d || quotient = %d || remainder = %d", v000001363c642640_0, v000001363c6426e0_0, v000001363c6425a0_0, v000001363c642000_0 {0 0 0};
    %pushi/vec4 0, 0, 16;
    %store/vec4 v000001363c642640_0, 0, 16;
    %pushi/vec4 1234, 0, 16;
    %store/vec4 v000001363c6426e0_0, 0, 16;
    %delay 10000, 0;
    %vpi_call 2 78 "$display", "input 1 = %d input 2 = %d || quotient = %d || remainder = %d", v000001363c642640_0, v000001363c6426e0_0, v000001363c6425a0_0, v000001363c642000_0 {0 0 0};
    %vpi_call 2 80 "$finish" {0 0 0};
    %end;
    .thread T_3;
# The file index is used to find the file name in the following table.
:file_names 5;
    "N/A";
    "<interactive>";
    "ArithmeticUnit/tb_signed_div.v";
    "ArithmeticUnit/signed_div.v";
    "ArithmeticUnit/unsigned_div.v";
