#! /c/Source/iverilog-install/bin/vvp
:ivl_version "12.0 (devel)" "(s20150603-1539-g2693dd32b)";
:ivl_delay_selection "TYPICAL";
:vpi_time_precision - 12;
:vpi_module "C:\Users\iverilog\lib\ivl\system.vpi";
:vpi_module "C:\Users\iverilog\lib\ivl\vhdl_sys.vpi";
:vpi_module "C:\Users\iverilog\lib\ivl\vhdl_textio.vpi";
:vpi_module "C:\Users\iverilog\lib\ivl\v2005_math.vpi";
:vpi_module "C:\Users\iverilog\lib\ivl\va_math.vpi";
S_000002479fafe250 .scope module, "tb_rca_sub" "tb_rca_sub" 2 3;
 .timescale -9 -12;
v000002479fba44f0_0 .var "bin", 0 0;
v000002479fba43b0_0 .net "bout", 0 0, L_000002479fbb2ee0;  1 drivers
v000002479fba26f0_0 .var "in0", 15 0;
v000002479fba2790_0 .var "in1", 15 0;
v000002479fba2830_0 .net "sub", 15 0, L_000002479fba9350;  1 drivers
S_000002479fafe3e0 .scope module, "uut" "rca_sub" 2 10, 3 1 0, S_000002479fafe250;
 .timescale 0 0;
    .port_info 0 /INPUT 16 "in0";
    .port_info 1 /INPUT 16 "in1";
    .port_info 2 /INPUT 1 "bin";
    .port_info 3 /OUTPUT 16 "sub";
    .port_info 4 /OUTPUT 1 "bout";
v000002479fba3d70_0 .net "bin", 0 0, v000002479fba44f0_0;  1 drivers
v000002479fba3190_0 .net "bout", 0 0, L_000002479fbb2ee0;  alias, 1 drivers
v000002479fba3f50_0 .net "c5", 0 0, L_000002479fbad2a0;  1 drivers
v000002479fba3ff0_0 .net "in0", 15 0, v000002479fba26f0_0;  1 drivers
v000002479fba3050_0 .net "in1", 15 0, v000002479fba2790_0;  1 drivers
v000002479fba4090_0 .net "sub", 15 0, L_000002479fba9350;  alias, 1 drivers
L_000002479fbab5b0 .part v000002479fba26f0_0, 0, 8;
L_000002479fbaa570 .part v000002479fba2790_0, 0, 8;
L_000002479fba8e50 .part v000002479fba26f0_0, 8, 8;
L_000002479fba7cd0 .part v000002479fba2790_0, 8, 8;
L_000002479fba9350 .concat8 [ 8 8 0 0], L_000002479fbab150, L_000002479fba9670;
S_000002479fa3c760 .scope module, "block6" "rca_sub8bit" 3 10, 3 26 0, S_000002479fafe3e0;
 .timescale 0 0;
    .port_info 0 /INPUT 8 "in0";
    .port_info 1 /INPUT 8 "in1";
    .port_info 2 /INPUT 1 "bin";
    .port_info 3 /OUTPUT 8 "sub";
    .port_info 4 /OUTPUT 1 "bout";
v000002479fb9c250_0 .net "bin", 0 0, v000002479fba44f0_0;  alias, 1 drivers
v000002479fb9c2f0_0 .net "bout", 0 0, L_000002479fbad2a0;  alias, 1 drivers
v000002479fb9c390_0 .net "c4", 0 0, L_000002479fba48c0;  1 drivers
v000002479fb9b7b0_0 .net "in0", 7 0, L_000002479fbab5b0;  1 drivers
v000002479fb9c570_0 .net "in1", 7 0, L_000002479fbaa570;  1 drivers
v000002479fb9ba30_0 .net "sub", 7 0, L_000002479fbab150;  1 drivers
L_000002479fbab470 .part L_000002479fbab5b0, 0, 4;
L_000002479fbab010 .part L_000002479fbaa570, 0, 4;
L_000002479fba9fd0 .part L_000002479fbab5b0, 4, 4;
L_000002479fbaad90 .part L_000002479fbaa570, 4, 4;
L_000002479fbab150 .concat8 [ 4 4 0 0], L_000002479fbaaa70, L_000002479fbaa390;
S_000002479fa3c8f0 .scope module, "block4" "rca_sub4bit" 3 35, 3 51 0, S_000002479fa3c760;
 .timescale 0 0;
    .port_info 0 /INPUT 4 "in0";
    .port_info 1 /INPUT 4 "in1";
    .port_info 2 /INPUT 1 "bin";
    .port_info 3 /OUTPUT 4 "sub";
    .port_info 4 /OUTPUT 1 "bout";
v000002479fb98960_0 .net "bin", 0 0, v000002479fba44f0_0;  alias, 1 drivers
v000002479fb96ac0_0 .net "bout", 0 0, L_000002479fba48c0;  alias, 1 drivers
v000002479fb96b60_0 .net "c1", 0 0, L_000002479fba5110;  1 drivers
v000002479fb96c00_0 .net "c2", 0 0, L_000002479fba5340;  1 drivers
v000002479fb96de0_0 .net "c3", 0 0, L_000002479fba53b0;  1 drivers
v000002479fb9a510_0 .net "in0", 3 0, L_000002479fbab470;  1 drivers
v000002479fb9a150_0 .net "in1", 3 0, L_000002479fbab010;  1 drivers
v000002479fb99f70_0 .net "sub", 3 0, L_000002479fbaaa70;  1 drivers
L_000002479fba3230 .part L_000002479fbab470, 0, 1;
L_000002479fba2a10 .part L_000002479fbab010, 0, 1;
L_000002479fba2c90 .part L_000002479fbab470, 1, 1;
L_000002479fba2e70 .part L_000002479fbab010, 1, 1;
L_000002479fba32d0 .part L_000002479fbab470, 2, 1;
L_000002479fba3370 .part L_000002479fbab010, 2, 1;
L_000002479fbaabb0 .part L_000002479fbab470, 3, 1;
L_000002479fbaa110 .part L_000002479fbab010, 3, 1;
L_000002479fbaaa70 .concat8 [ 1 1 1 1], L_000002479fba4bd0, L_000002479fba49a0, L_000002479fba5180, L_000002479fba4cb0;
S_000002479fa3e440 .scope module, "block0" "rca_sub1bit" 3 62, 3 93 0, S_000002479fa3c8f0;
 .timescale 0 0;
    .port_info 0 /INPUT 1 "in0";
    .port_info 1 /INPUT 1 "in1";
    .port_info 2 /INPUT 1 "bin";
    .port_info 3 /OUTPUT 1 "sub";
    .port_info 4 /OUTPUT 1 "bout";
L_000002479fb30880 .functor XOR 1, L_000002479fba3230, L_000002479fba2a10, C4<0>, C4<0>;
L_000002479fba4bd0 .functor XOR 1, L_000002479fb30880, v000002479fba44f0_0, C4<0>, C4<0>;
L_000002479fba50a0 .functor NOT 1, L_000002479fba3230, C4<0>, C4<0>, C4<0>;
L_000002479fba4ee0 .functor AND 1, L_000002479fba50a0, L_000002479fba2a10, C4<1>, C4<1>;
L_000002479fba4930 .functor AND 1, L_000002479fba2a10, v000002479fba44f0_0, C4<1>, C4<1>;
L_000002479fba4a10 .functor OR 1, L_000002479fba4ee0, L_000002479fba4930, C4<0>, C4<0>;
L_000002479fba52d0 .functor NOT 1, L_000002479fba3230, C4<0>, C4<0>, C4<0>;
L_000002479fba4b60 .functor AND 1, L_000002479fba52d0, v000002479fba44f0_0, C4<1>, C4<1>;
L_000002479fba5110 .functor OR 1, L_000002479fba4a10, L_000002479fba4b60, C4<0>, C4<0>;
v000002479fb32510_0 .net *"_ivl_0", 0 0, L_000002479fb30880;  1 drivers
v000002479fb31ed0_0 .net *"_ivl_10", 0 0, L_000002479fba4a10;  1 drivers
v000002479fb25900_0 .net *"_ivl_12", 0 0, L_000002479fba52d0;  1 drivers
v000002479fb986e0_0 .net *"_ivl_14", 0 0, L_000002479fba4b60;  1 drivers
v000002479fb971a0_0 .net *"_ivl_4", 0 0, L_000002479fba50a0;  1 drivers
v000002479fb985a0_0 .net *"_ivl_6", 0 0, L_000002479fba4ee0;  1 drivers
v000002479fb98320_0 .net *"_ivl_8", 0 0, L_000002479fba4930;  1 drivers
v000002479fb97920_0 .net "bin", 0 0, v000002479fba44f0_0;  alias, 1 drivers
v000002479fb98140_0 .net "bout", 0 0, L_000002479fba5110;  alias, 1 drivers
v000002479fb979c0_0 .net "in0", 0 0, L_000002479fba3230;  1 drivers
v000002479fb98000_0 .net "in1", 0 0, L_000002479fba2a10;  1 drivers
v000002479fb96f20_0 .net "sub", 0 0, L_000002479fba4bd0;  1 drivers
S_000002479fa3e5d0 .scope module, "block1" "rca_sub1bit" 3 69, 3 93 0, S_000002479fa3c8f0;
 .timescale 0 0;
    .port_info 0 /INPUT 1 "in0";
    .port_info 1 /INPUT 1 "in1";
    .port_info 2 /INPUT 1 "bin";
    .port_info 3 /OUTPUT 1 "sub";
    .port_info 4 /OUTPUT 1 "bout";
L_000002479fba4a80 .functor XOR 1, L_000002479fba2c90, L_000002479fba2e70, C4<0>, C4<0>;
L_000002479fba49a0 .functor XOR 1, L_000002479fba4a80, L_000002479fba5110, C4<0>, C4<0>;
L_000002479fba5030 .functor NOT 1, L_000002479fba2c90, C4<0>, C4<0>, C4<0>;
L_000002479fba55e0 .functor AND 1, L_000002479fba5030, L_000002479fba2e70, C4<1>, C4<1>;
L_000002479fba4f50 .functor AND 1, L_000002479fba2e70, L_000002479fba5110, C4<1>, C4<1>;
L_000002479fba4e70 .functor OR 1, L_000002479fba55e0, L_000002479fba4f50, C4<0>, C4<0>;
L_000002479fba51f0 .functor NOT 1, L_000002479fba2c90, C4<0>, C4<0>, C4<0>;
L_000002479fba4fc0 .functor AND 1, L_000002479fba51f0, L_000002479fba5110, C4<1>, C4<1>;
L_000002479fba5340 .functor OR 1, L_000002479fba4e70, L_000002479fba4fc0, C4<0>, C4<0>;
v000002479fb97380_0 .net *"_ivl_0", 0 0, L_000002479fba4a80;  1 drivers
v000002479fb97a60_0 .net *"_ivl_10", 0 0, L_000002479fba4e70;  1 drivers
v000002479fb972e0_0 .net *"_ivl_12", 0 0, L_000002479fba51f0;  1 drivers
v000002479fb97240_0 .net *"_ivl_14", 0 0, L_000002479fba4fc0;  1 drivers
v000002479fb97420_0 .net *"_ivl_4", 0 0, L_000002479fba5030;  1 drivers
v000002479fb97b00_0 .net *"_ivl_6", 0 0, L_000002479fba55e0;  1 drivers
v000002479fb97ba0_0 .net *"_ivl_8", 0 0, L_000002479fba4f50;  1 drivers
v000002479fb98780_0 .net "bin", 0 0, L_000002479fba5110;  alias, 1 drivers
v000002479fb974c0_0 .net "bout", 0 0, L_000002479fba5340;  alias, 1 drivers
v000002479fb96e80_0 .net "in0", 0 0, L_000002479fba2c90;  1 drivers
v000002479fb97560_0 .net "in1", 0 0, L_000002479fba2e70;  1 drivers
v000002479fb983c0_0 .net "sub", 0 0, L_000002479fba49a0;  1 drivers
S_000002479fac2830 .scope module, "block2" "rca_sub1bit" 3 76, 3 93 0, S_000002479fa3c8f0;
 .timescale 0 0;
    .port_info 0 /INPUT 1 "in0";
    .port_info 1 /INPUT 1 "in1";
    .port_info 2 /INPUT 1 "bin";
    .port_info 3 /OUTPUT 1 "sub";
    .port_info 4 /OUTPUT 1 "bout";
L_000002479fba47e0 .functor XOR 1, L_000002479fba32d0, L_000002479fba3370, C4<0>, C4<0>;
L_000002479fba5180 .functor XOR 1, L_000002479fba47e0, L_000002479fba5340, C4<0>, C4<0>;
L_000002479fba5260 .functor NOT 1, L_000002479fba32d0, C4<0>, C4<0>, C4<0>;
L_000002479fba5570 .functor AND 1, L_000002479fba5260, L_000002479fba3370, C4<1>, C4<1>;
L_000002479fba4af0 .functor AND 1, L_000002479fba3370, L_000002479fba5340, C4<1>, C4<1>;
L_000002479fba5490 .functor OR 1, L_000002479fba5570, L_000002479fba4af0, C4<0>, C4<0>;
L_000002479fba4c40 .functor NOT 1, L_000002479fba32d0, C4<0>, C4<0>, C4<0>;
L_000002479fba4700 .functor AND 1, L_000002479fba4c40, L_000002479fba5340, C4<1>, C4<1>;
L_000002479fba53b0 .functor OR 1, L_000002479fba5490, L_000002479fba4700, C4<0>, C4<0>;
v000002479fb97ce0_0 .net *"_ivl_0", 0 0, L_000002479fba47e0;  1 drivers
v000002479fb980a0_0 .net *"_ivl_10", 0 0, L_000002479fba5490;  1 drivers
v000002479fb96fc0_0 .net *"_ivl_12", 0 0, L_000002479fba4c40;  1 drivers
v000002479fb98460_0 .net *"_ivl_14", 0 0, L_000002479fba4700;  1 drivers
v000002479fb96ca0_0 .net *"_ivl_4", 0 0, L_000002479fba5260;  1 drivers
v000002479fb97c40_0 .net *"_ivl_6", 0 0, L_000002479fba5570;  1 drivers
v000002479fb96d40_0 .net *"_ivl_8", 0 0, L_000002479fba4af0;  1 drivers
v000002479fb97600_0 .net "bin", 0 0, L_000002479fba5340;  alias, 1 drivers
v000002479fb97740_0 .net "bout", 0 0, L_000002479fba53b0;  alias, 1 drivers
v000002479fb981e0_0 .net "in0", 0 0, L_000002479fba32d0;  1 drivers
v000002479fb97060_0 .net "in1", 0 0, L_000002479fba3370;  1 drivers
v000002479fb97f60_0 .net "sub", 0 0, L_000002479fba5180;  1 drivers
S_000002479fac29c0 .scope module, "block3" "rca_sub1bit" 3 83, 3 93 0, S_000002479fa3c8f0;
 .timescale 0 0;
    .port_info 0 /INPUT 1 "in0";
    .port_info 1 /INPUT 1 "in1";
    .port_info 2 /INPUT 1 "bin";
    .port_info 3 /OUTPUT 1 "sub";
    .port_info 4 /OUTPUT 1 "bout";
L_000002479fba4d90 .functor XOR 1, L_000002479fbaabb0, L_000002479fbaa110, C4<0>, C4<0>;
L_000002479fba4cb0 .functor XOR 1, L_000002479fba4d90, L_000002479fba53b0, C4<0>, C4<0>;
L_000002479fba4d20 .functor NOT 1, L_000002479fbaabb0, C4<0>, C4<0>, C4<0>;
L_000002479fba5420 .functor AND 1, L_000002479fba4d20, L_000002479fbaa110, C4<1>, C4<1>;
L_000002479fba4e00 .functor AND 1, L_000002479fbaa110, L_000002479fba53b0, C4<1>, C4<1>;
L_000002479fba5500 .functor OR 1, L_000002479fba5420, L_000002479fba4e00, C4<0>, C4<0>;
L_000002479fba4770 .functor NOT 1, L_000002479fbaabb0, C4<0>, C4<0>, C4<0>;
L_000002479fba4850 .functor AND 1, L_000002479fba4770, L_000002479fba53b0, C4<1>, C4<1>;
L_000002479fba48c0 .functor OR 1, L_000002479fba5500, L_000002479fba4850, C4<0>, C4<0>;
v000002479fb97d80_0 .net *"_ivl_0", 0 0, L_000002479fba4d90;  1 drivers
v000002479fb976a0_0 .net *"_ivl_10", 0 0, L_000002479fba5500;  1 drivers
v000002479fb98280_0 .net *"_ivl_12", 0 0, L_000002479fba4770;  1 drivers
v000002479fb977e0_0 .net *"_ivl_14", 0 0, L_000002479fba4850;  1 drivers
v000002479fb97880_0 .net *"_ivl_4", 0 0, L_000002479fba4d20;  1 drivers
v000002479fb97100_0 .net *"_ivl_6", 0 0, L_000002479fba5420;  1 drivers
v000002479fb98500_0 .net *"_ivl_8", 0 0, L_000002479fba4e00;  1 drivers
v000002479fb98640_0 .net "bin", 0 0, L_000002479fba53b0;  alias, 1 drivers
v000002479fb97e20_0 .net "bout", 0 0, L_000002479fba48c0;  alias, 1 drivers
v000002479fb97ec0_0 .net "in0", 0 0, L_000002479fbaabb0;  1 drivers
v000002479fb98820_0 .net "in1", 0 0, L_000002479fbaa110;  1 drivers
v000002479fb988c0_0 .net "sub", 0 0, L_000002479fba4cb0;  1 drivers
S_000002479fb3fdb0 .scope module, "block5" "rca_sub4bit" 3 42, 3 51 0, S_000002479fa3c760;
 .timescale 0 0;
    .port_info 0 /INPUT 4 "in0";
    .port_info 1 /INPUT 4 "in1";
    .port_info 2 /INPUT 1 "bin";
    .port_info 3 /OUTPUT 4 "sub";
    .port_info 4 /OUTPUT 1 "bout";
v000002479fb9c1b0_0 .net "bin", 0 0, L_000002479fba48c0;  alias, 1 drivers
v000002479fb9bdf0_0 .net "bout", 0 0, L_000002479fbad2a0;  alias, 1 drivers
v000002479fb9b170_0 .net "c1", 0 0, L_000002479fbaba40;  1 drivers
v000002479fb9ad10_0 .net "c2", 0 0, L_000002479fbac610;  1 drivers
v000002479fb9c110_0 .net "c3", 0 0, L_000002479fbab880;  1 drivers
v000002479fb9cb10_0 .net "in0", 3 0, L_000002479fba9fd0;  1 drivers
v000002479fb9b670_0 .net "in1", 3 0, L_000002479fbaad90;  1 drivers
v000002479fb9b850_0 .net "sub", 3 0, L_000002479fbaa390;  1 drivers
L_000002479fbaa4d0 .part L_000002479fba9fd0, 0, 1;
L_000002479fbab290 .part L_000002479fbaad90, 0, 1;
L_000002479fbab0b0 .part L_000002479fba9fd0, 1, 1;
L_000002479fbaab10 .part L_000002479fbaad90, 1, 1;
L_000002479fbaa070 .part L_000002479fba9fd0, 2, 1;
L_000002479fbab1f0 .part L_000002479fbaad90, 2, 1;
L_000002479fbaaf70 .part L_000002479fba9fd0, 3, 1;
L_000002479fbab510 .part L_000002479fbaad90, 3, 1;
L_000002479fbaa390 .concat8 [ 1 1 1 1], L_000002479fbac3e0, L_000002479fbac0d0, L_000002479fbac060, L_000002479fbac450;
S_000002479fb3ff40 .scope module, "block0" "rca_sub1bit" 3 62, 3 93 0, S_000002479fb3fdb0;
 .timescale 0 0;
    .port_info 0 /INPUT 1 "in0";
    .port_info 1 /INPUT 1 "in1";
    .port_info 2 /INPUT 1 "bin";
    .port_info 3 /OUTPUT 1 "sub";
    .port_info 4 /OUTPUT 1 "bout";
L_000002479fbac4c0 .functor XOR 1, L_000002479fbaa4d0, L_000002479fbab290, C4<0>, C4<0>;
L_000002479fbac3e0 .functor XOR 1, L_000002479fbac4c0, L_000002479fba48c0, C4<0>, C4<0>;
L_000002479fbabea0 .functor NOT 1, L_000002479fbaa4d0, C4<0>, C4<0>, C4<0>;
L_000002479fbabe30 .functor AND 1, L_000002479fbabea0, L_000002479fbab290, C4<1>, C4<1>;
L_000002479fbac5a0 .functor AND 1, L_000002479fbab290, L_000002479fba48c0, C4<1>, C4<1>;
L_000002479fbabb20 .functor OR 1, L_000002479fbabe30, L_000002479fbac5a0, C4<0>, C4<0>;
L_000002479fbac530 .functor NOT 1, L_000002479fbaa4d0, C4<0>, C4<0>, C4<0>;
L_000002479fbabdc0 .functor AND 1, L_000002479fbac530, L_000002479fba48c0, C4<1>, C4<1>;
L_000002479fbaba40 .functor OR 1, L_000002479fbabb20, L_000002479fbabdc0, C4<0>, C4<0>;
v000002479fb99430_0 .net *"_ivl_0", 0 0, L_000002479fbac4c0;  1 drivers
v000002479fb99b10_0 .net *"_ivl_10", 0 0, L_000002479fbabb20;  1 drivers
v000002479fb9a010_0 .net *"_ivl_12", 0 0, L_000002479fbac530;  1 drivers
v000002479fb9a0b0_0 .net *"_ivl_14", 0 0, L_000002479fbabdc0;  1 drivers
v000002479fb98ad0_0 .net *"_ivl_4", 0 0, L_000002479fbabea0;  1 drivers
v000002479fb9a330_0 .net *"_ivl_6", 0 0, L_000002479fbabe30;  1 drivers
v000002479fb98c10_0 .net *"_ivl_8", 0 0, L_000002479fbac5a0;  1 drivers
v000002479fb99cf0_0 .net "bin", 0 0, L_000002479fba48c0;  alias, 1 drivers
v000002479fb99070_0 .net "bout", 0 0, L_000002479fbaba40;  alias, 1 drivers
v000002479fb99bb0_0 .net "in0", 0 0, L_000002479fbaa4d0;  1 drivers
v000002479fb991b0_0 .net "in1", 0 0, L_000002479fbab290;  1 drivers
v000002479fb99750_0 .net "sub", 0 0, L_000002479fbac3e0;  1 drivers
S_000002479fb400d0 .scope module, "block1" "rca_sub1bit" 3 69, 3 93 0, S_000002479fb3fdb0;
 .timescale 0 0;
    .port_info 0 /INPUT 1 "in0";
    .port_info 1 /INPUT 1 "in1";
    .port_info 2 /INPUT 1 "bin";
    .port_info 3 /OUTPUT 1 "sub";
    .port_info 4 /OUTPUT 1 "bout";
L_000002479fbac370 .functor XOR 1, L_000002479fbab0b0, L_000002479fbaab10, C4<0>, C4<0>;
L_000002479fbac0d0 .functor XOR 1, L_000002479fbac370, L_000002479fbaba40, C4<0>, C4<0>;
L_000002479fbabff0 .functor NOT 1, L_000002479fbab0b0, C4<0>, C4<0>, C4<0>;
L_000002479fbab960 .functor AND 1, L_000002479fbabff0, L_000002479fbaab10, C4<1>, C4<1>;
L_000002479fbac140 .functor AND 1, L_000002479fbaab10, L_000002479fbaba40, C4<1>, C4<1>;
L_000002479fbac300 .functor OR 1, L_000002479fbab960, L_000002479fbac140, C4<0>, C4<0>;
L_000002479fbabf10 .functor NOT 1, L_000002479fbab0b0, C4<0>, C4<0>, C4<0>;
L_000002479fbabb90 .functor AND 1, L_000002479fbabf10, L_000002479fbaba40, C4<1>, C4<1>;
L_000002479fbac610 .functor OR 1, L_000002479fbac300, L_000002479fbabb90, C4<0>, C4<0>;
v000002479fb98cb0_0 .net *"_ivl_0", 0 0, L_000002479fbac370;  1 drivers
v000002479fb99e30_0 .net *"_ivl_10", 0 0, L_000002479fbac300;  1 drivers
v000002479fb99110_0 .net *"_ivl_12", 0 0, L_000002479fbabf10;  1 drivers
v000002479fb98b70_0 .net *"_ivl_14", 0 0, L_000002479fbabb90;  1 drivers
v000002479fb994d0_0 .net *"_ivl_4", 0 0, L_000002479fbabff0;  1 drivers
v000002479fb99250_0 .net *"_ivl_6", 0 0, L_000002479fbab960;  1 drivers
v000002479fb9a470_0 .net *"_ivl_8", 0 0, L_000002479fbac140;  1 drivers
v000002479fb992f0_0 .net "bin", 0 0, L_000002479fbaba40;  alias, 1 drivers
v000002479fb98d50_0 .net "bout", 0 0, L_000002479fbac610;  alias, 1 drivers
v000002479fb9a790_0 .net "in0", 0 0, L_000002479fbab0b0;  1 drivers
v000002479fb99390_0 .net "in1", 0 0, L_000002479fbaab10;  1 drivers
v000002479fb9a8d0_0 .net "sub", 0 0, L_000002479fbac0d0;  1 drivers
S_000002479fb40260 .scope module, "block2" "rca_sub1bit" 3 76, 3 93 0, S_000002479fb3fdb0;
 .timescale 0 0;
    .port_info 0 /INPUT 1 "in0";
    .port_info 1 /INPUT 1 "in1";
    .port_info 2 /INPUT 1 "bin";
    .port_info 3 /OUTPUT 1 "sub";
    .port_info 4 /OUTPUT 1 "bout";
L_000002479fbab9d0 .functor XOR 1, L_000002479fbaa070, L_000002479fbab1f0, C4<0>, C4<0>;
L_000002479fbac060 .functor XOR 1, L_000002479fbab9d0, L_000002479fbac610, C4<0>, C4<0>;
L_000002479fbabc00 .functor NOT 1, L_000002479fbaa070, C4<0>, C4<0>, C4<0>;
L_000002479fbabf80 .functor AND 1, L_000002479fbabc00, L_000002479fbab1f0, C4<1>, C4<1>;
L_000002479fbac1b0 .functor AND 1, L_000002479fbab1f0, L_000002479fbac610, C4<1>, C4<1>;
L_000002479fbac220 .functor OR 1, L_000002479fbabf80, L_000002479fbac1b0, C4<0>, C4<0>;
L_000002479fbabc70 .functor NOT 1, L_000002479fbaa070, C4<0>, C4<0>, C4<0>;
L_000002479fbabab0 .functor AND 1, L_000002479fbabc70, L_000002479fbac610, C4<1>, C4<1>;
L_000002479fbab880 .functor OR 1, L_000002479fbac220, L_000002479fbabab0, C4<0>, C4<0>;
v000002479fb99c50_0 .net *"_ivl_0", 0 0, L_000002479fbab9d0;  1 drivers
v000002479fb98df0_0 .net *"_ivl_10", 0 0, L_000002479fbac220;  1 drivers
v000002479fb99570_0 .net *"_ivl_12", 0 0, L_000002479fbabc70;  1 drivers
v000002479fb9a970_0 .net *"_ivl_14", 0 0, L_000002479fbabab0;  1 drivers
v000002479fb9a1f0_0 .net *"_ivl_4", 0 0, L_000002479fbabc00;  1 drivers
v000002479fb99d90_0 .net *"_ivl_6", 0 0, L_000002479fbabf80;  1 drivers
v000002479fb99ed0_0 .net *"_ivl_8", 0 0, L_000002479fbac1b0;  1 drivers
v000002479fb99610_0 .net "bin", 0 0, L_000002479fbac610;  alias, 1 drivers
v000002479fb9a290_0 .net "bout", 0 0, L_000002479fbab880;  alias, 1 drivers
v000002479fb996b0_0 .net "in0", 0 0, L_000002479fbaa070;  1 drivers
v000002479fb98e90_0 .net "in1", 0 0, L_000002479fbab1f0;  1 drivers
v000002479fb9a3d0_0 .net "sub", 0 0, L_000002479fbac060;  1 drivers
S_000002479fb9aa90 .scope module, "block3" "rca_sub1bit" 3 83, 3 93 0, S_000002479fb3fdb0;
 .timescale 0 0;
    .port_info 0 /INPUT 1 "in0";
    .port_info 1 /INPUT 1 "in1";
    .port_info 2 /INPUT 1 "bin";
    .port_info 3 /OUTPUT 1 "sub";
    .port_info 4 /OUTPUT 1 "bout";
L_000002479fbac290 .functor XOR 1, L_000002479fbaaf70, L_000002479fbab510, C4<0>, C4<0>;
L_000002479fbac450 .functor XOR 1, L_000002479fbac290, L_000002479fbab880, C4<0>, C4<0>;
L_000002479fbab730 .functor NOT 1, L_000002479fbaaf70, C4<0>, C4<0>, C4<0>;
L_000002479fbabd50 .functor AND 1, L_000002479fbab730, L_000002479fbab510, C4<1>, C4<1>;
L_000002479fbab7a0 .functor AND 1, L_000002479fbab510, L_000002479fbab880, C4<1>, C4<1>;
L_000002479fbabce0 .functor OR 1, L_000002479fbabd50, L_000002479fbab7a0, C4<0>, C4<0>;
L_000002479fbab810 .functor NOT 1, L_000002479fbaaf70, C4<0>, C4<0>, C4<0>;
L_000002479fbab8f0 .functor AND 1, L_000002479fbab810, L_000002479fbab880, C4<1>, C4<1>;
L_000002479fbad2a0 .functor OR 1, L_000002479fbabce0, L_000002479fbab8f0, C4<0>, C4<0>;
v000002479fb9a5b0_0 .net *"_ivl_0", 0 0, L_000002479fbac290;  1 drivers
v000002479fb9a650_0 .net *"_ivl_10", 0 0, L_000002479fbabce0;  1 drivers
v000002479fb9a6f0_0 .net *"_ivl_12", 0 0, L_000002479fbab810;  1 drivers
v000002479fb9a830_0 .net *"_ivl_14", 0 0, L_000002479fbab8f0;  1 drivers
v000002479fb99930_0 .net *"_ivl_4", 0 0, L_000002479fbab730;  1 drivers
v000002479fb98f30_0 .net *"_ivl_6", 0 0, L_000002479fbabd50;  1 drivers
v000002479fb99890_0 .net *"_ivl_8", 0 0, L_000002479fbab7a0;  1 drivers
v000002479fb98fd0_0 .net "bin", 0 0, L_000002479fbab880;  alias, 1 drivers
v000002479fb997f0_0 .net "bout", 0 0, L_000002479fbad2a0;  alias, 1 drivers
v000002479fb999d0_0 .net "in0", 0 0, L_000002479fbaaf70;  1 drivers
v000002479fb99a70_0 .net "in1", 0 0, L_000002479fbab510;  1 drivers
v000002479fb9c9d0_0 .net "sub", 0 0, L_000002479fbac450;  1 drivers
S_000002479fb9f040 .scope module, "block7" "rca_sub8bit" 3 17, 3 26 0, S_000002479fafe3e0;
 .timescale 0 0;
    .port_info 0 /INPUT 8 "in0";
    .port_info 1 /INPUT 8 "in1";
    .port_info 2 /INPUT 1 "bin";
    .port_info 3 /OUTPUT 8 "sub";
    .port_info 4 /OUTPUT 1 "bout";
v000002479fba3af0_0 .net "bin", 0 0, L_000002479fbad2a0;  alias, 1 drivers
v000002479fba2dd0_0 .net "bout", 0 0, L_000002479fbb2ee0;  alias, 1 drivers
v000002479fba3c30_0 .net "c4", 0 0, L_000002479fbae240;  1 drivers
v000002479fba3cd0_0 .net "in0", 7 0, L_000002479fba8e50;  1 drivers
v000002479fba35f0_0 .net "in1", 7 0, L_000002479fba7cd0;  1 drivers
v000002479fba3910_0 .net "sub", 7 0, L_000002479fba9670;  1 drivers
L_000002479fbaa9d0 .part L_000002479fba8e50, 0, 4;
L_000002479fbaaed0 .part L_000002479fba7cd0, 0, 4;
L_000002479fba83b0 .part L_000002479fba8e50, 4, 4;
L_000002479fba9e90 .part L_000002479fba7cd0, 4, 4;
L_000002479fba9670 .concat8 [ 4 4 0 0], L_000002479fbaa930, L_000002479fba7d70;
S_000002479fb9f1d0 .scope module, "block4" "rca_sub4bit" 3 35, 3 51 0, S_000002479fb9f040;
 .timescale 0 0;
    .port_info 0 /INPUT 4 "in0";
    .port_info 1 /INPUT 4 "in1";
    .port_info 2 /INPUT 1 "bin";
    .port_info 3 /OUTPUT 4 "sub";
    .port_info 4 /OUTPUT 1 "bout";
v000002479fba0960_0 .net "bin", 0 0, L_000002479fbad2a0;  alias, 1 drivers
v000002479fba06e0_0 .net "bout", 0 0, L_000002479fbae240;  alias, 1 drivers
v000002479fba1f40_0 .net "c1", 0 0, L_000002479fbac970;  1 drivers
v000002479fba10e0_0 .net "c2", 0 0, L_000002479fbad230;  1 drivers
v000002479fba1180_0 .net "c3", 0 0, L_000002479fbacdd0;  1 drivers
v000002479fba2580_0 .net "in0", 3 0, L_000002479fbaa9d0;  1 drivers
v000002479fba1d60_0 .net "in1", 3 0, L_000002479fbaaed0;  1 drivers
v000002479fba2300_0 .net "sub", 3 0, L_000002479fbaa930;  1 drivers
L_000002479fbab330 .part L_000002479fbaa9d0, 0, 1;
L_000002479fbaac50 .part L_000002479fbaaed0, 0, 1;
L_000002479fbaa890 .part L_000002479fbaa9d0, 1, 1;
L_000002479fbab3d0 .part L_000002479fbaaed0, 1, 1;
L_000002479fba9f30 .part L_000002479fbaa9d0, 2, 1;
L_000002479fbaa7f0 .part L_000002479fbaaed0, 2, 1;
L_000002479fbaacf0 .part L_000002479fbaa9d0, 3, 1;
L_000002479fbaae30 .part L_000002479fbaaed0, 3, 1;
L_000002479fbaa930 .concat8 [ 1 1 1 1], L_000002479fbad150, L_000002479fbacf20, L_000002479fbad5b0, L_000002479fbaccf0;
S_000002479fb9f360 .scope module, "block0" "rca_sub1bit" 3 62, 3 93 0, S_000002479fb9f1d0;
 .timescale 0 0;
    .port_info 0 /INPUT 1 "in0";
    .port_info 1 /INPUT 1 "in1";
    .port_info 2 /INPUT 1 "bin";
    .port_info 3 /OUTPUT 1 "sub";
    .port_info 4 /OUTPUT 1 "bout";
L_000002479fbad070 .functor XOR 1, L_000002479fbab330, L_000002479fbaac50, C4<0>, C4<0>;
L_000002479fbad150 .functor XOR 1, L_000002479fbad070, L_000002479fbad2a0, C4<0>, C4<0>;
L_000002479fbad4d0 .functor NOT 1, L_000002479fbab330, C4<0>, C4<0>, C4<0>;
L_000002479fbacf90 .functor AND 1, L_000002479fbad4d0, L_000002479fbaac50, C4<1>, C4<1>;
L_000002479fbac820 .functor AND 1, L_000002479fbaac50, L_000002479fbad2a0, C4<1>, C4<1>;
L_000002479fbad310 .functor OR 1, L_000002479fbacf90, L_000002479fbac820, C4<0>, C4<0>;
L_000002479fbac9e0 .functor NOT 1, L_000002479fbab330, C4<0>, C4<0>, C4<0>;
L_000002479fbad0e0 .functor AND 1, L_000002479fbac9e0, L_000002479fbad2a0, C4<1>, C4<1>;
L_000002479fbac970 .functor OR 1, L_000002479fbad310, L_000002479fbad0e0, C4<0>, C4<0>;
v000002479fb9c890_0 .net *"_ivl_0", 0 0, L_000002479fbad070;  1 drivers
v000002479fb9ac70_0 .net *"_ivl_10", 0 0, L_000002479fbad310;  1 drivers
v000002479fb9c430_0 .net *"_ivl_12", 0 0, L_000002479fbac9e0;  1 drivers
v000002479fb9c610_0 .net *"_ivl_14", 0 0, L_000002479fbad0e0;  1 drivers
v000002479fb9c4d0_0 .net *"_ivl_4", 0 0, L_000002479fbad4d0;  1 drivers
v000002479fb9c6b0_0 .net *"_ivl_6", 0 0, L_000002479fbacf90;  1 drivers
v000002479fb9c750_0 .net *"_ivl_8", 0 0, L_000002479fbac820;  1 drivers
v000002479fb9b8f0_0 .net "bin", 0 0, L_000002479fbad2a0;  alias, 1 drivers
v000002479fb9ca70_0 .net "bout", 0 0, L_000002479fbac970;  alias, 1 drivers
v000002479fb9b5d0_0 .net "in0", 0 0, L_000002479fbab330;  1 drivers
v000002479fb9bd50_0 .net "in1", 0 0, L_000002479fbaac50;  1 drivers
v000002479fb9c070_0 .net "sub", 0 0, L_000002479fbad150;  1 drivers
S_000002479fb9f4f0 .scope module, "block1" "rca_sub1bit" 3 69, 3 93 0, S_000002479fb9f1d0;
 .timescale 0 0;
    .port_info 0 /INPUT 1 "in0";
    .port_info 1 /INPUT 1 "in1";
    .port_info 2 /INPUT 1 "bin";
    .port_info 3 /OUTPUT 1 "sub";
    .port_info 4 /OUTPUT 1 "bout";
L_000002479fbad1c0 .functor XOR 1, L_000002479fbaa890, L_000002479fbab3d0, C4<0>, C4<0>;
L_000002479fbacf20 .functor XOR 1, L_000002479fbad1c0, L_000002479fbac970, C4<0>, C4<0>;
L_000002479fbacba0 .functor NOT 1, L_000002479fbaa890, C4<0>, C4<0>, C4<0>;
L_000002479fbad540 .functor AND 1, L_000002479fbacba0, L_000002479fbab3d0, C4<1>, C4<1>;
L_000002479fbacb30 .functor AND 1, L_000002479fbab3d0, L_000002479fbac970, C4<1>, C4<1>;
L_000002479fbac740 .functor OR 1, L_000002479fbad540, L_000002479fbacb30, C4<0>, C4<0>;
L_000002479fbad460 .functor NOT 1, L_000002479fbaa890, C4<0>, C4<0>, C4<0>;
L_000002479fbad380 .functor AND 1, L_000002479fbad460, L_000002479fbac970, C4<1>, C4<1>;
L_000002479fbad230 .functor OR 1, L_000002479fbac740, L_000002479fbad380, C4<0>, C4<0>;
v000002479fb9c7f0_0 .net *"_ivl_0", 0 0, L_000002479fbad1c0;  1 drivers
v000002479fb9b210_0 .net *"_ivl_10", 0 0, L_000002479fbac740;  1 drivers
v000002479fb9b490_0 .net *"_ivl_12", 0 0, L_000002479fbad460;  1 drivers
v000002479fb9c930_0 .net *"_ivl_14", 0 0, L_000002479fbad380;  1 drivers
v000002479fb9b990_0 .net *"_ivl_4", 0 0, L_000002479fbacba0;  1 drivers
v000002479fb9b350_0 .net *"_ivl_6", 0 0, L_000002479fbad540;  1 drivers
v000002479fb9bb70_0 .net *"_ivl_8", 0 0, L_000002479fbacb30;  1 drivers
v000002479fb9bfd0_0 .net "bin", 0 0, L_000002479fbac970;  alias, 1 drivers
v000002479fb9bf30_0 .net "bout", 0 0, L_000002479fbad230;  alias, 1 drivers
v000002479fb9adb0_0 .net "in0", 0 0, L_000002479fbaa890;  1 drivers
v000002479fb9ae50_0 .net "in1", 0 0, L_000002479fbab3d0;  1 drivers
v000002479fb9b3f0_0 .net "sub", 0 0, L_000002479fbacf20;  1 drivers
S_000002479fba0030 .scope module, "block2" "rca_sub1bit" 3 76, 3 93 0, S_000002479fb9f1d0;
 .timescale 0 0;
    .port_info 0 /INPUT 1 "in0";
    .port_info 1 /INPUT 1 "in1";
    .port_info 2 /INPUT 1 "bin";
    .port_info 3 /OUTPUT 1 "sub";
    .port_info 4 /OUTPUT 1 "bout";
L_000002479fbad3f0 .functor XOR 1, L_000002479fba9f30, L_000002479fbaa7f0, C4<0>, C4<0>;
L_000002479fbad5b0 .functor XOR 1, L_000002479fbad3f0, L_000002479fbad230, C4<0>, C4<0>;
L_000002479fbacc10 .functor NOT 1, L_000002479fba9f30, C4<0>, C4<0>, C4<0>;
L_000002479fbad000 .functor AND 1, L_000002479fbacc10, L_000002479fbaa7f0, C4<1>, C4<1>;
L_000002479fbacc80 .functor AND 1, L_000002479fbaa7f0, L_000002479fbad230, C4<1>, C4<1>;
L_000002479fbad620 .functor OR 1, L_000002479fbad000, L_000002479fbacc80, C4<0>, C4<0>;
L_000002479fbace40 .functor NOT 1, L_000002479fba9f30, C4<0>, C4<0>, C4<0>;
L_000002479fbac7b0 .functor AND 1, L_000002479fbace40, L_000002479fbad230, C4<1>, C4<1>;
L_000002479fbacdd0 .functor OR 1, L_000002479fbad620, L_000002479fbac7b0, C4<0>, C4<0>;
v000002479fb9aef0_0 .net *"_ivl_0", 0 0, L_000002479fbad3f0;  1 drivers
v000002479fb9bc10_0 .net *"_ivl_10", 0 0, L_000002479fbad620;  1 drivers
v000002479fb9be90_0 .net *"_ivl_12", 0 0, L_000002479fbace40;  1 drivers
v000002479fb9af90_0 .net *"_ivl_14", 0 0, L_000002479fbac7b0;  1 drivers
v000002479fb9b2b0_0 .net *"_ivl_4", 0 0, L_000002479fbacc10;  1 drivers
v000002479fb9b030_0 .net *"_ivl_6", 0 0, L_000002479fbad000;  1 drivers
v000002479fb9b0d0_0 .net *"_ivl_8", 0 0, L_000002479fbacc80;  1 drivers
v000002479fb9b530_0 .net "bin", 0 0, L_000002479fbad230;  alias, 1 drivers
v000002479fb9bad0_0 .net "bout", 0 0, L_000002479fbacdd0;  alias, 1 drivers
v000002479fb9b710_0 .net "in0", 0 0, L_000002479fba9f30;  1 drivers
v000002479fb9bcb0_0 .net "in1", 0 0, L_000002479fbaa7f0;  1 drivers
v000002479fba2260_0 .net "sub", 0 0, L_000002479fbad5b0;  1 drivers
S_000002479fb9f9f0 .scope module, "block3" "rca_sub1bit" 3 83, 3 93 0, S_000002479fb9f1d0;
 .timescale 0 0;
    .port_info 0 /INPUT 1 "in0";
    .port_info 1 /INPUT 1 "in1";
    .port_info 2 /INPUT 1 "bin";
    .port_info 3 /OUTPUT 1 "sub";
    .port_info 4 /OUTPUT 1 "bout";
L_000002479fbac890 .functor XOR 1, L_000002479fbaacf0, L_000002479fbaae30, C4<0>, C4<0>;
L_000002479fbaccf0 .functor XOR 1, L_000002479fbac890, L_000002479fbacdd0, C4<0>, C4<0>;
L_000002479fbac900 .functor NOT 1, L_000002479fbaacf0, C4<0>, C4<0>, C4<0>;
L_000002479fbaca50 .functor AND 1, L_000002479fbac900, L_000002479fbaae30, C4<1>, C4<1>;
L_000002479fbacac0 .functor AND 1, L_000002479fbaae30, L_000002479fbacdd0, C4<1>, C4<1>;
L_000002479fbacd60 .functor OR 1, L_000002479fbaca50, L_000002479fbacac0, C4<0>, C4<0>;
L_000002479fbaceb0 .functor NOT 1, L_000002479fbaacf0, C4<0>, C4<0>, C4<0>;
L_000002479fbadb40 .functor AND 1, L_000002479fbaceb0, L_000002479fbacdd0, C4<1>, C4<1>;
L_000002479fbae240 .functor OR 1, L_000002479fbacd60, L_000002479fbadb40, C4<0>, C4<0>;
v000002479fba1b80_0 .net *"_ivl_0", 0 0, L_000002479fbac890;  1 drivers
v000002479fba0780_0 .net *"_ivl_10", 0 0, L_000002479fbacd60;  1 drivers
v000002479fba19a0_0 .net *"_ivl_12", 0 0, L_000002479fbaceb0;  1 drivers
v000002479fba0be0_0 .net *"_ivl_14", 0 0, L_000002479fbadb40;  1 drivers
v000002479fba23a0_0 .net *"_ivl_4", 0 0, L_000002479fbac900;  1 drivers
v000002479fba0e60_0 .net *"_ivl_6", 0 0, L_000002479fbaca50;  1 drivers
v000002479fba1a40_0 .net *"_ivl_8", 0 0, L_000002479fbacac0;  1 drivers
v000002479fba24e0_0 .net "bin", 0 0, L_000002479fbacdd0;  alias, 1 drivers
v000002479fba2080_0 .net "bout", 0 0, L_000002479fbae240;  alias, 1 drivers
v000002479fba1ea0_0 .net "in0", 0 0, L_000002479fbaacf0;  1 drivers
v000002479fba2120_0 .net "in1", 0 0, L_000002479fbaae30;  1 drivers
v000002479fba21c0_0 .net "sub", 0 0, L_000002479fbaccf0;  1 drivers
S_000002479fba01c0 .scope module, "block5" "rca_sub4bit" 3 42, 3 51 0, S_000002479fb9f040;
 .timescale 0 0;
    .port_info 0 /INPUT 4 "in0";
    .port_info 1 /INPUT 4 "in1";
    .port_info 2 /INPUT 1 "bin";
    .port_info 3 /OUTPUT 4 "sub";
    .port_info 4 /OUTPUT 1 "bout";
v000002479fba4450_0 .net "bin", 0 0, L_000002479fbae240;  alias, 1 drivers
v000002479fba2970_0 .net "bout", 0 0, L_000002479fbb2ee0;  alias, 1 drivers
v000002479fba3a50_0 .net "c1", 0 0, L_000002479fbad980;  1 drivers
v000002479fba2b50_0 .net "c2", 0 0, L_000002479fbad750;  1 drivers
v000002479fba4310_0 .net "c3", 0 0, L_000002479fbae390;  1 drivers
v000002479fba3550_0 .net "in0", 3 0, L_000002479fba83b0;  1 drivers
v000002479fba3870_0 .net "in1", 3 0, L_000002479fba9e90;  1 drivers
v000002479fba2d30_0 .net "sub", 3 0, L_000002479fba7d70;  1 drivers
L_000002479fbaa1b0 .part L_000002479fba83b0, 0, 1;
L_000002479fbaa250 .part L_000002479fba9e90, 0, 1;
L_000002479fbaa2f0 .part L_000002479fba83b0, 1, 1;
L_000002479fbaa430 .part L_000002479fba9e90, 1, 1;
L_000002479fbaa610 .part L_000002479fba83b0, 2, 1;
L_000002479fbaa6b0 .part L_000002479fba9e90, 2, 1;
L_000002479fbaa750 .part L_000002479fba83b0, 3, 1;
L_000002479fba8c70 .part L_000002479fba9e90, 3, 1;
L_000002479fba7d70 .concat8 [ 1 1 1 1], L_000002479fbae550, L_000002479fbadfa0, L_000002479fbadad0, L_000002479fbadc90;
S_000002479fb9fea0 .scope module, "block0" "rca_sub1bit" 3 62, 3 93 0, S_000002479fba01c0;
 .timescale 0 0;
    .port_info 0 /INPUT 1 "in0";
    .port_info 1 /INPUT 1 "in1";
    .port_info 2 /INPUT 1 "bin";
    .port_info 3 /OUTPUT 1 "sub";
    .port_info 4 /OUTPUT 1 "bout";
L_000002479fbae0f0 .functor XOR 1, L_000002479fbaa1b0, L_000002479fbaa250, C4<0>, C4<0>;
L_000002479fbae550 .functor XOR 1, L_000002479fbae0f0, L_000002479fbae240, C4<0>, C4<0>;
L_000002479fbae2b0 .functor NOT 1, L_000002479fbaa1b0, C4<0>, C4<0>, C4<0>;
L_000002479fbae010 .functor AND 1, L_000002479fbae2b0, L_000002479fbaa250, C4<1>, C4<1>;
L_000002479fbad8a0 .functor AND 1, L_000002479fbaa250, L_000002479fbae240, C4<1>, C4<1>;
L_000002479fbad830 .functor OR 1, L_000002479fbae010, L_000002479fbad8a0, C4<0>, C4<0>;
L_000002479fbae470 .functor NOT 1, L_000002479fbaa1b0, C4<0>, C4<0>, C4<0>;
L_000002479fbadf30 .functor AND 1, L_000002479fbae470, L_000002479fbae240, C4<1>, C4<1>;
L_000002479fbad980 .functor OR 1, L_000002479fbad830, L_000002479fbadf30, C4<0>, C4<0>;
v000002479fba1e00_0 .net *"_ivl_0", 0 0, L_000002479fbae0f0;  1 drivers
v000002479fba1220_0 .net *"_ivl_10", 0 0, L_000002479fbad830;  1 drivers
v000002479fba1fe0_0 .net *"_ivl_12", 0 0, L_000002479fbae470;  1 drivers
v000002479fba2440_0 .net *"_ivl_14", 0 0, L_000002479fbadf30;  1 drivers
v000002479fba0f00_0 .net *"_ivl_4", 0 0, L_000002479fbae2b0;  1 drivers
v000002479fba1c20_0 .net *"_ivl_6", 0 0, L_000002479fbae010;  1 drivers
v000002479fba12c0_0 .net *"_ivl_8", 0 0, L_000002479fbad8a0;  1 drivers
v000002479fba0820_0 .net "bin", 0 0, L_000002479fbae240;  alias, 1 drivers
v000002479fba08c0_0 .net "bout", 0 0, L_000002479fbad980;  alias, 1 drivers
v000002479fba0a00_0 .net "in0", 0 0, L_000002479fbaa1b0;  1 drivers
v000002479fba0aa0_0 .net "in1", 0 0, L_000002479fbaa250;  1 drivers
v000002479fba0b40_0 .net "sub", 0 0, L_000002479fbae550;  1 drivers
S_000002479fb9f860 .scope module, "block1" "rca_sub1bit" 3 69, 3 93 0, S_000002479fba01c0;
 .timescale 0 0;
    .port_info 0 /INPUT 1 "in0";
    .port_info 1 /INPUT 1 "in1";
    .port_info 2 /INPUT 1 "bin";
    .port_info 3 /OUTPUT 1 "sub";
    .port_info 4 /OUTPUT 1 "bout";
L_000002479fbae400 .functor XOR 1, L_000002479fbaa2f0, L_000002479fbaa430, C4<0>, C4<0>;
L_000002479fbadfa0 .functor XOR 1, L_000002479fbae400, L_000002479fbad980, C4<0>, C4<0>;
L_000002479fbae160 .functor NOT 1, L_000002479fbaa2f0, C4<0>, C4<0>, C4<0>;
L_000002479fbada60 .functor AND 1, L_000002479fbae160, L_000002479fbaa430, C4<1>, C4<1>;
L_000002479fbadbb0 .functor AND 1, L_000002479fbaa430, L_000002479fbad980, C4<1>, C4<1>;
L_000002479fbad910 .functor OR 1, L_000002479fbada60, L_000002479fbadbb0, C4<0>, C4<0>;
L_000002479fbad9f0 .functor NOT 1, L_000002479fbaa2f0, C4<0>, C4<0>, C4<0>;
L_000002479fbae630 .functor AND 1, L_000002479fbad9f0, L_000002479fbad980, C4<1>, C4<1>;
L_000002479fbad750 .functor OR 1, L_000002479fbad910, L_000002479fbae630, C4<0>, C4<0>;
v000002479fba17c0_0 .net *"_ivl_0", 0 0, L_000002479fbae400;  1 drivers
v000002479fba1360_0 .net *"_ivl_10", 0 0, L_000002479fbad910;  1 drivers
v000002479fba0c80_0 .net *"_ivl_12", 0 0, L_000002479fbad9f0;  1 drivers
v000002479fba0d20_0 .net *"_ivl_14", 0 0, L_000002479fbae630;  1 drivers
v000002479fba0dc0_0 .net *"_ivl_4", 0 0, L_000002479fbae160;  1 drivers
v000002479fba14a0_0 .net *"_ivl_6", 0 0, L_000002479fbada60;  1 drivers
v000002479fba0fa0_0 .net *"_ivl_8", 0 0, L_000002479fbadbb0;  1 drivers
v000002479fba1040_0 .net "bin", 0 0, L_000002479fbad980;  alias, 1 drivers
v000002479fba1cc0_0 .net "bout", 0 0, L_000002479fbad750;  alias, 1 drivers
v000002479fba1400_0 .net "in0", 0 0, L_000002479fbaa2f0;  1 drivers
v000002479fba1540_0 .net "in1", 0 0, L_000002479fbaa430;  1 drivers
v000002479fba15e0_0 .net "sub", 0 0, L_000002479fbadfa0;  1 drivers
S_000002479fba0350 .scope module, "block2" "rca_sub1bit" 3 76, 3 93 0, S_000002479fba01c0;
 .timescale 0 0;
    .port_info 0 /INPUT 1 "in0";
    .port_info 1 /INPUT 1 "in1";
    .port_info 2 /INPUT 1 "bin";
    .port_info 3 /OUTPUT 1 "sub";
    .port_info 4 /OUTPUT 1 "bout";
L_000002479fbade50 .functor XOR 1, L_000002479fbaa610, L_000002479fbaa6b0, C4<0>, C4<0>;
L_000002479fbadad0 .functor XOR 1, L_000002479fbade50, L_000002479fbad750, C4<0>, C4<0>;
L_000002479fbae080 .functor NOT 1, L_000002479fbaa610, C4<0>, C4<0>, C4<0>;
L_000002479fbadc20 .functor AND 1, L_000002479fbae080, L_000002479fbaa6b0, C4<1>, C4<1>;
L_000002479fbae320 .functor AND 1, L_000002479fbaa6b0, L_000002479fbad750, C4<1>, C4<1>;
L_000002479fbae5c0 .functor OR 1, L_000002479fbadc20, L_000002479fbae320, C4<0>, C4<0>;
L_000002479fbae4e0 .functor NOT 1, L_000002479fbaa610, C4<0>, C4<0>, C4<0>;
L_000002479fbae1d0 .functor AND 1, L_000002479fbae4e0, L_000002479fbad750, C4<1>, C4<1>;
L_000002479fbae390 .functor OR 1, L_000002479fbae5c0, L_000002479fbae1d0, C4<0>, C4<0>;
v000002479fba1680_0 .net *"_ivl_0", 0 0, L_000002479fbade50;  1 drivers
v000002479fba1720_0 .net *"_ivl_10", 0 0, L_000002479fbae5c0;  1 drivers
v000002479fba1860_0 .net *"_ivl_12", 0 0, L_000002479fbae4e0;  1 drivers
v000002479fba1900_0 .net *"_ivl_14", 0 0, L_000002479fbae1d0;  1 drivers
v000002479fba1ae0_0 .net *"_ivl_4", 0 0, L_000002479fbae080;  1 drivers
v000002479fba37d0_0 .net *"_ivl_6", 0 0, L_000002479fbadc20;  1 drivers
v000002479fba4130_0 .net *"_ivl_8", 0 0, L_000002479fbae320;  1 drivers
v000002479fba3410_0 .net "bin", 0 0, L_000002479fbad750;  alias, 1 drivers
v000002479fba41d0_0 .net "bout", 0 0, L_000002479fbae390;  alias, 1 drivers
v000002479fba4590_0 .net "in0", 0 0, L_000002479fbaa610;  1 drivers
v000002479fba3b90_0 .net "in1", 0 0, L_000002479fbaa6b0;  1 drivers
v000002479fba2f10_0 .net "sub", 0 0, L_000002479fbadad0;  1 drivers
S_000002479fba04e0 .scope module, "block3" "rca_sub1bit" 3 83, 3 93 0, S_000002479fba01c0;
 .timescale 0 0;
    .port_info 0 /INPUT 1 "in0";
    .port_info 1 /INPUT 1 "in1";
    .port_info 2 /INPUT 1 "bin";
    .port_info 3 /OUTPUT 1 "sub";
    .port_info 4 /OUTPUT 1 "bout";
L_000002479fbad7c0 .functor XOR 1, L_000002479fbaa750, L_000002479fba8c70, C4<0>, C4<0>;
L_000002479fbadc90 .functor XOR 1, L_000002479fbad7c0, L_000002479fbae390, C4<0>, C4<0>;
L_000002479fbadd00 .functor NOT 1, L_000002479fbaa750, C4<0>, C4<0>, C4<0>;
L_000002479fbadd70 .functor AND 1, L_000002479fbadd00, L_000002479fba8c70, C4<1>, C4<1>;
L_000002479fbadde0 .functor AND 1, L_000002479fba8c70, L_000002479fbae390, C4<1>, C4<1>;
L_000002479fbadec0 .functor OR 1, L_000002479fbadd70, L_000002479fbadde0, C4<0>, C4<0>;
L_000002479fbb2a10 .functor NOT 1, L_000002479fbaa750, C4<0>, C4<0>, C4<0>;
L_000002479fbb24d0 .functor AND 1, L_000002479fbb2a10, L_000002479fbae390, C4<1>, C4<1>;
L_000002479fbb2ee0 .functor OR 1, L_000002479fbadec0, L_000002479fbb24d0, C4<0>, C4<0>;
v000002479fba34b0_0 .net *"_ivl_0", 0 0, L_000002479fbad7c0;  1 drivers
v000002479fba3690_0 .net *"_ivl_10", 0 0, L_000002479fbadec0;  1 drivers
v000002479fba39b0_0 .net *"_ivl_12", 0 0, L_000002479fbb2a10;  1 drivers
v000002479fba3e10_0 .net *"_ivl_14", 0 0, L_000002479fbb24d0;  1 drivers
v000002479fba2ab0_0 .net *"_ivl_4", 0 0, L_000002479fbadd00;  1 drivers
v000002479fba4270_0 .net *"_ivl_6", 0 0, L_000002479fbadd70;  1 drivers
v000002479fba2bf0_0 .net *"_ivl_8", 0 0, L_000002479fbadde0;  1 drivers
v000002479fba2fb0_0 .net "bin", 0 0, L_000002479fbae390;  alias, 1 drivers
v000002479fba30f0_0 .net "bout", 0 0, L_000002479fbb2ee0;  alias, 1 drivers
v000002479fba28d0_0 .net "in0", 0 0, L_000002479fbaa750;  1 drivers
v000002479fba3730_0 .net "in1", 0 0, L_000002479fba8c70;  1 drivers
v000002479fba3eb0_0 .net "sub", 0 0, L_000002479fbadc90;  1 drivers
    .scope S_000002479fafe250;
T_0 ;
    %vpi_call 2 19 "$dumpfile", "rcawaveform.vcd" {0 0 0};
    %vpi_call 2 20 "$dumpvars", 32'sb00000000000000000000000000000000, S_000002479fafe250 {0 0 0};
    %pushi/vec4 0, 0, 16;
    %store/vec4 v000002479fba26f0_0, 0, 16;
    %pushi/vec4 0, 0, 16;
    %store/vec4 v000002479fba2790_0, 0, 16;
    %pushi/vec4 0, 0, 1;
    %store/vec4 v000002479fba44f0_0, 0, 1;
    %delay 10000, 0;
    %vpi_call 2 26 "$display", "in0 = %b in1 = %b bin = %b || sub = %b || bout = %b", v000002479fba26f0_0, v000002479fba2790_0, v000002479fba44f0_0, v000002479fba2830_0, v000002479fba43b0_0 {0 0 0};
    %pushi/vec4 0, 0, 16;
    %store/vec4 v000002479fba26f0_0, 0, 16;
    %pushi/vec4 0, 0, 16;
    %store/vec4 v000002479fba2790_0, 0, 16;
    %pushi/vec4 1, 0, 1;
    %store/vec4 v000002479fba44f0_0, 0, 1;
    %delay 10000, 0;
    %vpi_call 2 32 "$display", "in0 = %b in1 = %b bin = %b || sub = %b || bout = %b", v000002479fba26f0_0, v000002479fba2790_0, v000002479fba44f0_0, v000002479fba2830_0, v000002479fba43b0_0 {0 0 0};
    %pushi/vec4 50, 0, 16;
    %store/vec4 v000002479fba26f0_0, 0, 16;
    %pushi/vec4 100, 0, 16;
    %store/vec4 v000002479fba2790_0, 0, 16;
    %pushi/vec4 0, 0, 1;
    %store/vec4 v000002479fba44f0_0, 0, 1;
    %delay 10000, 0;
    %vpi_call 2 38 "$display", "in0 = %b in1 = %b bin = %b || sub = %b || bout = %b", v000002479fba26f0_0, v000002479fba2790_0, v000002479fba44f0_0, v000002479fba2830_0, v000002479fba43b0_0 {0 0 0};
    %pushi/vec4 50, 0, 16;
    %store/vec4 v000002479fba26f0_0, 0, 16;
    %pushi/vec4 100, 0, 16;
    %store/vec4 v000002479fba2790_0, 0, 16;
    %pushi/vec4 1, 0, 1;
    %store/vec4 v000002479fba44f0_0, 0, 1;
    %delay 10000, 0;
    %vpi_call 2 44 "$display", "in0 = %b in1 = %b bin = %b || sub = %b || bout = %b", v000002479fba26f0_0, v000002479fba2790_0, v000002479fba44f0_0, v000002479fba2830_0, v000002479fba43b0_0 {0 0 0};
    %pushi/vec4 65535, 0, 16;
    %store/vec4 v000002479fba26f0_0, 0, 16;
    %pushi/vec4 0, 0, 16;
    %store/vec4 v000002479fba2790_0, 0, 16;
    %pushi/vec4 0, 0, 1;
    %store/vec4 v000002479fba44f0_0, 0, 1;
    %delay 10000, 0;
    %vpi_call 2 50 "$display", "in0 = %b in1 = %b bin = %b || sub = %b || bout = %b", v000002479fba26f0_0, v000002479fba2790_0, v000002479fba44f0_0, v000002479fba2830_0, v000002479fba43b0_0 {0 0 0};
    %pushi/vec4 0, 0, 16;
    %store/vec4 v000002479fba26f0_0, 0, 16;
    %pushi/vec4 65535, 0, 16;
    %store/vec4 v000002479fba2790_0, 0, 16;
    %pushi/vec4 0, 0, 1;
    %store/vec4 v000002479fba44f0_0, 0, 1;
    %delay 10000, 0;
    %vpi_call 2 56 "$display", "in0 = %b in1 = %b bin = %b || sub = %b || bout = %b", v000002479fba26f0_0, v000002479fba2790_0, v000002479fba44f0_0, v000002479fba2830_0, v000002479fba43b0_0 {0 0 0};
    %pushi/vec4 32768, 0, 16;
    %store/vec4 v000002479fba26f0_0, 0, 16;
    %pushi/vec4 32768, 0, 16;
    %store/vec4 v000002479fba2790_0, 0, 16;
    %pushi/vec4 1, 0, 1;
    %store/vec4 v000002479fba44f0_0, 0, 1;
    %delay 10000, 0;
    %vpi_call 2 62 "$display", "in0 = %b in1 = %b bin = %b || sub = %b || bout = %b", v000002479fba26f0_0, v000002479fba2790_0, v000002479fba44f0_0, v000002479fba2830_0, v000002479fba43b0_0 {0 0 0};
    %vpi_call 2 63 "$finish" {0 0 0};
    %end;
    .thread T_0;
# The file index is used to find the file name in the following table.
:file_names 4;
    "N/A";
    "<interactive>";
    "ArithmeticUnit/tb_rca_sub.v";
    "ArithmeticUnit/rca_sub.v";
